a:6:{s:3:"row";i:1;s:7:"message";s:26:"User updated successfully.";s:6:"status";b:1;s:10:"status_msg";s:7:"Success";s:7:"post_id";i:333;s:9:"post_link";a:2:{s:8:"edit_url";s:86:"https://lujayninfoways.a2hosted.com/testing_camnerg/wp-admin/user-edit.php?user_id=333";s:5:"title";s:20:"s.bhandarkavathe.239";}}
a:6:{s:3:"row";i:2;s:7:"message";s:26:"User updated successfully.";s:6:"status";b:1;s:10:"status_msg";s:7:"Success";s:7:"post_id";i:399;s:9:"post_link";a:2:{s:8:"edit_url";s:86:"https://lujayninfoways.a2hosted.com/testing_camnerg/wp-admin/user-edit.php?user_id=399";s:5:"title";s:13:"s.breitenbach";}}
a:6:{s:3:"row";i:3;s:7:"message";s:26:"User updated successfully.";s:6:"status";b:1;s:10:"status_msg";s:7:"Success";s:7:"post_id";i:222;s:9:"post_link";a:2:{s:8:"edit_url";s:86:"https://lujayninfoways.a2hosted.com/testing_camnerg/wp-admin/user-edit.php?user_id=222";s:5:"title";s:9:"s.dixon.2";}}
a:6:{s:3:"row";i:4;s:7:"message";s:26:"User updated successfully.";s:6:"status";b:1;s:10:"status_msg";s:7:"Success";s:7:"post_id";i:275;s:9:"post_link";a:2:{s:8:"edit_url";s:86:"https://lujayninfoways.a2hosted.com/testing_camnerg/wp-admin/user-edit.php?user_id=275";s:5:"title";s:8:"s.hair20";}}
a:6:{s:3:"row";i:5;s:7:"message";s:26:"User updated successfully.";s:6:"status";b:1;s:10:"status_msg";s:7:"Success";s:7:"post_id";i:401;s:9:"post_link";a:2:{s:8:"edit_url";s:86:"https://lujayninfoways.a2hosted.com/testing_camnerg/wp-admin/user-edit.php?user_id=401";s:5:"title";s:14:"s.sambaraj.717";}}
a:6:{s:3:"row";i:6;s:7:"message";s:26:"User updated successfully.";s:6:"status";b:1;s:10:"status_msg";s:7:"Success";s:7:"post_id";i:494;s:9:"post_link";a:2:{s:8:"edit_url";s:86:"https://lujayninfoways.a2hosted.com/testing_camnerg/wp-admin/user-edit.php?user_id=494";s:5:"title";s:10:"s.schoener";}}
a:6:{s:3:"row";i:7;s:7:"message";s:26:"User updated successfully.";s:6:"status";b:1;s:10:"status_msg";s:7:"Success";s:7:"post_id";i:298;s:9:"post_link";a:2:{s:8:"edit_url";s:86:"https://lujayninfoways.a2hosted.com/testing_camnerg/wp-admin/user-edit.php?user_id=298";s:5:"title";s:12:"s.srivastava";}}
a:6:{s:3:"row";i:8;s:7:"message";s:26:"User updated successfully.";s:6:"status";b:1;s:10:"status_msg";s:7:"Success";s:7:"post_id";i:73;s:9:"post_link";a:2:{s:8:"edit_url";s:85:"https://lujayninfoways.a2hosted.com/testing_camnerg/wp-admin/user-edit.php?user_id=73";s:5:"title";s:10:"s.tuladhar";}}
a:6:{s:3:"row";i:9;s:7:"message";s:26:"User updated successfully.";s:6:"status";b:1;s:10:"status_msg";s:7:"Success";s:7:"post_id";i:706;s:9:"post_link";a:2:{s:8:"edit_url";s:86:"https://lujayninfoways.a2hosted.com/testing_camnerg/wp-admin/user-edit.php?user_id=706";s:5:"title";s:12:"s.warrington";}}
a:6:{s:3:"row";i:10;s:7:"message";s:26:"User updated successfully.";s:6:"status";b:1;s:10:"status_msg";s:7:"Success";s:7:"post_id";i:708;s:9:"post_link";a:2:{s:8:"edit_url";s:86:"https://lujayninfoways.a2hosted.com/testing_camnerg/wp-admin/user-edit.php?user_id=708";s:5:"title";s:6:"s05sd2";}}
a:6:{s:3:"row";i:11;s:7:"message";s:26:"User updated successfully.";s:6:"status";b:1;s:10:"status_msg";s:7:"Success";s:7:"post_id";i:479;s:9:"post_link";a:2:{s:8:"edit_url";s:86:"https://lujayninfoways.a2hosted.com/testing_camnerg/wp-admin/user-edit.php?user_id=479";s:5:"title";s:8:"s2266334";}}
a:6:{s:3:"row";i:12;s:7:"message";s:26:"User updated successfully.";s:6:"status";b:1;s:10:"status_msg";s:7:"Success";s:7:"post_id";i:821;s:9:"post_link";a:2:{s:8:"edit_url";s:86:"https://lujayninfoways.a2hosted.com/testing_camnerg/wp-admin/user-edit.php?user_id=821";s:5:"title";s:12:"saeed.tabaei";}}
a:6:{s:3:"row";i:13;s:7:"message";s:26:"User updated successfully.";s:6:"status";b:1;s:10:"status_msg";s:7:"Success";s:7:"post_id";i:270;s:9:"post_link";a:2:{s:8:"edit_url";s:86:"https://lujayninfoways.a2hosted.com/testing_camnerg/wp-admin/user-edit.php?user_id=270";s:5:"title";s:11:"saerom.jang";}}
a:6:{s:3:"row";i:14;s:7:"message";s:26:"User updated successfully.";s:6:"status";b:1;s:10:"status_msg";s:7:"Success";s:7:"post_id";i:634;s:9:"post_link";a:2:{s:8:"edit_url";s:86:"https://lujayninfoways.a2hosted.com/testing_camnerg/wp-admin/user-edit.php?user_id=634";s:5:"title";s:7:"salesgr";}}
a:6:{s:3:"row";i:15;s:7:"message";s:26:"User updated successfully.";s:6:"status";b:1;s:10:"status_msg";s:7:"Success";s:7:"post_id";i:300;s:9:"post_link";a:2:{s:8:"edit_url";s:86:"https://lujayninfoways.a2hosted.com/testing_camnerg/wp-admin/user-edit.php?user_id=300";s:5:"title";s:7:"saligna";}}
a:6:{s:3:"row";i:16;s:7:"message";s:26:"User updated successfully.";s:6:"status";b:1;s:10:"status_msg";s:7:"Success";s:7:"post_id";i:645;s:9:"post_link";a:2:{s:8:"edit_url";s:86:"https://lujayninfoways.a2hosted.com/testing_camnerg/wp-admin/user-edit.php?user_id=645";s:5:"title";s:6:"salves";}}
a:6:{s:3:"row";i:17;s:7:"message";s:26:"User updated successfully.";s:6:"status";b:1;s:10:"status_msg";s:7:"Success";s:7:"post_id";i:504;s:9:"post_link";a:2:{s:8:"edit_url";s:86:"https://lujayninfoways.a2hosted.com/testing_camnerg/wp-admin/user-edit.php?user_id=504";s:5:"title";s:14:"samantha.leask";}}
a:6:{s:3:"row";i:18;s:7:"message";s:26:"User updated successfully.";s:6:"status";b:1;s:10:"status_msg";s:7:"Success";s:7:"post_id";i:718;s:9:"post_link";a:2:{s:8:"edit_url";s:86:"https://lujayninfoways.a2hosted.com/testing_camnerg/wp-admin/user-edit.php?user_id=718";s:5:"title";s:14:"samantha.newby";}}
a:6:{s:3:"row";i:19;s:7:"message";s:26:"User updated successfully.";s:6:"status";b:1;s:10:"status_msg";s:7:"Success";s:7:"post_id";i:328;s:9:"post_link";a:2:{s:8:"edit_url";s:86:"https://lujayninfoways.a2hosted.com/testing_camnerg/wp-admin/user-edit.php?user_id=328";s:5:"title";s:15:"samantha.rivera";}}
a:6:{s:3:"row";i:20;s:7:"message";s:26:"User updated successfully.";s:6:"status";b:1;s:10:"status_msg";s:7:"Success";s:7:"post_id";i:676;s:9:"post_link";a:2:{s:8:"edit_url";s:86:"https://lujayninfoways.a2hosted.com/testing_camnerg/wp-admin/user-edit.php?user_id=676";s:5:"title";s:12:"samuel.macey";}}
a:6:{s:3:"row";i:21;s:7:"message";s:26:"User updated successfully.";s:6:"status";b:1;s:10:"status_msg";s:7:"Success";s:7:"post_id";i:626;s:9:"post_link";a:2:{s:8:"edit_url";s:86:"https://lujayninfoways.a2hosted.com/testing_camnerg/wp-admin/user-edit.php?user_id=626";s:5:"title";s:13:"sandaruwanrdl";}}
a:6:{s:3:"row";i:22;s:7:"message";s:26:"User updated successfully.";s:6:"status";b:1;s:10:"status_msg";s:7:"Success";s:7:"post_id";i:711;s:9:"post_link";a:2:{s:8:"edit_url";s:86:"https://lujayninfoways.a2hosted.com/testing_camnerg/wp-admin/user-edit.php?user_id=711";s:5:"title";s:11:"sanjit.saha";}}
a:6:{s:3:"row";i:23;s:7:"message";s:26:"User updated successfully.";s:6:"status";b:1;s:10:"status_msg";s:7:"Success";s:7:"post_id";i:548;s:9:"post_link";a:2:{s:8:"edit_url";s:86:"https://lujayninfoways.a2hosted.com/testing_camnerg/wp-admin/user-edit.php?user_id=548";s:5:"title";s:15:"santiagoedinger";}}
a:6:{s:3:"row";i:24;s:7:"message";s:26:"User updated successfully.";s:6:"status";b:1;s:10:"status_msg";s:7:"Success";s:7:"post_id";i:340;s:9:"post_link";a:2:{s:8:"edit_url";s:86:"https://lujayninfoways.a2hosted.com/testing_camnerg/wp-admin/user-edit.php?user_id=340";s:5:"title";s:12:"saqib2074346";}}
a:6:{s:3:"row";i:25;s:7:"message";s:26:"User updated successfully.";s:6:"status";b:1;s:10:"status_msg";s:7:"Success";s:7:"post_id";i:391;s:9:"post_link";a:2:{s:8:"edit_url";s:86:"https://lujayninfoways.a2hosted.com/testing_camnerg/wp-admin/user-edit.php?user_id=391";s:5:"title";s:22:"satheesh.krishnamurthy";}}
a:6:{s:3:"row";i:26;s:7:"message";s:26:"User updated successfully.";s:6:"status";b:1;s:10:"status_msg";s:7:"Success";s:7:"post_id";i:353;s:9:"post_link";a:2:{s:8:"edit_url";s:86:"https://lujayninfoways.a2hosted.com/testing_camnerg/wp-admin/user-edit.php?user_id=353";s:5:"title";s:10:"sathiyaraj";}}
a:6:{s:3:"row";i:27;s:7:"message";s:26:"User updated successfully.";s:6:"status";b:1;s:10:"status_msg";s:7:"Success";s:7:"post_id";i:822;s:9:"post_link";a:2:{s:8:"edit_url";s:86:"https://lujayninfoways.a2hosted.com/testing_camnerg/wp-admin/user-edit.php?user_id=822";s:5:"title";s:13:"saurabh.bopte";}}
a:6:{s:3:"row";i:28;s:7:"message";s:26:"User updated successfully.";s:6:"status";b:1;s:10:"status_msg";s:7:"Success";s:7:"post_id";i:629;s:9:"post_link";a:2:{s:8:"edit_url";s:86:"https://lujayninfoways.a2hosted.com/testing_camnerg/wp-admin/user-edit.php?user_id=629";s:5:"title";s:6:"sbleyl";}}
a:6:{s:3:"row";i:29;s:7:"message";s:26:"User updated successfully.";s:6:"status";b:1;s:10:"status_msg";s:7:"Success";s:7:"post_id";i:752;s:9:"post_link";a:2:{s:8:"edit_url";s:86:"https://lujayninfoways.a2hosted.com/testing_camnerg/wp-admin/user-edit.php?user_id=752";s:5:"title";s:10:"schroedner";}}
a:6:{s:3:"row";i:30;s:7:"message";s:26:"User updated successfully.";s:6:"status";b:1;s:10:"status_msg";s:7:"Success";s:7:"post_id";i:212;s:9:"post_link";a:2:{s:8:"edit_url";s:86:"https://lujayninfoways.a2hosted.com/testing_camnerg/wp-admin/user-edit.php?user_id=212";s:5:"title";s:6:"scidaa";}}
a:6:{s:3:"row";i:31;s:7:"message";s:26:"User updated successfully.";s:6:"status";b:1;s:10:"status_msg";s:7:"Success";s:7:"post_id";i:191;s:9:"post_link";a:2:{s:8:"edit_url";s:86:"https://lujayninfoways.a2hosted.com/testing_camnerg/wp-admin/user-edit.php?user_id=191";s:5:"title";s:9:"sckim.916";}}
a:6:{s:3:"row";i:32;s:7:"message";s:26:"User updated successfully.";s:6:"status";b:1;s:10:"status_msg";s:7:"Success";s:7:"post_id";i:823;s:9:"post_link";a:2:{s:8:"edit_url";s:86:"https://lujayninfoways.a2hosted.com/testing_camnerg/wp-admin/user-edit.php?user_id=823";s:5:"title";s:15:"scmate17brendon";}}
a:6:{s:3:"row";i:33;s:7:"message";s:26:"User updated successfully.";s:6:"status";b:1;s:10:"status_msg";s:7:"Success";s:7:"post_id";i:172;s:9:"post_link";a:2:{s:8:"edit_url";s:86:"https://lujayninfoways.a2hosted.com/testing_camnerg/wp-admin/user-edit.php?user_id=172";s:5:"title";s:15:"sebastian.klick";}}
a:6:{s:3:"row";i:34;s:7:"message";s:26:"User updated successfully.";s:6:"status";b:1;s:10:"status_msg";s:7:"Success";s:7:"post_id";i:225;s:9:"post_link";a:2:{s:8:"edit_url";s:86:"https://lujayninfoways.a2hosted.com/testing_camnerg/wp-admin/user-edit.php?user_id=225";s:5:"title";s:6:"sergey";}}
a:6:{s:3:"row";i:35;s:7:"message";s:26:"User updated successfully.";s:6:"status";b:1;s:10:"status_msg";s:7:"Success";s:7:"post_id";i:486;s:9:"post_link";a:2:{s:8:"edit_url";s:86:"https://lujayninfoways.a2hosted.com/testing_camnerg/wp-admin/user-edit.php?user_id=486";s:5:"title";s:13:"seung.h.chung";}}
a:6:{s:3:"row";i:36;s:7:"message";s:26:"User updated successfully.";s:6:"status";b:1;s:10:"status_msg";s:7:"Success";s:7:"post_id";i:374;s:9:"post_link";a:2:{s:8:"edit_url";s:86:"https://lujayninfoways.a2hosted.com/testing_camnerg/wp-admin/user-edit.php?user_id=374";s:5:"title";s:10:"sgmmohamed";}}
a:6:{s:3:"row";i:37;s:7:"message";s:26:"User updated successfully.";s:6:"status";b:1;s:10:"status_msg";s:7:"Success";s:7:"post_id";i:102;s:9:"post_link";a:2:{s:8:"edit_url";s:86:"https://lujayninfoways.a2hosted.com/testing_camnerg/wp-admin/user-edit.php?user_id=102";s:5:"title";s:12:"shalini.iyer";}}
a:6:{s:3:"row";i:38;s:7:"message";s:26:"User updated successfully.";s:6:"status";b:1;s:10:"status_msg";s:7:"Success";s:7:"post_id";i:759;s:9:"post_link";a:2:{s:8:"edit_url";s:86:"https://lujayninfoways.a2hosted.com/testing_camnerg/wp-admin/user-edit.php?user_id=759";s:5:"title";s:12:"shalu29singh";}}
a:6:{s:3:"row";i:39;s:7:"message";s:26:"User updated successfully.";s:6:"status";b:1;s:10:"status_msg";s:7:"Success";s:7:"post_id";i:683;s:9:"post_link";a:2:{s:8:"edit_url";s:86:"https://lujayninfoways.a2hosted.com/testing_camnerg/wp-admin/user-edit.php?user_id=683";s:5:"title";s:5:"shaul";}}
a:6:{s:3:"row";i:40;s:7:"message";s:26:"User updated successfully.";s:6:"status";b:1;s:10:"status_msg";s:7:"Success";s:7:"post_id";i:314;s:9:"post_link";a:2:{s:8:"edit_url";s:86:"https://lujayninfoways.a2hosted.com/testing_camnerg/wp-admin/user-edit.php?user_id=314";s:5:"title";s:14:"shawn.zografos";}}
a:6:{s:3:"row";i:41;s:7:"message";s:26:"User updated successfully.";s:6:"status";b:1;s:10:"status_msg";s:7:"Success";s:7:"post_id";i:232;s:9:"post_link";a:2:{s:8:"edit_url";s:86:"https://lujayninfoways.a2hosted.com/testing_camnerg/wp-admin/user-edit.php?user_id=232";s:5:"title";s:14:"shayan.seyedin";}}
a:6:{s:3:"row";i:42;s:7:"message";s:26:"User updated successfully.";s:6:"status";b:1;s:10:"status_msg";s:7:"Success";s:7:"post_id";i:451;s:9:"post_link";a:2:{s:8:"edit_url";s:86:"https://lujayninfoways.a2hosted.com/testing_camnerg/wp-admin/user-edit.php?user_id=451";s:5:"title";s:14:"shaygoodenough";}}
a:6:{s:3:"row";i:43;s:7:"message";s:26:"User updated successfully.";s:6:"status";b:1;s:10:"status_msg";s:7:"Success";s:7:"post_id";i:46;s:9:"post_link";a:2:{s:8:"edit_url";s:85:"https://lujayninfoways.a2hosted.com/testing_camnerg/wp-admin/user-edit.php?user_id=46";s:5:"title";s:10:"shigashiya";}}
a:6:{s:3:"row";i:44;s:7:"message";s:26:"User updated successfully.";s:6:"status";b:1;s:10:"status_msg";s:7:"Success";s:7:"post_id";i:448;s:9:"post_link";a:2:{s:8:"edit_url";s:86:"https://lujayninfoways.a2hosted.com/testing_camnerg/wp-admin/user-edit.php?user_id=448";s:5:"title";s:20:"shijildamodharan2012";}}
a:6:{s:3:"row";i:45;s:7:"message";s:26:"User updated successfully.";s:6:"status";b:1;s:10:"status_msg";s:7:"Success";s:7:"post_id";i:243;s:9:"post_link";a:2:{s:8:"edit_url";s:86:"https://lujayninfoways.a2hosted.com/testing_camnerg/wp-admin/user-edit.php?user_id=243";s:5:"title";s:12:"shikha.singh";}}
a:6:{s:3:"row";i:46;s:7:"message";s:26:"User updated successfully.";s:6:"status";b:1;s:10:"status_msg";s:7:"Success";s:7:"post_id";i:463;s:9:"post_link";a:2:{s:8:"edit_url";s:86:"https://lujayninfoways.a2hosted.com/testing_camnerg/wp-admin/user-edit.php?user_id=463";s:5:"title";s:6:"shined";}}
a:6:{s:3:"row";i:47;s:7:"message";s:26:"User updated successfully.";s:6:"status";b:1;s:10:"status_msg";s:7:"Success";s:7:"post_id";i:607;s:9:"post_link";a:2:{s:8:"edit_url";s:86:"https://lujayninfoways.a2hosted.com/testing_camnerg/wp-admin/user-edit.php?user_id=607";s:5:"title";s:9:"shucksjay";}}
a:6:{s:3:"row";i:48;s:7:"message";s:26:"User updated successfully.";s:6:"status";b:1;s:10:"status_msg";s:7:"Success";s:7:"post_id";i:484;s:9:"post_link";a:2:{s:8:"edit_url";s:86:"https://lujayninfoways.a2hosted.com/testing_camnerg/wp-admin/user-edit.php?user_id=484";s:5:"title";s:17:"siddhartha.vuttla";}}
a:6:{s:3:"row";i:49;s:7:"message";s:26:"User updated successfully.";s:6:"status";b:1;s:10:"status_msg";s:7:"Success";s:7:"post_id";i:641;s:9:"post_link";a:2:{s:8:"edit_url";s:86:"https://lujayninfoways.a2hosted.com/testing_camnerg/wp-admin/user-edit.php?user_id=641";s:5:"title";s:14:"simone.minelli";}}
a:6:{s:3:"row";i:50;s:7:"message";s:26:"User updated successfully.";s:6:"status";b:1;s:10:"status_msg";s:7:"Success";s:7:"post_id";i:573;s:9:"post_link";a:2:{s:8:"edit_url";s:86:"https://lujayninfoways.a2hosted.com/testing_camnerg/wp-admin/user-edit.php?user_id=573";s:5:"title";s:7:"sinaabd";}}
a:6:{s:3:"row";i:51;s:7:"message";s:26:"User updated successfully.";s:6:"status";b:1;s:10:"status_msg";s:7:"Success";s:7:"post_id";i:264;s:9:"post_link";a:2:{s:8:"edit_url";s:86:"https://lujayninfoways.a2hosted.com/testing_camnerg/wp-admin/user-edit.php?user_id=264";s:5:"title";s:12:"skulkarni219";}}
a:6:{s:3:"row";i:52;s:7:"message";s:26:"User updated successfully.";s:6:"status";b:1;s:10:"status_msg";s:7:"Success";s:7:"post_id";i:824;s:9:"post_link";a:2:{s:8:"edit_url";s:86:"https://lujayninfoways.a2hosted.com/testing_camnerg/wp-admin/user-edit.php?user_id=824";s:5:"title";s:2:"sn";}}
a:6:{s:3:"row";i:53;s:7:"message";s:26:"User updated successfully.";s:6:"status";b:1;s:10:"status_msg";s:7:"Success";s:7:"post_id";i:825;s:9:"post_link";a:2:{s:8:"edit_url";s:86:"https://lujayninfoways.a2hosted.com/testing_camnerg/wp-admin/user-edit.php?user_id=825";s:5:"title";s:5:"so472";}}
a:6:{s:3:"row";i:54;s:7:"message";s:26:"User updated successfully.";s:6:"status";b:1;s:10:"status_msg";s:7:"Success";s:7:"post_id";i:402;s:9:"post_link";a:2:{s:8:"edit_url";s:86:"https://lujayninfoways.a2hosted.com/testing_camnerg/wp-admin/user-edit.php?user_id=402";s:5:"title";s:21:"sofia.desousacoutinho";}}
a:6:{s:3:"row";i:55;s:7:"message";s:26:"User updated successfully.";s:6:"status";b:1;s:10:"status_msg";s:7:"Success";s:7:"post_id";i:808;s:9:"post_link";a:2:{s:8:"edit_url";s:86:"https://lujayninfoways.a2hosted.com/testing_camnerg/wp-admin/user-edit.php?user_id=808";s:5:"title";s:5:"soham";}}
a:6:{s:3:"row";i:56;s:7:"message";s:26:"User updated successfully.";s:6:"status";b:1;s:10:"status_msg";s:7:"Success";s:7:"post_id";i:14;s:9:"post_link";a:2:{s:8:"edit_url";s:85:"https://lujayninfoways.a2hosted.com/testing_camnerg/wp-admin/user-edit.php?user_id=14";s:5:"title";s:16:"somethingabout30";}}
a:6:{s:3:"row";i:57;s:7:"message";s:26:"User updated successfully.";s:6:"status";b:1;s:10:"status_msg";s:7:"Success";s:7:"post_id";i:29;s:9:"post_link";a:2:{s:8:"edit_url";s:85:"https://lujayninfoways.a2hosted.com/testing_camnerg/wp-admin/user-edit.php?user_id=29";s:5:"title";s:11:"sonia.foley";}}
a:6:{s:3:"row";i:58;s:7:"message";s:26:"User updated successfully.";s:6:"status";b:1;s:10:"status_msg";s:7:"Success";s:7:"post_id";i:295;s:9:"post_link";a:2:{s:8:"edit_url";s:86:"https://lujayninfoways.a2hosted.com/testing_camnerg/wp-admin/user-edit.php?user_id=295";s:5:"title";s:15:"sonigarakeval14";}}
a:6:{s:3:"row";i:59;s:7:"message";s:26:"User updated successfully.";s:6:"status";b:1;s:10:"status_msg";s:7:"Success";s:7:"post_id";i:266;s:9:"post_link";a:2:{s:8:"edit_url";s:86:"https://lujayninfoways.a2hosted.com/testing_camnerg/wp-admin/user-edit.php?user_id=266";s:5:"title";s:11:"soochan.kim";}}
a:6:{s:3:"row";i:60;s:7:"message";s:26:"User updated successfully.";s:6:"status";b:1;s:10:"status_msg";s:7:"Success";s:7:"post_id";i:624;s:9:"post_link";a:2:{s:8:"edit_url";s:86:"https://lujayninfoways.a2hosted.com/testing_camnerg/wp-admin/user-edit.php?user_id=624";s:5:"title";s:9:"souroualb";}}
a:6:{s:3:"row";i:61;s:7:"message";s:26:"User updated successfully.";s:6:"status";b:1;s:10:"status_msg";s:7:"Success";s:7:"post_id";i:747;s:9:"post_link";a:2:{s:8:"edit_url";s:86:"https://lujayninfoways.a2hosted.com/testing_camnerg/wp-admin/user-edit.php?user_id=747";s:5:"title";s:7:"spencer";}}
a:6:{s:3:"row";i:62;s:7:"message";s:26:"User updated successfully.";s:6:"status";b:1;s:10:"status_msg";s:7:"Success";s:7:"post_id";i:719;s:9:"post_link";a:2:{s:8:"edit_url";s:86:"https://lujayninfoways.a2hosted.com/testing_camnerg/wp-admin/user-edit.php?user_id=719";s:5:"title";s:6:"sperez";}}
a:6:{s:3:"row";i:63;s:7:"message";s:26:"User updated successfully.";s:6:"status";b:1;s:10:"status_msg";s:7:"Success";s:7:"post_id";i:525;s:9:"post_link";a:2:{s:8:"edit_url";s:86:"https://lujayninfoways.a2hosted.com/testing_camnerg/wp-admin/user-edit.php?user_id=525";s:5:"title";s:11:"spitimastui";}}
a:6:{s:3:"row";i:64;s:7:"message";s:26:"User updated successfully.";s:6:"status";b:1;s:10:"status_msg";s:7:"Success";s:7:"post_id";i:771;s:9:"post_link";a:2:{s:8:"edit_url";s:86:"https://lujayninfoways.a2hosted.com/testing_camnerg/wp-admin/user-edit.php?user_id=771";s:5:"title";s:8:"srikank2";}}
a:6:{s:3:"row";i:65;s:7:"message";s:26:"User updated successfully.";s:6:"status";b:1;s:10:"status_msg";s:7:"Success";s:7:"post_id";i:253;s:9:"post_link";a:2:{s:8:"edit_url";s:86:"https://lujayninfoways.a2hosted.com/testing_camnerg/wp-admin/user-edit.php?user_id=253";s:5:"title";s:6:"stefik";}}
a:6:{s:3:"row";i:66;s:7:"message";s:26:"User updated successfully.";s:6:"status";b:1;s:10:"status_msg";s:7:"Success";s:7:"post_id";i:426;s:9:"post_link";a:2:{s:8:"edit_url";s:86:"https://lujayninfoways.a2hosted.com/testing_camnerg/wp-admin/user-edit.php?user_id=426";s:5:"title";s:20:"stephanie.wagenpfeil";}}
a:6:{s:3:"row";i:67;s:7:"message";s:26:"User updated successfully.";s:6:"status";b:1;s:10:"status_msg";s:7:"Success";s:7:"post_id";i:574;s:9:"post_link";a:2:{s:8:"edit_url";s:86:"https://lujayninfoways.a2hosted.com/testing_camnerg/wp-admin/user-edit.php?user_id=574";s:5:"title";s:5:"steve";}}
a:6:{s:3:"row";i:68;s:7:"message";s:26:"User updated successfully.";s:6:"status";b:1;s:10:"status_msg";s:7:"Success";s:7:"post_id";i:173;s:9:"post_link";a:2:{s:8:"edit_url";s:86:"https://lujayninfoways.a2hosted.com/testing_camnerg/wp-admin/user-edit.php?user_id=173";s:5:"title";s:10:"steven.hay";}}
a:6:{s:3:"row";i:69;s:7:"message";s:26:"User updated successfully.";s:6:"status";b:1;s:10:"status_msg";s:7:"Success";s:7:"post_id";i:685;s:9:"post_link";a:2:{s:8:"edit_url";s:86:"https://lujayninfoways.a2hosted.com/testing_camnerg/wp-admin/user-edit.php?user_id=685";s:5:"title";s:13:"steven.thomas";}}
a:6:{s:3:"row";i:70;s:7:"message";s:26:"User updated successfully.";s:6:"status";b:1;s:10:"status_msg";s:7:"Success";s:7:"post_id";i:357;s:9:"post_link";a:2:{s:8:"edit_url";s:86:"https://lujayninfoways.a2hosted.com/testing_camnerg/wp-admin/user-edit.php?user_id=357";s:5:"title";s:13:"stevendtj1995";}}
a:6:{s:3:"row";i:71;s:7:"message";s:26:"User updated successfully.";s:6:"status";b:1;s:10:"status_msg";s:7:"Success";s:7:"post_id";i:482;s:9:"post_link";a:2:{s:8:"edit_url";s:86:"https://lujayninfoways.a2hosted.com/testing_camnerg/wp-admin/user-edit.php?user_id=482";s:5:"title";s:12:"stevenlee973";}}
a:6:{s:3:"row";i:72;s:7:"message";s:26:"User updated successfully.";s:6:"status";b:1;s:10:"status_msg";s:7:"Success";s:7:"post_id";i:146;s:9:"post_link";a:2:{s:8:"edit_url";s:86:"https://lujayninfoways.a2hosted.com/testing_camnerg/wp-admin/user-edit.php?user_id=146";s:5:"title";s:15:"stijn.de.belder";}}
a:6:{s:3:"row";i:73;s:7:"message";s:26:"User updated successfully.";s:6:"status";b:1;s:10:"status_msg";s:7:"Success";s:7:"post_id";i:326;s:9:"post_link";a:2:{s:8:"edit_url";s:86:"https://lujayninfoways.a2hosted.com/testing_camnerg/wp-admin/user-edit.php?user_id=326";s:5:"title";s:12:"stiven.lopez";}}
a:6:{s:3:"row";i:74;s:7:"message";s:26:"User updated successfully.";s:6:"status";b:1;s:10:"status_msg";s:7:"Success";s:7:"post_id";i:767;s:9:"post_link";a:2:{s:8:"edit_url";s:86:"https://lujayninfoways.a2hosted.com/testing_camnerg/wp-admin/user-edit.php?user_id=767";s:5:"title";s:7:"stt.sbt";}}
a:6:{s:3:"row";i:75;s:7:"message";s:26:"User updated successfully.";s:6:"status";b:1;s:10:"status_msg";s:7:"Success";s:7:"post_id";i:301;s:9:"post_link";a:2:{s:8:"edit_url";s:86:"https://lujayninfoways.a2hosted.com/testing_camnerg/wp-admin/user-edit.php?user_id=301";s:5:"title";s:12:"stu-brindhar";}}
a:6:{s:3:"row";i:76;s:7:"message";s:26:"User updated successfully.";s:6:"status";b:1;s:10:"status_msg";s:7:"Success";s:7:"post_id";i:564;s:9:"post_link";a:2:{s:8:"edit_url";s:86:"https://lujayninfoways.a2hosted.com/testing_camnerg/wp-admin/user-edit.php?user_id=564";s:5:"title";s:13:"subrata.ghosh";}}
a:6:{s:3:"row";i:77;s:7:"message";s:26:"User updated successfully.";s:6:"status";b:1;s:10:"status_msg";s:7:"Success";s:7:"post_id";i:217;s:9:"post_link";a:2:{s:8:"edit_url";s:86:"https://lujayninfoways.a2hosted.com/testing_camnerg/wp-admin/user-edit.php?user_id=217";s:5:"title";s:8:"sudhakar";}}
a:6:{s:3:"row";i:78;s:7:"message";s:26:"User updated successfully.";s:6:"status";b:1;s:10:"status_msg";s:7:"Success";s:7:"post_id";i:207;s:9:"post_link";a:2:{s:8:"edit_url";s:86:"https://lujayninfoways.a2hosted.com/testing_camnerg/wp-admin/user-edit.php?user_id=207";s:5:"title";s:11:"sunyhik.ahn";}}
a:6:{s:3:"row";i:79;s:7:"message";s:26:"User updated successfully.";s:6:"status";b:1;s:10:"status_msg";s:7:"Success";s:7:"post_id";i:614;s:9:"post_link";a:2:{s:8:"edit_url";s:86:"https://lujayninfoways.a2hosted.com/testing_camnerg/wp-admin/user-edit.php?user_id=614";s:5:"title";s:14:"surajkumar0421";}}
a:6:{s:3:"row";i:80;s:7:"message";s:26:"User updated successfully.";s:6:"status";b:1;s:10:"status_msg";s:7:"Success";s:7:"post_id";i:447;s:9:"post_link";a:2:{s:8:"edit_url";s:86:"https://lujayninfoways.a2hosted.com/testing_camnerg/wp-admin/user-edit.php?user_id=447";s:5:"title";s:13:"susana.suttor";}}
a:6:{s:3:"row";i:81;s:7:"message";s:26:"User updated successfully.";s:6:"status";b:1;s:10:"status_msg";s:7:"Success";s:7:"post_id";i:229;s:9:"post_link";a:2:{s:8:"edit_url";s:86:"https://lujayninfoways.a2hosted.com/testing_camnerg/wp-admin/user-edit.php?user_id=229";s:5:"title";s:9:"syamsai.r";}}
a:6:{s:3:"row";i:82;s:7:"message";s:26:"User updated successfully.";s:6:"status";b:1;s:10:"status_msg";s:7:"Success";s:7:"post_id";i:512;s:9:"post_link";a:2:{s:8:"edit_url";s:86:"https://lujayninfoways.a2hosted.com/testing_camnerg/wp-admin/user-edit.php?user_id=512";s:5:"title";s:11:"t.a.vincent";}}
a:6:{s:3:"row";i:83;s:7:"message";s:26:"User updated successfully.";s:6:"status";b:1;s:10:"status_msg";s:7:"Success";s:7:"post_id";i:24;s:9:"post_link";a:2:{s:8:"edit_url";s:85:"https://lujayninfoways.a2hosted.com/testing_camnerg/wp-admin/user-edit.php?user_id=24";s:5:"title";s:8:"t.ashton";}}
a:6:{s:3:"row";i:84;s:7:"message";s:26:"User updated successfully.";s:6:"status";b:1;s:10:"status_msg";s:7:"Success";s:7:"post_id";i:816;s:9:"post_link";a:2:{s:8:"edit_url";s:86:"https://lujayninfoways.a2hosted.com/testing_camnerg/wp-admin/user-edit.php?user_id=816";s:5:"title";s:9:"t.neville";}}
a:6:{s:3:"row";i:85;s:7:"message";s:26:"User updated successfully.";s:6:"status";b:1;s:10:"status_msg";s:7:"Success";s:7:"post_id";i:257;s:9:"post_link";a:2:{s:8:"edit_url";s:86:"https://lujayninfoways.a2hosted.com/testing_camnerg/wp-admin/user-edit.php?user_id=257";s:5:"title";s:8:"t.rommel";}}
a:6:{s:3:"row";i:86;s:7:"message";s:26:"User updated successfully.";s:6:"status";b:1;s:10:"status_msg";s:7:"Success";s:7:"post_id";i:286;s:9:"post_link";a:2:{s:8:"edit_url";s:86:"https://lujayninfoways.a2hosted.com/testing_camnerg/wp-admin/user-edit.php?user_id=286";s:5:"title";s:13:"t.sedlatschek";}}
a:6:{s:3:"row";i:87;s:7:"message";s:26:"User updated successfully.";s:6:"status";b:1;s:10:"status_msg";s:7:"Success";s:7:"post_id";i:204;s:9:"post_link";a:2:{s:8:"edit_url";s:86:"https://lujayninfoways.a2hosted.com/testing_camnerg/wp-admin/user-edit.php?user_id=204";s:5:"title";s:16:"taisiia.berestok";}}
a:6:{s:3:"row";i:88;s:7:"message";s:26:"User updated successfully.";s:6:"status";b:1;s:10:"status_msg";s:7:"Success";s:7:"post_id";i:766;s:9:"post_link";a:2:{s:8:"edit_url";s:86:"https://lujayninfoways.a2hosted.com/testing_camnerg/wp-admin/user-edit.php?user_id=766";s:5:"title";s:2:"tc";}}
a:6:{s:3:"row";i:89;s:7:"message";s:26:"User updated successfully.";s:6:"status";b:1;s:10:"status_msg";s:7:"Success";s:7:"post_id";i:153;s:9:"post_link";a:2:{s:8:"edit_url";s:86:"https://lujayninfoways.a2hosted.com/testing_camnerg/wp-admin/user-edit.php?user_id=153";s:5:"title";s:14:"temple.douglas";}}
a:6:{s:3:"row";i:90;s:7:"message";s:26:"User updated successfully.";s:6:"status";b:1;s:10:"status_msg";s:7:"Success";s:7:"post_id";i:721;s:9:"post_link";a:2:{s:8:"edit_url";s:86:"https://lujayninfoways.a2hosted.com/testing_camnerg/wp-admin/user-edit.php?user_id=721";s:5:"title";s:2:"th";}}
a:6:{s:3:"row";i:91;s:7:"message";s:26:"User updated successfully.";s:6:"status";b:1;s:10:"status_msg";s:7:"Success";s:7:"post_id";i:396;s:9:"post_link";a:2:{s:8:"edit_url";s:86:"https://lujayninfoways.a2hosted.com/testing_camnerg/wp-admin/user-edit.php?user_id=396";s:5:"title";s:12:"thanhmai2796";}}
a:6:{s:3:"row";i:92;s:7:"message";s:26:"User updated successfully.";s:6:"status";b:1;s:10:"status_msg";s:7:"Success";s:7:"post_id";i:730;s:9:"post_link";a:2:{s:8:"edit_url";s:86:"https://lujayninfoways.a2hosted.com/testing_camnerg/wp-admin/user-edit.php?user_id=730";s:5:"title";s:15:"thaostallworth6";}}
a:6:{s:3:"row";i:93;s:7:"message";s:26:"User updated successfully.";s:6:"status";b:1;s:10:"status_msg";s:7:"Success";s:7:"post_id";i:157;s:9:"post_link";a:2:{s:8:"edit_url";s:86:"https://lujayninfoways.a2hosted.com/testing_camnerg/wp-admin/user-edit.php?user_id=157";s:5:"title";s:11:"theo.duarte";}}
a:6:{s:3:"row";i:94;s:7:"message";s:26:"User updated successfully.";s:6:"status";b:1;s:10:"status_msg";s:7:"Success";s:7:"post_id";i:199;s:9:"post_link";a:2:{s:8:"edit_url";s:86:"https://lujayninfoways.a2hosted.com/testing_camnerg/wp-admin/user-edit.php?user_id=199";s:5:"title";s:5:"thiel";}}
a:6:{s:3:"row";i:95;s:7:"message";s:26:"User updated successfully.";s:6:"status";b:1;s:10:"status_msg";s:7:"Success";s:7:"post_id";i:296;s:9:"post_link";a:2:{s:8:"edit_url";s:86:"https://lujayninfoways.a2hosted.com/testing_camnerg/wp-admin/user-edit.php?user_id=296";s:5:"title";s:8:"thliakos";}}
a:6:{s:3:"row";i:96;s:7:"message";s:26:"User updated successfully.";s:6:"status";b:1;s:10:"status_msg";s:7:"Success";s:7:"post_id";i:321;s:9:"post_link";a:2:{s:8:"edit_url";s:86:"https://lujayninfoways.a2hosted.com/testing_camnerg/wp-admin/user-edit.php?user_id=321";s:5:"title";s:11:"thomas_yang";}}
a:6:{s:3:"row";i:97;s:7:"message";s:26:"User updated successfully.";s:6:"status";b:1;s:10:"status_msg";s:7:"Success";s:7:"post_id";i:551;s:9:"post_link";a:2:{s:8:"edit_url";s:86:"https://lujayninfoways.a2hosted.com/testing_camnerg/wp-admin/user-edit.php?user_id=551";s:5:"title";s:13:"thomas.blesch";}}
a:6:{s:3:"row";i:98;s:7:"message";s:26:"User updated successfully.";s:6:"status";b:1;s:10:"status_msg";s:7:"Success";s:7:"post_id";i:178;s:9:"post_link";a:2:{s:8:"edit_url";s:86:"https://lujayninfoways.a2hosted.com/testing_camnerg/wp-admin/user-edit.php?user_id=178";s:5:"title";s:12:"thomas.rivet";}}
a:6:{s:3:"row";i:99;s:7:"message";s:26:"User updated successfully.";s:6:"status";b:1;s:10:"status_msg";s:7:"Success";s:7:"post_id";i:826;s:9:"post_link";a:2:{s:8:"edit_url";s:86:"https://lujayninfoways.a2hosted.com/testing_camnerg/wp-admin/user-edit.php?user_id=826";s:5:"title";s:12:"tio.arifiadi";}}
a:6:{s:3:"row";i:100;s:7:"message";s:26:"User updated successfully.";s:6:"status";b:1;s:10:"status_msg";s:7:"Success";s:7:"post_id";i:550;s:9:"post_link";a:2:{s:8:"edit_url";s:86:"https://lujayninfoways.a2hosted.com/testing_camnerg/wp-admin/user-edit.php?user_id=550";s:5:"title";s:7:"tlauren";}}
a:6:{s:3:"row";i:101;s:7:"message";s:26:"User updated successfully.";s:6:"status";b:1;s:10:"status_msg";s:7:"Success";s:7:"post_id";i:403;s:9:"post_link";a:2:{s:8:"edit_url";s:86:"https://lujayninfoways.a2hosted.com/testing_camnerg/wp-admin/user-edit.php?user_id=403";s:5:"title";s:18:"tobias.heinemann.2";}}
a:6:{s:3:"row";i:102;s:7:"message";s:26:"User updated successfully.";s:6:"status";b:1;s:10:"status_msg";s:7:"Success";s:7:"post_id";i:750;s:9:"post_link";a:2:{s:8:"edit_url";s:86:"https://lujayninfoways.a2hosted.com/testing_camnerg/wp-admin/user-edit.php?user_id=750";s:5:"title";s:8:"tom.kotz";}}
a:6:{s:3:"row";i:103;s:7:"message";s:26:"User updated successfully.";s:6:"status";b:1;s:10:"status_msg";s:7:"Success";s:7:"post_id";i:378;s:9:"post_link";a:2:{s:8:"edit_url";s:86:"https://lujayninfoways.a2hosted.com/testing_camnerg/wp-admin/user-edit.php?user_id=378";s:5:"title";s:17:"tom.wickenhaeuser";}}
a:6:{s:3:"row";i:104;s:7:"message";s:26:"User updated successfully.";s:6:"status";b:1;s:10:"status_msg";s:7:"Success";s:7:"post_id";i:373;s:9:"post_link";a:2:{s:8:"edit_url";s:86:"https://lujayninfoways.a2hosted.com/testing_camnerg/wp-admin/user-edit.php?user_id=373";s:5:"title";s:14:"tomasz.polczyk";}}
a:6:{s:3:"row";i:105;s:7:"message";s:26:"User updated successfully.";s:6:"status";b:1;s:10:"status_msg";s:7:"Success";s:7:"post_id";i:302;s:9:"post_link";a:2:{s:8:"edit_url";s:86:"https://lujayninfoways.a2hosted.com/testing_camnerg/wp-admin/user-edit.php?user_id=302";s:5:"title";s:13:"tomasz.wasiak";}}
a:6:{s:3:"row";i:106;s:7:"message";s:26:"User updated successfully.";s:6:"status";b:1;s:10:"status_msg";s:7:"Success";s:7:"post_id";i:666;s:9:"post_link";a:2:{s:8:"edit_url";s:86:"https://lujayninfoways.a2hosted.com/testing_camnerg/wp-admin/user-edit.php?user_id=666";s:5:"title";s:10:"tomechko.7";}}
a:6:{s:3:"row";i:107;s:7:"message";s:26:"User updated successfully.";s:6:"status";b:1;s:10:"status_msg";s:7:"Success";s:7:"post_id";i:827;s:9:"post_link";a:2:{s:8:"edit_url";s:86:"https://lujayninfoways.a2hosted.com/testing_camnerg/wp-admin/user-edit.php?user_id=827";s:5:"title";s:6:"tomerb";}}
a:6:{s:3:"row";i:108;s:7:"message";s:26:"User updated successfully.";s:6:"status";b:1;s:10:"status_msg";s:7:"Success";s:7:"post_id";i:828;s:9:"post_link";a:2:{s:8:"edit_url";s:86:"https://lujayninfoways.a2hosted.com/testing_camnerg/wp-admin/user-edit.php?user_id=828";s:5:"title";s:11:"tommi.aalto";}}
a:6:{s:3:"row";i:109;s:7:"message";s:26:"User updated successfully.";s:6:"status";b:1;s:10:"status_msg";s:7:"Success";s:7:"post_id";i:247;s:9:"post_link";a:2:{s:8:"edit_url";s:86:"https://lujayninfoways.a2hosted.com/testing_camnerg/wp-admin/user-edit.php?user_id=247";s:5:"title";s:7:"tosborn";}}
a:6:{s:3:"row";i:110;s:7:"message";s:26:"User updated successfully.";s:6:"status";b:1;s:10:"status_msg";s:7:"Success";s:7:"post_id";i:330;s:9:"post_link";a:2:{s:8:"edit_url";s:86:"https://lujayninfoways.a2hosted.com/testing_camnerg/wp-admin/user-edit.php?user_id=330";s:5:"title";s:10:"tostegeydu";}}
a:6:{s:3:"row";i:111;s:7:"message";s:26:"User updated successfully.";s:6:"status";b:1;s:10:"status_msg";s:7:"Success";s:7:"post_id";i:807;s:9:"post_link";a:2:{s:8:"edit_url";s:86:"https://lujayninfoways.a2hosted.com/testing_camnerg/wp-admin/user-edit.php?user_id=807";s:5:"title";s:15:"travis.ingraham";}}
a:6:{s:3:"row";i:112;s:7:"message";s:26:"User updated successfully.";s:6:"status";b:1;s:10:"status_msg";s:7:"Success";s:7:"post_id";i:414;s:9:"post_link";a:2:{s:8:"edit_url";s:86:"https://lujayninfoways.a2hosted.com/testing_camnerg/wp-admin/user-edit.php?user_id=414";s:5:"title";s:10:"tuyetanhpt";}}
a:6:{s:3:"row";i:113;s:7:"message";s:26:"User updated successfully.";s:6:"status";b:1;s:10:"status_msg";s:7:"Success";s:7:"post_id";i:805;s:9:"post_link";a:2:{s:8:"edit_url";s:86:"https://lujayninfoways.a2hosted.com/testing_camnerg/wp-admin/user-edit.php?user_id=805";s:5:"title";s:12:"tyler.delrie";}}
a:6:{s:3:"row";i:114;s:7:"message";s:26:"User updated successfully.";s:6:"status";b:1;s:10:"status_msg";s:7:"Success";s:7:"post_id";i:723;s:9:"post_link";a:2:{s:8:"edit_url";s:86:"https://lujayninfoways.a2hosted.com/testing_camnerg/wp-admin/user-edit.php?user_id=723";s:5:"title";s:11:"tym.de-wild";}}
a:6:{s:3:"row";i:115;s:7:"message";s:26:"User updated successfully.";s:6:"status";b:1;s:10:"status_msg";s:7:"Success";s:7:"post_id";i:161;s:9:"post_link";a:2:{s:8:"edit_url";s:86:"https://lujayninfoways.a2hosted.com/testing_camnerg/wp-admin/user-edit.php?user_id=161";s:5:"title";s:7:"ucaqewi";}}
a:6:{s:3:"row";i:116;s:7:"message";s:26:"User updated successfully.";s:6:"status";b:1;s:10:"status_msg";s:7:"Success";s:7:"post_id";i:562;s:9:"post_link";a:2:{s:8:"edit_url";s:86:"https://lujayninfoways.a2hosted.com/testing_camnerg/wp-admin/user-edit.php?user_id=562";s:5:"title";s:7:"ucaqgip";}}
a:6:{s:3:"row";i:117;s:7:"message";s:26:"User updated successfully.";s:6:"status";b:1;s:10:"status_msg";s:7:"Success";s:7:"post_id";i:829;s:9:"post_link";a:2:{s:8:"edit_url";s:86:"https://lujayninfoways.a2hosted.com/testing_camnerg/wp-admin/user-edit.php?user_id=829";s:5:"title";s:7:"uccawre";}}
a:6:{s:3:"row";i:118;s:7:"message";s:26:"User updated successfully.";s:6:"status";b:1;s:10:"status_msg";s:7:"Success";s:7:"post_id";i:534;s:9:"post_link";a:2:{s:8:"edit_url";s:86:"https://lujayninfoways.a2hosted.com/testing_camnerg/wp-admin/user-edit.php?user_id=534";s:5:"title";s:7:"ucecgzh";}}
a:6:{s:3:"row";i:119;s:7:"message";s:26:"User updated successfully.";s:6:"status";b:1;s:10:"status_msg";s:7:"Success";s:7:"post_id";i:485;s:9:"post_link";a:2:{s:8:"edit_url";s:86:"https://lujayninfoways.a2hosted.com/testing_camnerg/wp-admin/user-edit.php?user_id=485";s:5:"title";s:9:"v.muniraj";}}
a:6:{s:3:"row";i:120;s:7:"message";s:26:"User updated successfully.";s:6:"status";b:1;s:10:"status_msg";s:7:"Success";s:7:"post_id";i:830;s:9:"post_link";a:2:{s:8:"edit_url";s:86:"https://lujayninfoways.a2hosted.com/testing_camnerg/wp-admin/user-edit.php?user_id=830";s:5:"title";s:6:"v6bq71";}}
a:6:{s:3:"row";i:121;s:7:"message";s:26:"User updated successfully.";s:6:"status";b:1;s:10:"status_msg";s:7:"Success";s:7:"post_id";i:81;s:9:"post_link";a:2:{s:8:"edit_url";s:85:"https://lujayninfoways.a2hosted.com/testing_camnerg/wp-admin/user-edit.php?user_id=81";s:5:"title";s:12:"vanat.nguyen";}}
a:6:{s:3:"row";i:122;s:7:"message";s:26:"User updated successfully.";s:6:"status";b:1;s:10:"status_msg";s:7:"Success";s:7:"post_id";i:21;s:9:"post_link";a:2:{s:8:"edit_url";s:85:"https://lujayninfoways.a2hosted.com/testing_camnerg/wp-admin/user-edit.php?user_id=21";s:5:"title";s:8:"vatsalsd";}}
a:6:{s:3:"row";i:123;s:7:"message";s:26:"User updated successfully.";s:6:"status";b:1;s:10:"status_msg";s:7:"Success";s:7:"post_id";i:167;s:9:"post_link";a:2:{s:8:"edit_url";s:86:"https://lujayninfoways.a2hosted.com/testing_camnerg/wp-admin/user-edit.php?user_id=167";s:5:"title";s:5:"veena";}}
a:6:{s:3:"row";i:124;s:7:"message";s:26:"User updated successfully.";s:6:"status";b:1;s:10:"status_msg";s:7:"Success";s:7:"post_id";i:802;s:9:"post_link";a:2:{s:8:"edit_url";s:86:"https://lujayninfoways.a2hosted.com/testing_camnerg/wp-admin/user-edit.php?user_id=802";s:5:"title";s:21:"victor.riesgogonzalez";}}
a:6:{s:3:"row";i:125;s:7:"message";s:26:"User updated successfully.";s:6:"status";b:1;s:10:"status_msg";s:7:"Success";s:7:"post_id";i:133;s:9:"post_link";a:2:{s:8:"edit_url";s:86:"https://lujayninfoways.a2hosted.com/testing_camnerg/wp-admin/user-edit.php?user_id=133";s:5:"title";s:17:"victor.solecki.vs";}}
a:6:{s:3:"row";i:126;s:7:"message";s:26:"User updated successfully.";s:6:"status";b:1;s:10:"status_msg";s:7:"Success";s:7:"post_id";i:663;s:9:"post_link";a:2:{s:8:"edit_url";s:86:"https://lujayninfoways.a2hosted.com/testing_camnerg/wp-admin/user-edit.php?user_id=663";s:5:"title";s:14:"victoria.manzi";}}
a:6:{s:3:"row";i:127;s:7:"message";s:26:"User updated successfully.";s:6:"status";b:1;s:10:"status_msg";s:7:"Success";s:7:"post_id";i:514;s:9:"post_link";a:2:{s:8:"edit_url";s:86:"https://lujayninfoways.a2hosted.com/testing_camnerg/wp-admin/user-edit.php?user_id=514";s:5:"title";s:13:"vijayaditya.g";}}
a:6:{s:3:"row";i:128;s:7:"message";s:26:"User updated successfully.";s:6:"status";b:1;s:10:"status_msg";s:7:"Success";s:7:"post_id";i:831;s:9:"post_link";a:2:{s:8:"edit_url";s:86:"https://lujayninfoways.a2hosted.com/testing_camnerg/wp-admin/user-edit.php?user_id=831";s:5:"title";s:15:"viktor.sanderyd";}}
a:6:{s:3:"row";i:129;s:7:"message";s:26:"User updated successfully.";s:6:"status";b:1;s:10:"status_msg";s:7:"Success";s:7:"post_id";i:177;s:9:"post_link";a:2:{s:8:"edit_url";s:86:"https://lujayninfoways.a2hosted.com/testing_camnerg/wp-admin/user-edit.php?user_id=177";s:5:"title";s:15:"violettemistry0";}}
a:6:{s:3:"row";i:130;s:7:"message";s:26:"User updated successfully.";s:6:"status";b:1;s:10:"status_msg";s:7:"Success";s:7:"post_id";i:713;s:9:"post_link";a:2:{s:8:"edit_url";s:86:"https://lujayninfoways.a2hosted.com/testing_camnerg/wp-admin/user-edit.php?user_id=713";s:5:"title";s:15:"vito.cacucciolo";}}
a:6:{s:3:"row";i:131;s:7:"message";s:26:"User updated successfully.";s:6:"status";b:1;s:10:"status_msg";s:7:"Success";s:7:"post_id";i:761;s:9:"post_link";a:2:{s:8:"edit_url";s:86:"https://lujayninfoways.a2hosted.com/testing_camnerg/wp-admin/user-edit.php?user_id=761";s:5:"title";s:15:"vitoroldan03396";}}
a:6:{s:3:"row";i:132;s:7:"message";s:26:"User updated successfully.";s:6:"status";b:1;s:10:"status_msg";s:7:"Success";s:7:"post_id";i:19;s:9:"post_link";a:2:{s:8:"edit_url";s:85:"https://lujayninfoways.a2hosted.com/testing_camnerg/wp-admin/user-edit.php?user_id=19";s:5:"title";s:7:"vsd1100";}}
a:6:{s:3:"row";i:133;s:7:"message";s:26:"User updated successfully.";s:6:"status";b:1;s:10:"status_msg";s:7:"Success";s:7:"post_id";i:10;s:9:"post_link";a:2:{s:8:"edit_url";s:85:"https://lujayninfoways.a2hosted.com/testing_camnerg/wp-admin/user-edit.php?user_id=10";s:5:"title";s:12:"vsdesigns.in";}}
a:6:{s:3:"row";i:134;s:7:"message";s:26:"User updated successfully.";s:6:"status";b:1;s:10:"status_msg";s:7:"Success";s:7:"post_id";i:543;s:9:"post_link";a:2:{s:8:"edit_url";s:86:"https://lujayninfoways.a2hosted.com/testing_camnerg/wp-admin/user-edit.php?user_id=543";s:5:"title";s:8:"w.y.kong";}}
a:6:{s:3:"row";i:135;s:7:"message";s:26:"User updated successfully.";s:6:"status";b:1;s:10:"status_msg";s:7:"Success";s:7:"post_id";i:832;s:9:"post_link";a:2:{s:8:"edit_url";s:86:"https://lujayninfoways.a2hosted.com/testing_camnerg/wp-admin/user-edit.php?user_id=832";s:5:"title";s:13:"walid.alkarmo";}}
a:6:{s:3:"row";i:136;s:7:"message";s:26:"User updated successfully.";s:6:"status";b:1;s:10:"status_msg";s:7:"Success";s:7:"post_id";i:738;s:9:"post_link";a:2:{s:8:"edit_url";s:86:"https://lujayninfoways.a2hosted.com/testing_camnerg/wp-admin/user-edit.php?user_id=738";s:5:"title";s:11:"wangkaichem";}}
a:6:{s:3:"row";i:137;s:7:"message";s:26:"User updated successfully.";s:6:"status";b:1;s:10:"status_msg";s:7:"Success";s:7:"post_id";i:51;s:9:"post_link";a:2:{s:8:"edit_url";s:85:"https://lujayninfoways.a2hosted.com/testing_camnerg/wp-admin/user-edit.php?user_id=51";s:5:"title";s:9:"wangmanel";}}
a:6:{s:3:"row";i:138;s:7:"message";s:26:"User updated successfully.";s:6:"status";b:1;s:10:"status_msg";s:7:"Success";s:7:"post_id";i:130;s:9:"post_link";a:2:{s:8:"edit_url";s:86:"https://lujayninfoways.a2hosted.com/testing_camnerg/wp-admin/user-edit.php?user_id=130";s:5:"title";s:9:"whadouchi";}}
a:6:{s:3:"row";i:139;s:7:"message";s:26:"User updated successfully.";s:6:"status";b:1;s:10:"status_msg";s:7:"Success";s:7:"post_id";i:456;s:9:"post_link";a:2:{s:8:"edit_url";s:86:"https://lujayninfoways.a2hosted.com/testing_camnerg/wp-admin/user-edit.php?user_id=456";s:5:"title";s:18:"william.cunningham";}}
a:6:{s:3:"row";i:140;s:7:"message";s:26:"User updated successfully.";s:6:"status";b:1;s:10:"status_msg";s:7:"Success";s:7:"post_id";i:351;s:9:"post_link";a:2:{s:8:"edit_url";s:86:"https://lujayninfoways.a2hosted.com/testing_camnerg/wp-admin/user-edit.php?user_id=351";s:5:"title";s:8:"williams";}}
a:6:{s:3:"row";i:141;s:7:"message";s:26:"User updated successfully.";s:6:"status";b:1;s:10:"status_msg";s:7:"Success";s:7:"post_id";i:692;s:9:"post_link";a:2:{s:8:"edit_url";s:86:"https://lujayninfoways.a2hosted.com/testing_camnerg/wp-admin/user-edit.php?user_id=692";s:5:"title";s:14:"wissem.methani";}}
a:6:{s:3:"row";i:142;s:7:"message";s:26:"User updated successfully.";s:6:"status";b:1;s:10:"status_msg";s:7:"Success";s:7:"post_id";i:218;s:9:"post_link";a:2:{s:8:"edit_url";s:86:"https://lujayninfoways.a2hosted.com/testing_camnerg/wp-admin/user-edit.php?user_id=218";s:5:"title";s:8:"wpwitman";}}
a:6:{s:3:"row";i:143;s:7:"message";s:26:"User updated successfully.";s:6:"status";b:1;s:10:"status_msg";s:7:"Success";s:7:"post_id";i:833;s:9:"post_link";a:2:{s:8:"edit_url";s:86:"https://lujayninfoways.a2hosted.com/testing_camnerg/wp-admin/user-edit.php?user_id=833";s:5:"title";s:5:"x.lu2";}}
a:6:{s:3:"row";i:144;s:7:"message";s:26:"User updated successfully.";s:6:"status";b:1;s:10:"status_msg";s:7:"Success";s:7:"post_id";i:745;s:9:"post_link";a:2:{s:8:"edit_url";s:86:"https://lujayninfoways.a2hosted.com/testing_camnerg/wp-admin/user-edit.php?user_id=745";s:5:"title";s:5:"xc310";}}
a:6:{s:3:"row";i:145;s:7:"message";s:26:"User updated successfully.";s:6:"status";b:1;s:10:"status_msg";s:7:"Success";s:7:"post_id";i:17;s:9:"post_link";a:2:{s:8:"edit_url";s:85:"https://lujayninfoways.a2hosted.com/testing_camnerg/wp-admin/user-edit.php?user_id=17";s:5:"title";s:7:"xiaodan";}}
a:6:{s:3:"row";i:146;s:7:"message";s:26:"User updated successfully.";s:6:"status";b:1;s:10:"status_msg";s:7:"Success";s:7:"post_id";i:834;s:9:"post_link";a:2:{s:8:"edit_url";s:86:"https://lujayninfoways.a2hosted.com/testing_camnerg/wp-admin/user-edit.php?user_id=834";s:5:"title";s:13:"xiaofeng.zhou";}}
a:6:{s:3:"row";i:147;s:7:"message";s:26:"User updated successfully.";s:6:"status";b:1;s:10:"status_msg";s:7:"Success";s:7:"post_id";i:567;s:9:"post_link";a:2:{s:8:"edit_url";s:86:"https://lujayninfoways.a2hosted.com/testing_camnerg/wp-admin/user-edit.php?user_id=567";s:5:"title";s:7:"xiaokun";}}
a:6:{s:3:"row";i:148;s:7:"message";s:26:"User updated successfully.";s:6:"status";b:1;s:10:"status_msg";s:7:"Success";s:7:"post_id";i:593;s:9:"post_link";a:2:{s:8:"edit_url";s:86:"https://lujayninfoways.a2hosted.com/testing_camnerg/wp-admin/user-edit.php?user_id=593";s:5:"title";s:4:"xidu";}}
a:6:{s:3:"row";i:149;s:7:"message";s:26:"User updated successfully.";s:6:"status";b:1;s:10:"status_msg";s:7:"Success";s:7:"post_id";i:192;s:9:"post_link";a:2:{s:8:"edit_url";s:86:"https://lujayninfoways.a2hosted.com/testing_camnerg/wp-admin/user-edit.php?user_id=192";s:5:"title";s:11:"xiuyun.zhao";}}
a:6:{s:3:"row";i:150;s:7:"message";s:26:"User updated successfully.";s:6:"status";b:1;s:10:"status_msg";s:7:"Success";s:7:"post_id";i:751;s:9:"post_link";a:2:{s:8:"edit_url";s:86:"https://lujayninfoways.a2hosted.com/testing_camnerg/wp-admin/user-edit.php?user_id=751";s:5:"title";s:9:"xuekun.lu";}}
a:6:{s:3:"row";i:151;s:7:"message";s:26:"User updated successfully.";s:6:"status";b:1;s:10:"status_msg";s:7:"Success";s:7:"post_id";i:169;s:9:"post_link";a:2:{s:8:"edit_url";s:86:"https://lujayninfoways.a2hosted.com/testing_camnerg/wp-admin/user-edit.php?user_id=169";s:5:"title";s:7:"xuelpan";}}
a:6:{s:3:"row";i:152;s:7:"message";s:26:"User updated successfully.";s:6:"status";b:1;s:10:"status_msg";s:7:"Success";s:7:"post_id";i:814;s:9:"post_link";a:2:{s:8:"edit_url";s:86:"https://lujayninfoways.a2hosted.com/testing_camnerg/wp-admin/user-edit.php?user_id=814";s:5:"title";s:11:"xuhui.yao94";}}
a:6:{s:3:"row";i:153;s:7:"message";s:26:"User updated successfully.";s:6:"status";b:1;s:10:"status_msg";s:7:"Success";s:7:"post_id";i:492;s:9:"post_link";a:2:{s:8:"edit_url";s:86:"https://lujayninfoways.a2hosted.com/testing_camnerg/wp-admin/user-edit.php?user_id=492";s:5:"title";s:8:"xwang310";}}
a:6:{s:3:"row";i:154;s:7:"message";s:26:"User updated successfully.";s:6:"status";b:1;s:10:"status_msg";s:7:"Success";s:7:"post_id";i:459;s:9:"post_link";a:2:{s:8:"edit_url";s:86:"https://lujayninfoways.a2hosted.com/testing_camnerg/wp-admin/user-edit.php?user_id=459";s:5:"title";s:11:"y.el-hassan";}}
a:6:{s:3:"row";i:155;s:7:"message";s:26:"User updated successfully.";s:6:"status";b:1;s:10:"status_msg";s:7:"Success";s:7:"post_id";i:835;s:9:"post_link";a:2:{s:8:"edit_url";s:86:"https://lujayninfoways.a2hosted.com/testing_camnerg/wp-admin/user-edit.php?user_id=835";s:5:"title";s:6:"yabi78";}}
a:6:{s:3:"row";i:156;s:7:"message";s:26:"User updated successfully.";s:6:"status";b:1;s:10:"status_msg";s:7:"Success";s:7:"post_id";i:308;s:9:"post_link";a:2:{s:8:"edit_url";s:86:"https://lujayninfoways.a2hosted.com/testing_camnerg/wp-admin/user-edit.php?user_id=308";s:5:"title";s:8:"yalahasy";}}
a:6:{s:3:"row";i:157;s:7:"message";s:26:"User updated successfully.";s:6:"status";b:1;s:10:"status_msg";s:7:"Success";s:7:"post_id";i:726;s:9:"post_link";a:2:{s:8:"edit_url";s:86:"https://lujayninfoways.a2hosted.com/testing_camnerg/wp-admin/user-edit.php?user_id=726";s:5:"title";s:7:"yan.liu";}}
a:6:{s:3:"row";i:158;s:7:"message";s:26:"User updated successfully.";s:6:"status";b:1;s:10:"status_msg";s:7:"Success";s:7:"post_id";i:502;s:9:"post_link";a:2:{s:8:"edit_url";s:86:"https://lujayninfoways.a2hosted.com/testing_camnerg/wp-admin/user-edit.php?user_id=502";s:5:"title";s:9:"yang.wang";}}
a:6:{s:3:"row";i:159;s:7:"message";s:26:"User updated successfully.";s:6:"status";b:1;s:10:"status_msg";s:7:"Success";s:7:"post_id";i:162;s:9:"post_link";a:2:{s:8:"edit_url";s:86:"https://lujayninfoways.a2hosted.com/testing_camnerg/wp-admin/user-edit.php?user_id=162";s:5:"title";s:13:"yang.zhang-26";}}
a:6:{s:3:"row";i:160;s:7:"message";s:26:"User updated successfully.";s:6:"status";b:1;s:10:"status_msg";s:7:"Success";s:7:"post_id";i:6;s:9:"post_link";a:2:{s:8:"edit_url";s:84:"https://lujayninfoways.a2hosted.com/testing_camnerg/wp-admin/user-edit.php?user_id=6";s:5:"title";s:19:"yanis.levieux-souid";}}
a:6:{s:3:"row";i:161;s:7:"message";s:27:"User imported successfully.";s:6:"status";b:1;s:10:"status_msg";s:7:"Success";s:7:"post_id";i:836;s:9:"post_link";a:2:{s:8:"edit_url";s:86:"https://lujayninfoways.a2hosted.com/testing_camnerg/wp-admin/user-edit.php?user_id=836";s:5:"title";s:25:"yashashreerajesh.vernekar";}}
a:6:{s:3:"row";i:162;s:7:"message";s:26:"User updated successfully.";s:6:"status";b:1;s:10:"status_msg";s:7:"Success";s:7:"post_id";i:364;s:9:"post_link";a:2:{s:8:"edit_url";s:86:"https://lujayninfoways.a2hosted.com/testing_camnerg/wp-admin/user-edit.php?user_id=364";s:5:"title";s:10:"yawen.xiao";}}
a:6:{s:3:"row";i:163;s:7:"message";s:26:"User updated successfully.";s:6:"status";b:1;s:10:"status_msg";s:7:"Success";s:7:"post_id";i:704;s:9:"post_link";a:2:{s:8:"edit_url";s:86:"https://lujayninfoways.a2hosted.com/testing_camnerg/wp-admin/user-edit.php?user_id=704";s:5:"title";s:22:"yerkezhan.yerkinbekova";}}
a:6:{s:3:"row";i:164;s:7:"message";s:26:"User updated successfully.";s:6:"status";b:1;s:10:"status_msg";s:7:"Success";s:7:"post_id";i:206;s:9:"post_link";a:2:{s:8:"edit_url";s:86:"https://lujayninfoways.a2hosted.com/testing_camnerg/wp-admin/user-edit.php?user_id=206";s:5:"title";s:12:"yeshui.zhang";}}
a:6:{s:3:"row";i:165;s:7:"message";s:26:"User updated successfully.";s:6:"status";b:1;s:10:"status_msg";s:7:"Success";s:7:"post_id";i:770;s:9:"post_link";a:2:{s:8:"edit_url";s:86:"https://lujayninfoways.a2hosted.com/testing_camnerg/wp-admin/user-edit.php?user_id=770";s:5:"title";s:6:"yi.qin";}}
a:6:{s:3:"row";i:166;s:7:"message";s:26:"User updated successfully.";s:6:"status";b:1;s:10:"status_msg";s:7:"Success";s:7:"post_id";i:553;s:9:"post_link";a:2:{s:8:"edit_url";s:86:"https://lujayninfoways.a2hosted.com/testing_camnerg/wp-admin/user-edit.php?user_id=553";s:5:"title";s:12:"yienleng1997";}}
a:6:{s:3:"row";i:167;s:7:"message";s:26:"User updated successfully.";s:6:"status";b:1;s:10:"status_msg";s:7:"Success";s:7:"post_id";i:423;s:9:"post_link";a:2:{s:8:"edit_url";s:86:"https://lujayninfoways.a2hosted.com/testing_camnerg/wp-admin/user-edit.php?user_id=423";s:5:"title";s:12:"yikai.1.wang";}}
a:6:{s:3:"row";i:168;s:7:"message";s:26:"User updated successfully.";s:6:"status";b:1;s:10:"status_msg";s:7:"Success";s:7:"post_id";i:589;s:9:"post_link";a:2:{s:8:"edit_url";s:86:"https://lujayninfoways.a2hosted.com/testing_camnerg/wp-admin/user-edit.php?user_id=589";s:5:"title";s:11:"yiming.xu-7";}}
a:6:{s:3:"row";i:169;s:7:"message";s:26:"User updated successfully.";s:6:"status";b:1;s:10:"status_msg";s:7:"Success";s:7:"post_id";i:797;s:9:"post_link";a:2:{s:8:"edit_url";s:86:"https://lujayninfoways.a2hosted.com/testing_camnerg/wp-admin/user-edit.php?user_id=797";s:5:"title";s:8:"ying.pan";}}
a:6:{s:3:"row";i:170;s:7:"message";s:26:"User updated successfully.";s:6:"status";b:1;s:10:"status_msg";s:7:"Success";s:7:"post_id";i:256;s:9:"post_link";a:2:{s:8:"edit_url";s:86:"https://lujayninfoways.a2hosted.com/testing_camnerg/wp-admin/user-edit.php?user_id=256";s:5:"title";s:5:"yjia3";}}
a:6:{s:3:"row";i:171;s:7:"message";s:26:"User updated successfully.";s:6:"status";b:1;s:10:"status_msg";s:7:"Success";s:7:"post_id";i:680;s:9:"post_link";a:2:{s:8:"edit_url";s:86:"https://lujayninfoways.a2hosted.com/testing_camnerg/wp-admin/user-edit.php?user_id=680";s:5:"title";s:10:"ytakahashi";}}
a:6:{s:3:"row";i:172;s:7:"message";s:26:"User updated successfully.";s:6:"status";b:1;s:10:"status_msg";s:7:"Success";s:7:"post_id";i:202;s:9:"post_link";a:2:{s:8:"edit_url";s:86:"https://lujayninfoways.a2hosted.com/testing_camnerg/wp-admin/user-edit.php?user_id=202";s:5:"title";s:14:"yu-chuan.chien";}}
a:6:{s:3:"row";i:173;s:7:"message";s:26:"User updated successfully.";s:6:"status";b:1;s:10:"status_msg";s:7:"Success";s:7:"post_id";i:789;s:9:"post_link";a:2:{s:8:"edit_url";s:86:"https://lujayninfoways.a2hosted.com/testing_camnerg/wp-admin/user-edit.php?user_id=789";s:5:"title";s:9:"yu.wei.a3";}}
a:6:{s:3:"row";i:174;s:7:"message";s:26:"User updated successfully.";s:6:"status";b:1;s:10:"status_msg";s:7:"Success";s:7:"post_id";i:670;s:9:"post_link";a:2:{s:8:"edit_url";s:86:"https://lujayninfoways.a2hosted.com/testing_camnerg/wp-admin/user-edit.php?user_id=670";s:5:"title";s:8:"yu.zhang";}}
a:6:{s:3:"row";i:175;s:7:"message";s:26:"User updated successfully.";s:6:"status";b:1;s:10:"status_msg";s:7:"Success";s:7:"post_id";i:791;s:9:"post_link";a:2:{s:8:"edit_url";s:86:"https://lujayninfoways.a2hosted.com/testing_camnerg/wp-admin/user-edit.php?user_id=791";s:5:"title";s:9:"yugal.rai";}}
a:6:{s:3:"row";i:176;s:7:"message";s:26:"User updated successfully.";s:6:"status";b:1;s:10:"status_msg";s:7:"Success";s:7:"post_id";i:792;s:9:"post_link";a:2:{s:8:"edit_url";s:86:"https://lujayninfoways.a2hosted.com/testing_camnerg/wp-admin/user-edit.php?user_id=792";s:5:"title";s:13:"yunhong.jiang";}}
a:6:{s:3:"row";i:177;s:7:"message";s:26:"User updated successfully.";s:6:"status";b:1;s:10:"status_msg";s:7:"Success";s:7:"post_id";i:717;s:9:"post_link";a:2:{s:8:"edit_url";s:86:"https://lujayninfoways.a2hosted.com/testing_camnerg/wp-admin/user-edit.php?user_id=717";s:5:"title";s:12:"yuqiang.yang";}}
a:6:{s:3:"row";i:178;s:7:"message";s:26:"User updated successfully.";s:6:"status";b:1;s:10:"status_msg";s:7:"Success";s:7:"post_id";i:594;s:9:"post_link";a:2:{s:8:"edit_url";s:86:"https://lujayninfoways.a2hosted.com/testing_camnerg/wp-admin/user-edit.php?user_id=594";s:5:"title";s:6:"yutok8";}}
a:6:{s:3:"row";i:179;s:7:"message";s:26:"User updated successfully.";s:6:"status";b:1;s:10:"status_msg";s:7:"Success";s:7:"post_id";i:38;s:9:"post_link";a:2:{s:8:"edit_url";s:85:"https://lujayninfoways.a2hosted.com/testing_camnerg/wp-admin/user-edit.php?user_id=38";s:5:"title";s:13:"yuyue.zhao001";}}
a:6:{s:3:"row";i:180;s:7:"message";s:26:"User updated successfully.";s:6:"status";b:1;s:10:"status_msg";s:7:"Success";s:7:"post_id";i:837;s:9:"post_link";a:2:{s:8:"edit_url";s:86:"https://lujayninfoways.a2hosted.com/testing_camnerg/wp-admin/user-edit.php?user_id=837";s:5:"title";s:9:"ywgetahun";}}
a:6:{s:3:"row";i:181;s:7:"message";s:26:"User updated successfully.";s:6:"status";b:1;s:10:"status_msg";s:7:"Success";s:7:"post_id";i:803;s:9:"post_link";a:2:{s:8:"edit_url";s:86:"https://lujayninfoways.a2hosted.com/testing_camnerg/wp-admin/user-edit.php?user_id=803";s:5:"title";s:9:"z.ahmed21";}}
a:6:{s:3:"row";i:182;s:7:"message";s:26:"User updated successfully.";s:6:"status";b:1;s:10:"status_msg";s:7:"Success";s:7:"post_id";i:198;s:9:"post_link";a:2:{s:8:"edit_url";s:86:"https://lujayninfoways.a2hosted.com/testing_camnerg/wp-admin/user-edit.php?user_id=198";s:5:"title";s:18:"zac-dehaney.steven";}}
a:6:{s:3:"row";i:183;s:7:"message";s:26:"User updated successfully.";s:6:"status";b:1;s:10:"status_msg";s:7:"Success";s:7:"post_id";i:737;s:9:"post_link";a:2:{s:8:"edit_url";s:86:"https://lujayninfoways.a2hosted.com/testing_camnerg/wp-admin/user-edit.php?user_id=737";s:5:"title";s:14:"zeeshanasad062";}}
a:6:{s:3:"row";i:184;s:7:"message";s:26:"User updated successfully.";s:6:"status";b:1;s:10:"status_msg";s:7:"Success";s:7:"post_id";i:809;s:9:"post_link";a:2:{s:8:"edit_url";s:86:"https://lujayninfoways.a2hosted.com/testing_camnerg/wp-admin/user-edit.php?user_id=809";s:5:"title";s:7:"zeyu.fu";}}
a:6:{s:3:"row";i:185;s:7:"message";s:26:"User updated successfully.";s:6:"status";b:1;s:10:"status_msg";s:7:"Success";s:7:"post_id";i:208;s:9:"post_link";a:2:{s:8:"edit_url";s:86:"https://lujayninfoways.a2hosted.com/testing_camnerg/wp-admin/user-edit.php?user_id=208";s:5:"title";s:11:"zhewen.duan";}}
a:6:{s:3:"row";i:186;s:7:"message";s:26:"User updated successfully.";s:6:"status";b:1;s:10:"status_msg";s:7:"Success";s:7:"post_id";i:127;s:9:"post_link";a:2:{s:8:"edit_url";s:86:"https://lujayninfoways.a2hosted.com/testing_camnerg/wp-admin/user-edit.php?user_id=127";s:5:"title";s:13:"zhi.cheng.hua";}}
a:6:{s:3:"row";i:187;s:7:"message";s:26:"User updated successfully.";s:6:"status";b:1;s:10:"status_msg";s:7:"Success";s:7:"post_id";i:404;s:9:"post_link";a:2:{s:8:"edit_url";s:86:"https://lujayninfoways.a2hosted.com/testing_camnerg/wp-admin/user-edit.php?user_id=404";s:5:"title";s:12:"zhonghua.ren";}}
a:6:{s:3:"row";i:188;s:7:"message";s:26:"User updated successfully.";s:6:"status";b:1;s:10:"status_msg";s:7:"Success";s:7:"post_id";i:529;s:9:"post_link";a:2:{s:8:"edit_url";s:86:"https://lujayninfoways.a2hosted.com/testing_camnerg/wp-admin/user-edit.php?user_id=529";s:5:"title";s:9:"ziba.ra93";}}
a:6:{s:3:"row";i:189;s:7:"message";s:26:"User updated successfully.";s:6:"status";b:1;s:10:"status_msg";s:7:"Success";s:7:"post_id";i:322;s:9:"post_link";a:2:{s:8:"edit_url";s:86:"https://lujayninfoways.a2hosted.com/testing_camnerg/wp-admin/user-edit.php?user_id=322";s:5:"title";s:9:"zibo_wang";}}
a:6:{s:3:"row";i:190;s:7:"message";s:26:"User updated successfully.";s:6:"status";b:1;s:10:"status_msg";s:7:"Success";s:7:"post_id";i:244;s:9:"post_link";a:2:{s:8:"edit_url";s:86:"https://lujayninfoways.a2hosted.com/testing_camnerg/wp-admin/user-edit.php?user_id=244";s:5:"title";s:9:"zixuan.li";}}
a:6:{s:3:"row";i:191;s:7:"message";s:26:"User updated successfully.";s:6:"status";b:1;s:10:"status_msg";s:7:"Success";s:7:"post_id";i:116;s:9:"post_link";a:2:{s:8:"edit_url";s:86:"https://lujayninfoways.a2hosted.com/testing_camnerg/wp-admin/user-edit.php?user_id=116";s:5:"title";s:15:"zuzana.kuzelova";}}
