2024-03-25T02:05:36+00:00 INFO Array
(
    [Webhook Delivery] => Array
        (
            [Delivery ID] => 323efc213092f15eb985c879f6f0844c
            [Date] => Mar 25, 2024 @ 2:05
            [URL] => https://webhook.bigseller.com/callback/woocommerce/2233854/submit.json
            [Duration] => 2.55719
            [Request] => Array
                (
                    [Method] => POST
                    [Headers] => Array
                        (
                            [User-Agent] => WooCommerce/8.6.1 Hookshot (WordPress/6.4.3)
                            [Content-Type] => application/json
                            [X-WC-Webhook-Source] => https://cam-energy.com/
                            [X-WC-Webhook-Topic] => order.updated
                            [X-WC-Webhook-Resource] => order
                            [X-WC-Webhook-Event] => updated
                            [X-WC-Webhook-Signature] => RynDA+o1u57B0d8YyR1xv1oxjxudjY3PfARZAQtGkzk=
                            [X-WC-Webhook-ID] => 4
                            [X-WC-Webhook-Delivery-ID] => 323efc213092f15eb985c879f6f0844c
                        )

                )

            [Body] => Webhook body is not logged unless WP_DEBUG mode is turned on. This is to avoid the storing of personal data in the logs.
            [Response] => Array
                (
                    [Code] => 200
                    [Message] => OK
                    [Headers] => WpOrg\Requests\Utility\CaseInsensitiveDictionary Object
                        (
                            [data:protected] => Array
                                (
                                    [date] => Mon, 25 Mar 2024 02:05:36 GMT
                                    [content-length] => 0
                                    [server] => nginx
                                    [set-cookie] => JSESSIONID=BCB425863622388DD15A29CE2142EF72; Path=/; HttpOnly
                                )

                        )

                    [Body] => Webhook body is not logged unless WP_DEBUG mode is turned on. This is to avoid the storing of personal data in the logs.
                )

        )

)
2024-03-25T02:05:39+00:00 INFO Array
(
    [Webhook Delivery] => Array
        (
            [Delivery ID] => 043d98a0ba763b4f2f7b1136739ea8d0
            [Date] => Mar 25, 2024 @ 2:05
            [URL] => https://webhook.bigseller.com/callback/woocommerce/2233854/submit.json
            [Duration] => 2.05304
            [Request] => Array
                (
                    [Method] => POST
                    [Headers] => Array
                        (
                            [User-Agent] => WooCommerce/8.6.1 Hookshot (WordPress/6.4.3)
                            [Content-Type] => application/json
                            [X-WC-Webhook-Source] => https://cam-energy.com/
                            [X-WC-Webhook-Topic] => order.updated
                            [X-WC-Webhook-Resource] => order
                            [X-WC-Webhook-Event] => updated
                            [X-WC-Webhook-Signature] => bTO9pYxucPTMiDDY2wXLmdXbWX/dDwf4/mjoG6bETI4=
                            [X-WC-Webhook-ID] => 4
                            [X-WC-Webhook-Delivery-ID] => 043d98a0ba763b4f2f7b1136739ea8d0
                        )

                )

            [Body] => Webhook body is not logged unless WP_DEBUG mode is turned on. This is to avoid the storing of personal data in the logs.
            [Response] => Array
                (
                    [Code] => 200
                    [Message] => OK
                    [Headers] => WpOrg\Requests\Utility\CaseInsensitiveDictionary Object
                        (
                            [data:protected] => Array
                                (
                                    [date] => Mon, 25 Mar 2024 02:05:38 GMT
                                    [content-length] => 0
                                    [server] => nginx
                                    [set-cookie] => JSESSIONID=4E8B59FC06977A1C1F6B792ECB89E403; Path=/; HttpOnly
                                    [x-frame-options] => SAMEORIGIN
                                )

                        )

                    [Body] => Webhook body is not logged unless WP_DEBUG mode is turned on. This is to avoid the storing of personal data in the logs.
                )

        )

)
2024-03-25T02:05:41+00:00 INFO Array
(
    [Webhook Delivery] => Array
        (
            [Delivery ID] => 1cbf155e884d5bd8b57634de60169af5
            [Date] => Mar 25, 2024 @ 2:05
            [URL] => https://webhook.bigseller.com/callback/woocommerce/2233854/submit.json
            [Duration] => 1.99238
            [Request] => Array
                (
                    [Method] => POST
                    [Headers] => Array
                        (
                            [User-Agent] => WooCommerce/8.6.1 Hookshot (WordPress/6.4.3)
                            [Content-Type] => application/json
                            [X-WC-Webhook-Source] => https://cam-energy.com/
                            [X-WC-Webhook-Topic] => order.updated
                            [X-WC-Webhook-Resource] => order
                            [X-WC-Webhook-Event] => updated
                            [X-WC-Webhook-Signature] => RWvLtAdVJdeFd/E5G0fnma7S/0mqsLfQUstSpfhOQsY=
                            [X-WC-Webhook-ID] => 4
                            [X-WC-Webhook-Delivery-ID] => 1cbf155e884d5bd8b57634de60169af5
                        )

                )

            [Body] => Webhook body is not logged unless WP_DEBUG mode is turned on. This is to avoid the storing of personal data in the logs.
            [Response] => Array
                (
                    [Code] => 200
                    [Message] => OK
                    [Headers] => WpOrg\Requests\Utility\CaseInsensitiveDictionary Object
                        (
                            [data:protected] => Array
                                (
                                    [date] => Mon, 25 Mar 2024 02:05:40 GMT
                                    [content-length] => 0
                                    [server] => nginx
                                    [set-cookie] => JSESSIONID=79433C764BC004CB6C5B5620B46BF275; Path=/; HttpOnly
                                )

                        )

                    [Body] => Webhook body is not logged unless WP_DEBUG mode is turned on. This is to avoid the storing of personal data in the logs.
                )

        )

)
2024-03-25T02:05:43+00:00 INFO Array
(
    [Webhook Delivery] => Array
        (
            [Delivery ID] => 7d41f71c315cd8e3b703335013acc56e
            [Date] => Mar 25, 2024 @ 2:05
            [URL] => https://webhook.bigseller.com/callback/woocommerce/2233854/submit.json
            [Duration] => 1.99332
            [Request] => Array
                (
                    [Method] => POST
                    [Headers] => Array
                        (
                            [User-Agent] => WooCommerce/8.6.1 Hookshot (WordPress/6.4.3)
                            [Content-Type] => application/json
                            [X-WC-Webhook-Source] => https://cam-energy.com/
                            [X-WC-Webhook-Topic] => order.updated
                            [X-WC-Webhook-Resource] => order
                            [X-WC-Webhook-Event] => updated
                            [X-WC-Webhook-Signature] => TDySyshlUFho/j2Ogbe/cNu9X0/4XLX2CkSSYep0iJw=
                            [X-WC-Webhook-ID] => 4
                            [X-WC-Webhook-Delivery-ID] => 7d41f71c315cd8e3b703335013acc56e
                        )

                )

            [Body] => Webhook body is not logged unless WP_DEBUG mode is turned on. This is to avoid the storing of personal data in the logs.
            [Response] => Array
                (
                    [Code] => 200
                    [Message] => OK
                    [Headers] => WpOrg\Requests\Utility\CaseInsensitiveDictionary Object
                        (
                            [data:protected] => Array
                                (
                                    [date] => Mon, 25 Mar 2024 02:05:42 GMT
                                    [content-length] => 0
                                    [server] => nginx
                                    [set-cookie] => JSESSIONID=8F9E341E64504E273D34133D2C191C92; Path=/; HttpOnly
                                )

                        )

                    [Body] => Webhook body is not logged unless WP_DEBUG mode is turned on. This is to avoid the storing of personal data in the logs.
                )

        )

)
2024-03-25T02:05:45+00:00 INFO Array
(
    [Webhook Delivery] => Array
        (
            [Delivery ID] => d0f6d4659cf74ad27bce2214515e1c6c
            [Date] => Mar 25, 2024 @ 2:05
            [URL] => https://webhook.bigseller.com/callback/woocommerce/2233854/submit.json
            [Duration] => 2.09436
            [Request] => Array
                (
                    [Method] => POST
                    [Headers] => Array
                        (
                            [User-Agent] => WooCommerce/8.6.1 Hookshot (WordPress/6.4.3)
                            [Content-Type] => application/json
                            [X-WC-Webhook-Source] => https://cam-energy.com/
                            [X-WC-Webhook-Topic] => order.updated
                            [X-WC-Webhook-Resource] => order
                            [X-WC-Webhook-Event] => updated
                            [X-WC-Webhook-Signature] => H+P141Oa0fCmWzv9x8tIqMc4EIdDrRx32uEfww3z5eQ=
                            [X-WC-Webhook-ID] => 4
                            [X-WC-Webhook-Delivery-ID] => d0f6d4659cf74ad27bce2214515e1c6c
                        )

                )

            [Body] => Webhook body is not logged unless WP_DEBUG mode is turned on. This is to avoid the storing of personal data in the logs.
            [Response] => Array
                (
                    [Code] => 200
                    [Message] => OK
                    [Headers] => WpOrg\Requests\Utility\CaseInsensitiveDictionary Object
                        (
                            [data:protected] => Array
                                (
                                    [date] => Mon, 25 Mar 2024 02:05:44 GMT
                                    [content-length] => 0
                                    [server] => nginx
                                    [set-cookie] => JSESSIONID=2AFBDFF1709A522A852615F56074E625; Path=/; HttpOnly
                                    [x-frame-options] => SAMEORIGIN
                                )

                        )

                    [Body] => Webhook body is not logged unless WP_DEBUG mode is turned on. This is to avoid the storing of personal data in the logs.
                )

        )

)
2024-03-25T10:24:59+00:00 INFO Array
(
    [Webhook Delivery] => Array
        (
            [Delivery ID] => 25bed8c360ed704fe727d6aae6c35012
            [Date] => Mar 25, 2024 @ 10:24
            [URL] => https://webhook.bigseller.com/callback/woocommerce/2233854/submit.json
            [Duration] => 2.22229
            [Request] => Array
                (
                    [Method] => POST
                    [Headers] => Array
                        (
                            [User-Agent] => WooCommerce/8.6.1 Hookshot (WordPress/6.4.3)
                            [Content-Type] => application/json
                            [X-WC-Webhook-Source] => https://cam-energy.com/
                            [X-WC-Webhook-Topic] => order.created
                            [X-WC-Webhook-Resource] => order
                            [X-WC-Webhook-Event] => created
                            [X-WC-Webhook-Signature] => T4Q7J/1wRqBXC5sVi8ljktRW1ebP5qmCZHY6k7o3ih0=
                            [X-WC-Webhook-ID] => 3
                            [X-WC-Webhook-Delivery-ID] => 25bed8c360ed704fe727d6aae6c35012
                        )

                )

            [Body] => Webhook body is not logged unless WP_DEBUG mode is turned on. This is to avoid the storing of personal data in the logs.
            [Response] => Array
                (
                    [Code] => 200
                    [Message] => OK
                    [Headers] => WpOrg\Requests\Utility\CaseInsensitiveDictionary Object
                        (
                            [data:protected] => Array
                                (
                                    [date] => Mon, 25 Mar 2024 10:24:59 GMT
                                    [content-length] => 0
                                    [server] => nginx
                                    [set-cookie] => JSESSIONID=01D86B9090195C8F982295A3D3045E66; Path=/; HttpOnly
                                    [x-frame-options] => SAMEORIGIN
                                )

                        )

                    [Body] => Webhook body is not logged unless WP_DEBUG mode is turned on. This is to avoid the storing of personal data in the logs.
                )

        )

)
2024-03-25T10:25:01+00:00 INFO Array
(
    [Webhook Delivery] => Array
        (
            [Delivery ID] => ec95037cc7dda158e89d51a12a4da2b4
            [Date] => Mar 25, 2024 @ 10:25
            [URL] => https://webhook.bigseller.com/callback/woocommerce/2233854/submit.json
            [Duration] => 1.86164
            [Request] => Array
                (
                    [Method] => POST
                    [Headers] => Array
                        (
                            [User-Agent] => WooCommerce/8.6.1 Hookshot (WordPress/6.4.3)
                            [Content-Type] => application/json
                            [X-WC-Webhook-Source] => https://cam-energy.com/
                            [X-WC-Webhook-Topic] => order.updated
                            [X-WC-Webhook-Resource] => order
                            [X-WC-Webhook-Event] => updated
                            [X-WC-Webhook-Signature] => JECHIrbfg4PHFxsuQX0ya5tQatUCXnyxdbFvtpyhsyY=
                            [X-WC-Webhook-ID] => 4
                            [X-WC-Webhook-Delivery-ID] => ec95037cc7dda158e89d51a12a4da2b4
                        )

                )

            [Body] => Webhook body is not logged unless WP_DEBUG mode is turned on. This is to avoid the storing of personal data in the logs.
            [Response] => Array
                (
                    [Code] => 200
                    [Message] => OK
                    [Headers] => WpOrg\Requests\Utility\CaseInsensitiveDictionary Object
                        (
                            [data:protected] => Array
                                (
                                    [date] => Mon, 25 Mar 2024 10:25:01 GMT
                                    [content-length] => 0
                                    [server] => nginx
                                    [set-cookie] => JSESSIONID=3141B198C6F80CB74A8A9BCA5F975CDF; Path=/; HttpOnly
                                    [x-frame-options] => SAMEORIGIN
                                )

                        )

                    [Body] => Webhook body is not logged unless WP_DEBUG mode is turned on. This is to avoid the storing of personal data in the logs.
                )

        )

)
2024-03-25T15:13:37+00:00 INFO Array
(
    [Webhook Delivery] => Array
        (
            [Delivery ID] => 8dbdc05b1c8f0f20d6122698af19e489
            [Date] => Mar 25, 2024 @ 15:13
            [URL] => https://webhook.bigseller.com/callback/woocommerce/2233854/submit.json
            [Duration] => 2.56031
            [Request] => Array
                (
                    [Method] => POST
                    [Headers] => Array
                        (
                            [User-Agent] => WooCommerce/8.6.1 Hookshot (WordPress/6.4.3)
                            [Content-Type] => application/json
                            [X-WC-Webhook-Source] => https://cam-energy.com/
                            [X-WC-Webhook-Topic] => order.created
                            [X-WC-Webhook-Resource] => order
                            [X-WC-Webhook-Event] => created
                            [X-WC-Webhook-Signature] => JYHiFqY6QpqTD9Duy8kCvQMH/L9DbDwHM9yelA8X1to=
                            [X-WC-Webhook-ID] => 3
                            [X-WC-Webhook-Delivery-ID] => 8dbdc05b1c8f0f20d6122698af19e489
                        )

                )

            [Body] => Webhook body is not logged unless WP_DEBUG mode is turned on. This is to avoid the storing of personal data in the logs.
            [Response] => Array
                (
                    [Code] => 200
                    [Message] => OK
                    [Headers] => WpOrg\Requests\Utility\CaseInsensitiveDictionary Object
                        (
                            [data:protected] => Array
                                (
                                    [date] => Mon, 25 Mar 2024 15:13:37 GMT
                                    [content-length] => 0
                                    [server] => nginx
                                    [set-cookie] => JSESSIONID=95BAE99D18959E0DAF68EB0FA5F17572; Path=/; HttpOnly
                                )

                        )

                    [Body] => Webhook body is not logged unless WP_DEBUG mode is turned on. This is to avoid the storing of personal data in the logs.
                )

        )

)
2024-03-25T15:13:39+00:00 INFO Array
(
    [Webhook Delivery] => Array
        (
            [Delivery ID] => 201aa277ead9c77a2fe463b19baf905e
            [Date] => Mar 25, 2024 @ 15:13
            [URL] => https://webhook.bigseller.com/callback/woocommerce/2233854/submit.json
            [Duration] => 1.89492
            [Request] => Array
                (
                    [Method] => POST
                    [Headers] => Array
                        (
                            [User-Agent] => WooCommerce/8.6.1 Hookshot (WordPress/6.4.3)
                            [Content-Type] => application/json
                            [X-WC-Webhook-Source] => https://cam-energy.com/
                            [X-WC-Webhook-Topic] => order.updated
                            [X-WC-Webhook-Resource] => order
                            [X-WC-Webhook-Event] => updated
                            [X-WC-Webhook-Signature] => R90/ZgTEbp/7KpkXS2fN1HqpAkKp/7+Sx0mbIQfG/Hk=
                            [X-WC-Webhook-ID] => 4
                            [X-WC-Webhook-Delivery-ID] => 201aa277ead9c77a2fe463b19baf905e
                        )

                )

            [Body] => Webhook body is not logged unless WP_DEBUG mode is turned on. This is to avoid the storing of personal data in the logs.
            [Response] => Array
                (
                    [Code] => 200
                    [Message] => OK
                    [Headers] => WpOrg\Requests\Utility\CaseInsensitiveDictionary Object
                        (
                            [data:protected] => Array
                                (
                                    [date] => Mon, 25 Mar 2024 15:13:39 GMT
                                    [content-length] => 0
                                    [server] => nginx
                                    [set-cookie] => JSESSIONID=BBE67DD66F74A5A6D1AEEEE0A25F2979; Path=/; HttpOnly
                                    [x-frame-options] => SAMEORIGIN
                                )

                        )

                    [Body] => Webhook body is not logged unless WP_DEBUG mode is turned on. This is to avoid the storing of personal data in the logs.
                )

        )

)
2024-03-25T17:33:16+00:00 INFO Array
(
    [Webhook Delivery] => Array
        (
            [Delivery ID] => 1a69819cbfa89f81e1754b19a98ae487
            [Date] => Mar 25, 2024 @ 17:33
            [URL] => https://webhook.bigseller.com/callback/woocommerce/2233854/submit.json
            [Duration] => 2.18276
            [Request] => Array
                (
                    [Method] => POST
                    [Headers] => Array
                        (
                            [User-Agent] => WooCommerce/8.6.1 Hookshot (WordPress/6.4.3)
                            [Content-Type] => application/json
                            [X-WC-Webhook-Source] => https://cam-energy.com/
                            [X-WC-Webhook-Topic] => order.created
                            [X-WC-Webhook-Resource] => order
                            [X-WC-Webhook-Event] => created
                            [X-WC-Webhook-Signature] => Y/mhOmO5GHTZyQt+bLQ5epQEvT+fLAzKddJyOFc+6IM=
                            [X-WC-Webhook-ID] => 3
                            [X-WC-Webhook-Delivery-ID] => 1a69819cbfa89f81e1754b19a98ae487
                        )

                )

            [Body] => Webhook body is not logged unless WP_DEBUG mode is turned on. This is to avoid the storing of personal data in the logs.
            [Response] => Array
                (
                    [Code] => 200
                    [Message] => OK
                    [Headers] => WpOrg\Requests\Utility\CaseInsensitiveDictionary Object
                        (
                            [data:protected] => Array
                                (
                                    [date] => Mon, 25 Mar 2024 17:33:16 GMT
                                    [content-length] => 0
                                    [server] => nginx
                                    [set-cookie] => JSESSIONID=D07822EE330ABFE78B74A446EDD2C9EA; Path=/; HttpOnly
                                    [x-frame-options] => SAMEORIGIN
                                )

                        )

                    [Body] => Webhook body is not logged unless WP_DEBUG mode is turned on. This is to avoid the storing of personal data in the logs.
                )

        )

)
2024-03-25T17:33:18+00:00 INFO Array
(
    [Webhook Delivery] => Array
        (
            [Delivery ID] => 8e90d09874598fe277af44f9f51c3720
            [Date] => Mar 25, 2024 @ 17:33
            [URL] => https://webhook.bigseller.com/callback/woocommerce/2233854/submit.json
            [Duration] => 1.90794
            [Request] => Array
                (
                    [Method] => POST
                    [Headers] => Array
                        (
                            [User-Agent] => WooCommerce/8.6.1 Hookshot (WordPress/6.4.3)
                            [Content-Type] => application/json
                            [X-WC-Webhook-Source] => https://cam-energy.com/
                            [X-WC-Webhook-Topic] => order.updated
                            [X-WC-Webhook-Resource] => order
                            [X-WC-Webhook-Event] => updated
                            [X-WC-Webhook-Signature] => 8ytFEzFd9NOtyQSKZiKWT0DWVDHoF+9X5nzoEzsVVyc=
                            [X-WC-Webhook-ID] => 4
                            [X-WC-Webhook-Delivery-ID] => 8e90d09874598fe277af44f9f51c3720
                        )

                )

            [Body] => Webhook body is not logged unless WP_DEBUG mode is turned on. This is to avoid the storing of personal data in the logs.
            [Response] => Array
                (
                    [Code] => 200
                    [Message] => OK
                    [Headers] => WpOrg\Requests\Utility\CaseInsensitiveDictionary Object
                        (
                            [data:protected] => Array
                                (
                                    [date] => Mon, 25 Mar 2024 17:33:18 GMT
                                    [content-length] => 0
                                    [server] => nginx
                                    [set-cookie] => JSESSIONID=BFEFEE56D728BBED2EAC95BB896845A4; Path=/; HttpOnly
                                )

                        )

                    [Body] => Webhook body is not logged unless WP_DEBUG mode is turned on. This is to avoid the storing of personal data in the logs.
                )

        )

)
2024-03-25T17:48:38+00:00 INFO Array
(
    [Webhook Delivery] => Array
        (
            [Delivery ID] => 11aba1041be2acf96f8c193ce9fae997
            [Date] => Mar 25, 2024 @ 17:48
            [URL] => https://webhook.bigseller.com/callback/woocommerce/2233854/submit.json
            [Duration] => 2.29512
            [Request] => Array
                (
                    [Method] => POST
                    [Headers] => Array
                        (
                            [User-Agent] => WooCommerce/8.6.1 Hookshot (WordPress/6.4.3)
                            [Content-Type] => application/json
                            [X-WC-Webhook-Source] => https://cam-energy.com/
                            [X-WC-Webhook-Topic] => order.created
                            [X-WC-Webhook-Resource] => order
                            [X-WC-Webhook-Event] => created
                            [X-WC-Webhook-Signature] => wH+91j3TfX59fyPAvceLYkXYHnX3ojs7zWxzBFCGfYo=
                            [X-WC-Webhook-ID] => 3
                            [X-WC-Webhook-Delivery-ID] => 11aba1041be2acf96f8c193ce9fae997
                        )

                )

            [Body] => Webhook body is not logged unless WP_DEBUG mode is turned on. This is to avoid the storing of personal data in the logs.
            [Response] => Array
                (
                    [Code] => 200
                    [Message] => OK
                    [Headers] => WpOrg\Requests\Utility\CaseInsensitiveDictionary Object
                        (
                            [data:protected] => Array
                                (
                                    [date] => Mon, 25 Mar 2024 17:48:38 GMT
                                    [content-length] => 0
                                    [server] => nginx
                                    [set-cookie] => JSESSIONID=89BC44779D564D2DB916E540D5DE3709; Path=/; HttpOnly
                                )

                        )

                    [Body] => Webhook body is not logged unless WP_DEBUG mode is turned on. This is to avoid the storing of personal data in the logs.
                )

        )

)
2024-03-25T17:48:40+00:00 INFO Array
(
    [Webhook Delivery] => Array
        (
            [Delivery ID] => c944cfeb352b4af95e71a9c649842fa0
            [Date] => Mar 25, 2024 @ 17:48
            [URL] => https://webhook.bigseller.com/callback/woocommerce/2233854/submit.json
            [Duration] => 1.89932
            [Request] => Array
                (
                    [Method] => POST
                    [Headers] => Array
                        (
                            [User-Agent] => WooCommerce/8.6.1 Hookshot (WordPress/6.4.3)
                            [Content-Type] => application/json
                            [X-WC-Webhook-Source] => https://cam-energy.com/
                            [X-WC-Webhook-Topic] => order.updated
                            [X-WC-Webhook-Resource] => order
                            [X-WC-Webhook-Event] => updated
                            [X-WC-Webhook-Signature] => 6WqdMO9aGyzl6kwl9N5sn1e0ErD1oplmbhmVdDsv9cg=
                            [X-WC-Webhook-ID] => 4
                            [X-WC-Webhook-Delivery-ID] => c944cfeb352b4af95e71a9c649842fa0
                        )

                )

            [Body] => Webhook body is not logged unless WP_DEBUG mode is turned on. This is to avoid the storing of personal data in the logs.
            [Response] => Array
                (
                    [Code] => 200
                    [Message] => OK
                    [Headers] => WpOrg\Requests\Utility\CaseInsensitiveDictionary Object
                        (
                            [data:protected] => Array
                                (
                                    [date] => Mon, 25 Mar 2024 17:48:40 GMT
                                    [content-length] => 0
                                    [server] => nginx
                                    [set-cookie] => JSESSIONID=6483B785C9781F833A882BEF660FF64F; Path=/; HttpOnly
                                    [x-frame-options] => SAMEORIGIN
                                )

                        )

                    [Body] => Webhook body is not logged unless WP_DEBUG mode is turned on. This is to avoid the storing of personal data in the logs.
                )

        )

)
