2024-04-06T00:04:39+00:00 INFO Array
(
    [Webhook Delivery] => Array
        (
            [Delivery ID] => d6a5b5e6c298915a7fd8e1bf1217c316
            [Date] => Apr 6, 2024 @ 0:04
            [URL] => https://webhook.bigseller.com/callback/woocommerce/2233854/submit.json
            [Duration] => 2.15405
            [Request] => Array
                (
                    [Method] => POST
                    [Headers] => Array
                        (
                            [User-Agent] => WooCommerce/8.6.1 Hookshot (WordPress/6.4.3)
                            [Content-Type] => application/json
                            [X-WC-Webhook-Source] => https://cam-energy.com/
                            [X-WC-Webhook-Topic] => order.updated
                            [X-WC-Webhook-Resource] => order
                            [X-WC-Webhook-Event] => updated
                            [X-WC-Webhook-Signature] => sxfkRzuNg1WfWLyLyM/95oA+9+R4NyIbTbgYDik/0C4=
                            [X-WC-Webhook-ID] => 4
                            [X-WC-Webhook-Delivery-ID] => d6a5b5e6c298915a7fd8e1bf1217c316
                        )

                )

            [Body] => Webhook body is not logged unless WP_DEBUG mode is turned on. This is to avoid the storing of personal data in the logs.
            [Response] => Array
                (
                    [Code] => 200
                    [Message] => OK
                    [Headers] => WpOrg\Requests\Utility\CaseInsensitiveDictionary Object
                        (
                            [data:protected] => Array
                                (
                                    [date] => Sat, 06 Apr 2024 00:04:38 GMT
                                    [content-length] => 0
                                    [server] => nginx
                                    [set-cookie] => JSESSIONID=EAE2168FA3CD08FB53746FD64862385E; Path=/; HttpOnly
                                )

                        )

                    [Body] => Webhook body is not logged unless WP_DEBUG mode is turned on. This is to avoid the storing of personal data in the logs.
                )

        )

)
2024-04-06T00:04:40+00:00 INFO Array
(
    [Webhook Delivery] => Array
        (
            [Delivery ID] => 3777a5a2575fdf4996702c2e03d376b0
            [Date] => Apr 6, 2024 @ 0:04
            [URL] => https://webhook.bigseller.com/callback/woocommerce/2233854/submit.json
            [Duration] => 1.90687
            [Request] => Array
                (
                    [Method] => POST
                    [Headers] => Array
                        (
                            [User-Agent] => WooCommerce/8.6.1 Hookshot (WordPress/6.4.3)
                            [Content-Type] => application/json
                            [X-WC-Webhook-Source] => https://cam-energy.com/
                            [X-WC-Webhook-Topic] => order.updated
                            [X-WC-Webhook-Resource] => order
                            [X-WC-Webhook-Event] => updated
                            [X-WC-Webhook-Signature] => sEdb7s15y5Mbw2G+2Xr61kqs1iQRDkBTu4FPw1QAFjc=
                            [X-WC-Webhook-ID] => 4
                            [X-WC-Webhook-Delivery-ID] => 3777a5a2575fdf4996702c2e03d376b0
                        )

                )

            [Body] => Webhook body is not logged unless WP_DEBUG mode is turned on. This is to avoid the storing of personal data in the logs.
            [Response] => Array
                (
                    [Code] => 200
                    [Message] => OK
                    [Headers] => WpOrg\Requests\Utility\CaseInsensitiveDictionary Object
                        (
                            [data:protected] => Array
                                (
                                    [date] => Sat, 06 Apr 2024 00:04:40 GMT
                                    [content-length] => 0
                                    [server] => nginx
                                    [set-cookie] => JSESSIONID=5F31FD0930EA1434293BBE4CFB23011B; Path=/; HttpOnly
                                    [x-frame-options] => SAMEORIGIN
                                )

                        )

                    [Body] => Webhook body is not logged unless WP_DEBUG mode is turned on. This is to avoid the storing of personal data in the logs.
                )

        )

)
2024-04-06T00:04:42+00:00 INFO Array
(
    [Webhook Delivery] => Array
        (
            [Delivery ID] => 3e8c222dbbacabcba7a91b593fe9bcfa
            [Date] => Apr 6, 2024 @ 0:04
            [URL] => https://webhook.bigseller.com/callback/woocommerce/2233854/submit.json
            [Duration] => 1.9378
            [Request] => Array
                (
                    [Method] => POST
                    [Headers] => Array
                        (
                            [User-Agent] => WooCommerce/8.6.1 Hookshot (WordPress/6.4.3)
                            [Content-Type] => application/json
                            [X-WC-Webhook-Source] => https://cam-energy.com/
                            [X-WC-Webhook-Topic] => order.updated
                            [X-WC-Webhook-Resource] => order
                            [X-WC-Webhook-Event] => updated
                            [X-WC-Webhook-Signature] => blEgXYyx4plZAJ8MNDyDf1KSvxppb9inATzeJTAwTFs=
                            [X-WC-Webhook-ID] => 4
                            [X-WC-Webhook-Delivery-ID] => 3e8c222dbbacabcba7a91b593fe9bcfa
                        )

                )

            [Body] => Webhook body is not logged unless WP_DEBUG mode is turned on. This is to avoid the storing of personal data in the logs.
            [Response] => Array
                (
                    [Code] => 200
                    [Message] => OK
                    [Headers] => WpOrg\Requests\Utility\CaseInsensitiveDictionary Object
                        (
                            [data:protected] => Array
                                (
                                    [date] => Sat, 06 Apr 2024 00:04:42 GMT
                                    [content-length] => 0
                                    [server] => nginx
                                    [set-cookie] => JSESSIONID=70B109AA9EAEAACC7B0BCF26B2B8CDD7; Path=/; HttpOnly
                                )

                        )

                    [Body] => Webhook body is not logged unless WP_DEBUG mode is turned on. This is to avoid the storing of personal data in the logs.
                )

        )

)
2024-04-06T00:04:44+00:00 INFO Array
(
    [Webhook Delivery] => Array
        (
            [Delivery ID] => 4eb585279bbf97ba00f476efc2a6103f
            [Date] => Apr 6, 2024 @ 0:04
            [URL] => https://webhook.bigseller.com/callback/woocommerce/2233854/submit.json
            [Duration] => 2.00453
            [Request] => Array
                (
                    [Method] => POST
                    [Headers] => Array
                        (
                            [User-Agent] => WooCommerce/8.6.1 Hookshot (WordPress/6.4.3)
                            [Content-Type] => application/json
                            [X-WC-Webhook-Source] => https://cam-energy.com/
                            [X-WC-Webhook-Topic] => order.updated
                            [X-WC-Webhook-Resource] => order
                            [X-WC-Webhook-Event] => updated
                            [X-WC-Webhook-Signature] => fL6DLcwcvxHFQACJOovZlElKYsX5lqKt+atdDvAKMYc=
                            [X-WC-Webhook-ID] => 4
                            [X-WC-Webhook-Delivery-ID] => 4eb585279bbf97ba00f476efc2a6103f
                        )

                )

            [Body] => Webhook body is not logged unless WP_DEBUG mode is turned on. This is to avoid the storing of personal data in the logs.
            [Response] => Array
                (
                    [Code] => 200
                    [Message] => OK
                    [Headers] => WpOrg\Requests\Utility\CaseInsensitiveDictionary Object
                        (
                            [data:protected] => Array
                                (
                                    [date] => Sat, 06 Apr 2024 00:04:44 GMT
                                    [content-length] => 0
                                    [server] => nginx
                                    [set-cookie] => JSESSIONID=12CAADE25241700B962AC98858438727; Path=/; HttpOnly
                                )

                        )

                    [Body] => Webhook body is not logged unless WP_DEBUG mode is turned on. This is to avoid the storing of personal data in the logs.
                )

        )

)
2024-04-06T00:04:46+00:00 INFO Array
(
    [Webhook Delivery] => Array
        (
            [Delivery ID] => 3819b148dba19fecc841ccfd8a35d402
            [Date] => Apr 6, 2024 @ 0:04
            [URL] => https://webhook.bigseller.com/callback/woocommerce/2233854/submit.json
            [Duration] => 2.00569
            [Request] => Array
                (
                    [Method] => POST
                    [Headers] => Array
                        (
                            [User-Agent] => WooCommerce/8.6.1 Hookshot (WordPress/6.4.3)
                            [Content-Type] => application/json
                            [X-WC-Webhook-Source] => https://cam-energy.com/
                            [X-WC-Webhook-Topic] => order.updated
                            [X-WC-Webhook-Resource] => order
                            [X-WC-Webhook-Event] => updated
                            [X-WC-Webhook-Signature] => EuZiq4Prsr2/mo9+BWBQ/hkq9MLmX8Q2w8lChoDIuqM=
                            [X-WC-Webhook-ID] => 4
                            [X-WC-Webhook-Delivery-ID] => 3819b148dba19fecc841ccfd8a35d402
                        )

                )

            [Body] => Webhook body is not logged unless WP_DEBUG mode is turned on. This is to avoid the storing of personal data in the logs.
            [Response] => Array
                (
                    [Code] => 200
                    [Message] => OK
                    [Headers] => WpOrg\Requests\Utility\CaseInsensitiveDictionary Object
                        (
                            [data:protected] => Array
                                (
                                    [date] => Sat, 06 Apr 2024 00:04:46 GMT
                                    [content-length] => 0
                                    [server] => nginx
                                    [set-cookie] => JSESSIONID=B38C723E2E2850BD50CBA5AB6CBD09A0; Path=/; HttpOnly
                                    [x-frame-options] => SAMEORIGIN
                                )

                        )

                    [Body] => Webhook body is not logged unless WP_DEBUG mode is turned on. This is to avoid the storing of personal data in the logs.
                )

        )

)
2024-04-06T00:04:49+00:00 INFO Array
(
    [Webhook Delivery] => Array
        (
            [Delivery ID] => 5376be7ae4dfde8f81e43928a85b3f81
            [Date] => Apr 6, 2024 @ 0:04
            [URL] => https://webhook.bigseller.com/callback/woocommerce/2233854/submit.json
            [Duration] => 2.06973
            [Request] => Array
                (
                    [Method] => POST
                    [Headers] => Array
                        (
                            [User-Agent] => WooCommerce/8.6.1 Hookshot (WordPress/6.4.3)
                            [Content-Type] => application/json
                            [X-WC-Webhook-Source] => https://cam-energy.com/
                            [X-WC-Webhook-Topic] => order.updated
                            [X-WC-Webhook-Resource] => order
                            [X-WC-Webhook-Event] => updated
                            [X-WC-Webhook-Signature] => 2ovdjWlojbt4xCIBPc0Lt9g+95AjDazi1zCQFXbxG3Y=
                            [X-WC-Webhook-ID] => 4
                            [X-WC-Webhook-Delivery-ID] => 5376be7ae4dfde8f81e43928a85b3f81
                        )

                )

            [Body] => Webhook body is not logged unless WP_DEBUG mode is turned on. This is to avoid the storing of personal data in the logs.
            [Response] => Array
                (
                    [Code] => 200
                    [Message] => OK
                    [Headers] => WpOrg\Requests\Utility\CaseInsensitiveDictionary Object
                        (
                            [data:protected] => Array
                                (
                                    [date] => Sat, 06 Apr 2024 00:04:48 GMT
                                    [content-length] => 0
                                    [server] => nginx
                                    [set-cookie] => JSESSIONID=774CA56FD53CECFE4F4B85837CF7029D; Path=/; HttpOnly
                                )

                        )

                    [Body] => Webhook body is not logged unless WP_DEBUG mode is turned on. This is to avoid the storing of personal data in the logs.
                )

        )

)
2024-04-06T01:41:52+00:00 INFO Array
(
    [Webhook Delivery] => Array
        (
            [Delivery ID] => 4eef66c17b6069c3105456327bcb23c2
            [Date] => Apr 6, 2024 @ 1:41
            [URL] => https://webhook.bigseller.com/callback/woocommerce/2233854/submit.json
            [Duration] => 2.55372
            [Request] => Array
                (
                    [Method] => POST
                    [Headers] => Array
                        (
                            [User-Agent] => WooCommerce/8.6.1 Hookshot (WordPress/6.4.3)
                            [Content-Type] => application/json
                            [X-WC-Webhook-Source] => https://cam-energy.com/
                            [X-WC-Webhook-Topic] => order.created
                            [X-WC-Webhook-Resource] => order
                            [X-WC-Webhook-Event] => created
                            [X-WC-Webhook-Signature] => eWaOq4DMR16I7uPopG8jtzjcv9MzTYSowNBTbs5G+E8=
                            [X-WC-Webhook-ID] => 3
                            [X-WC-Webhook-Delivery-ID] => 4eef66c17b6069c3105456327bcb23c2
                        )

                )

            [Body] => Webhook body is not logged unless WP_DEBUG mode is turned on. This is to avoid the storing of personal data in the logs.
            [Response] => Array
                (
                    [Code] => 200
                    [Message] => OK
                    [Headers] => WpOrg\Requests\Utility\CaseInsensitiveDictionary Object
                        (
                            [data:protected] => Array
                                (
                                    [date] => Sat, 06 Apr 2024 01:41:52 GMT
                                    [content-length] => 0
                                    [server] => nginx
                                    [set-cookie] => JSESSIONID=73F0FEA5BA6F4E0D88ED20879445510A; Path=/; HttpOnly
                                )

                        )

                    [Body] => Webhook body is not logged unless WP_DEBUG mode is turned on. This is to avoid the storing of personal data in the logs.
                )

        )

)
2024-04-06T01:41:54+00:00 INFO Array
(
    [Webhook Delivery] => Array
        (
            [Delivery ID] => 69b02d5381a209f68d0183d11aa27a96
            [Date] => Apr 6, 2024 @ 1:41
            [URL] => https://webhook.bigseller.com/callback/woocommerce/2233854/submit.json
            [Duration] => 1.88015
            [Request] => Array
                (
                    [Method] => POST
                    [Headers] => Array
                        (
                            [User-Agent] => WooCommerce/8.6.1 Hookshot (WordPress/6.4.3)
                            [Content-Type] => application/json
                            [X-WC-Webhook-Source] => https://cam-energy.com/
                            [X-WC-Webhook-Topic] => order.updated
                            [X-WC-Webhook-Resource] => order
                            [X-WC-Webhook-Event] => updated
                            [X-WC-Webhook-Signature] => T4y0u5VpxfYu/CFnJDXhUftGpk/5pv1IJjt5q4mTzTc=
                            [X-WC-Webhook-ID] => 4
                            [X-WC-Webhook-Delivery-ID] => 69b02d5381a209f68d0183d11aa27a96
                        )

                )

            [Body] => Webhook body is not logged unless WP_DEBUG mode is turned on. This is to avoid the storing of personal data in the logs.
            [Response] => Array
                (
                    [Code] => 200
                    [Message] => OK
                    [Headers] => WpOrg\Requests\Utility\CaseInsensitiveDictionary Object
                        (
                            [data:protected] => Array
                                (
                                    [date] => Sat, 06 Apr 2024 01:41:54 GMT
                                    [content-length] => 0
                                    [server] => nginx
                                    [set-cookie] => JSESSIONID=EA5280013664BFE100B764F0B89BDCC4; Path=/; HttpOnly
                                )

                        )

                    [Body] => Webhook body is not logged unless WP_DEBUG mode is turned on. This is to avoid the storing of personal data in the logs.
                )

        )

)
2024-04-06T01:44:44+00:00 INFO Array
(
    [Webhook Delivery] => Array
        (
            [Delivery ID] => 4c2d333cf05225a74d2ab0d8e4c6440a
            [Date] => Apr 6, 2024 @ 1:44
            [URL] => https://webhook.bigseller.com/callback/woocommerce/2233854/submit.json
            [Duration] => 2.26403
            [Request] => Array
                (
                    [Method] => POST
                    [Headers] => Array
                        (
                            [User-Agent] => WooCommerce/8.6.1 Hookshot (WordPress/6.4.3)
                            [Content-Type] => application/json
                            [X-WC-Webhook-Source] => https://cam-energy.com/
                            [X-WC-Webhook-Topic] => order.created
                            [X-WC-Webhook-Resource] => order
                            [X-WC-Webhook-Event] => created
                            [X-WC-Webhook-Signature] => D6UvTvULeJQC3KaCXfXzfJe2LwgzA336TfNqa2bZhXU=
                            [X-WC-Webhook-ID] => 3
                            [X-WC-Webhook-Delivery-ID] => 4c2d333cf05225a74d2ab0d8e4c6440a
                        )

                )

            [Body] => Webhook body is not logged unless WP_DEBUG mode is turned on. This is to avoid the storing of personal data in the logs.
            [Response] => Array
                (
                    [Code] => 200
                    [Message] => OK
                    [Headers] => WpOrg\Requests\Utility\CaseInsensitiveDictionary Object
                        (
                            [data:protected] => Array
                                (
                                    [date] => Sat, 06 Apr 2024 01:44:43 GMT
                                    [content-length] => 0
                                    [server] => nginx
                                    [set-cookie] => JSESSIONID=7B882CE2E4579F3F2C608FE2D3535725; Path=/; HttpOnly
                                )

                        )

                    [Body] => Webhook body is not logged unless WP_DEBUG mode is turned on. This is to avoid the storing of personal data in the logs.
                )

        )

)
2024-04-06T01:44:46+00:00 INFO Array
(
    [Webhook Delivery] => Array
        (
            [Delivery ID] => ea1881149aa9dc908550ff59d676b88f
            [Date] => Apr 6, 2024 @ 1:44
            [URL] => https://webhook.bigseller.com/callback/woocommerce/2233854/submit.json
            [Duration] => 1.89203
            [Request] => Array
                (
                    [Method] => POST
                    [Headers] => Array
                        (
                            [User-Agent] => WooCommerce/8.6.1 Hookshot (WordPress/6.4.3)
                            [Content-Type] => application/json
                            [X-WC-Webhook-Source] => https://cam-energy.com/
                            [X-WC-Webhook-Topic] => order.updated
                            [X-WC-Webhook-Resource] => order
                            [X-WC-Webhook-Event] => updated
                            [X-WC-Webhook-Signature] => 7uhg9kMQcJ2RN2Zl4izBJynBEJKGZ0UCja4Xw05P5EM=
                            [X-WC-Webhook-ID] => 4
                            [X-WC-Webhook-Delivery-ID] => ea1881149aa9dc908550ff59d676b88f
                        )

                )

            [Body] => Webhook body is not logged unless WP_DEBUG mode is turned on. This is to avoid the storing of personal data in the logs.
            [Response] => Array
                (
                    [Code] => 200
                    [Message] => OK
                    [Headers] => WpOrg\Requests\Utility\CaseInsensitiveDictionary Object
                        (
                            [data:protected] => Array
                                (
                                    [date] => Sat, 06 Apr 2024 01:44:45 GMT
                                    [content-length] => 0
                                    [server] => nginx
                                    [set-cookie] => JSESSIONID=4BAC970563075D1B46AB4F15FC9CF675; Path=/; HttpOnly
                                    [x-frame-options] => SAMEORIGIN
                                )

                        )

                    [Body] => Webhook body is not logged unless WP_DEBUG mode is turned on. This is to avoid the storing of personal data in the logs.
                )

        )

)
2024-04-06T05:53:02+00:00 INFO Array
(
    [Webhook Delivery] => Array
        (
            [Delivery ID] => 887daf626b9df4fa221bd10106d7ed49
            [Date] => Apr 6, 2024 @ 5:53
            [URL] => https://webhook.bigseller.com/callback/woocommerce/2233854/submit.json
            [Duration] => 2.18878
            [Request] => Array
                (
                    [Method] => POST
                    [Headers] => Array
                        (
                            [User-Agent] => WooCommerce/8.6.1 Hookshot (WordPress/6.4.3)
                            [Content-Type] => application/json
                            [X-WC-Webhook-Source] => https://cam-energy.com/
                            [X-WC-Webhook-Topic] => order.updated
                            [X-WC-Webhook-Resource] => order
                            [X-WC-Webhook-Event] => updated
                            [X-WC-Webhook-Signature] => 4IRHh4VkoDWNQIcYs9yzfIc0NDf9abSjCzEXvz0DaCU=
                            [X-WC-Webhook-ID] => 4
                            [X-WC-Webhook-Delivery-ID] => 887daf626b9df4fa221bd10106d7ed49
                        )

                )

            [Body] => Webhook body is not logged unless WP_DEBUG mode is turned on. This is to avoid the storing of personal data in the logs.
            [Response] => Array
                (
                    [Code] => 200
                    [Message] => OK
                    [Headers] => WpOrg\Requests\Utility\CaseInsensitiveDictionary Object
                        (
                            [data:protected] => Array
                                (
                                    [date] => Sat, 06 Apr 2024 05:53:02 GMT
                                    [content-length] => 0
                                    [server] => nginx
                                    [set-cookie] => JSESSIONID=9D5794413C060CC9FBD2D8D524ECBE94; Path=/; HttpOnly
                                )

                        )

                    [Body] => Webhook body is not logged unless WP_DEBUG mode is turned on. This is to avoid the storing of personal data in the logs.
                )

        )

)
2024-04-06T05:53:52+00:00 INFO Array
(
    [Webhook Delivery] => Array
        (
            [Delivery ID] => 0996de33a156fab32edcc6afb10b6745
            [Date] => Apr 6, 2024 @ 5:53
            [URL] => https://webhook.bigseller.com/callback/woocommerce/2233854/submit.json
            [Duration] => 2.35372
            [Request] => Array
                (
                    [Method] => POST
                    [Headers] => Array
                        (
                            [User-Agent] => WooCommerce/8.6.1 Hookshot (WordPress/6.4.3)
                            [Content-Type] => application/json
                            [X-WC-Webhook-Source] => https://cam-energy.com/
                            [X-WC-Webhook-Topic] => order.updated
                            [X-WC-Webhook-Resource] => order
                            [X-WC-Webhook-Event] => updated
                            [X-WC-Webhook-Signature] => 1SlJkUsuRF+e110CE4uzUj9hWKXZY6S58KaY3SJCebM=
                            [X-WC-Webhook-ID] => 4
                            [X-WC-Webhook-Delivery-ID] => 0996de33a156fab32edcc6afb10b6745
                        )

                )

            [Body] => Webhook body is not logged unless WP_DEBUG mode is turned on. This is to avoid the storing of personal data in the logs.
            [Response] => Array
                (
                    [Code] => 200
                    [Message] => OK
                    [Headers] => WpOrg\Requests\Utility\CaseInsensitiveDictionary Object
                        (
                            [data:protected] => Array
                                (
                                    [date] => Sat, 06 Apr 2024 05:53:51 GMT
                                    [content-length] => 0
                                    [server] => nginx
                                    [set-cookie] => JSESSIONID=61924D6FFEAD8C1274F140253088DA26; Path=/; HttpOnly
                                    [x-frame-options] => SAMEORIGIN
                                )

                        )

                    [Body] => Webhook body is not logged unless WP_DEBUG mode is turned on. This is to avoid the storing of personal data in the logs.
                )

        )

)
2024-04-06T05:54:07+00:00 INFO Array
(
    [Webhook Delivery] => Array
        (
            [Delivery ID] => 614b9ccea632adfd6b8b5e2a2be4e458
            [Date] => Apr 6, 2024 @ 5:54
            [URL] => https://webhook.bigseller.com/callback/woocommerce/2233854/submit.json
            [Duration] => 2.1289
            [Request] => Array
                (
                    [Method] => POST
                    [Headers] => Array
                        (
                            [User-Agent] => WooCommerce/8.6.1 Hookshot (WordPress/6.4.3)
                            [Content-Type] => application/json
                            [X-WC-Webhook-Source] => https://cam-energy.com/
                            [X-WC-Webhook-Topic] => order.updated
                            [X-WC-Webhook-Resource] => order
                            [X-WC-Webhook-Event] => updated
                            [X-WC-Webhook-Signature] => Q+ZekbHPlYs/3YJvXdwJ8SDTk4ykotoVV38zlx1UYIc=
                            [X-WC-Webhook-ID] => 4
                            [X-WC-Webhook-Delivery-ID] => 614b9ccea632adfd6b8b5e2a2be4e458
                        )

                )

            [Body] => Webhook body is not logged unless WP_DEBUG mode is turned on. This is to avoid the storing of personal data in the logs.
            [Response] => Array
                (
                    [Code] => 200
                    [Message] => OK
                    [Headers] => WpOrg\Requests\Utility\CaseInsensitiveDictionary Object
                        (
                            [data:protected] => Array
                                (
                                    [date] => Sat, 06 Apr 2024 05:54:07 GMT
                                    [content-length] => 0
                                    [server] => nginx
                                    [set-cookie] => JSESSIONID=CC8EA90CBC21FDC2DDCD5A20045DC370; Path=/; HttpOnly
                                    [x-frame-options] => SAMEORIGIN
                                )

                        )

                    [Body] => Webhook body is not logged unless WP_DEBUG mode is turned on. This is to avoid the storing of personal data in the logs.
                )

        )

)
2024-04-06T05:55:34+00:00 INFO Array
(
    [Webhook Delivery] => Array
        (
            [Delivery ID] => 4b4ca1f4772c29300eea356f69997f14
            [Date] => Apr 6, 2024 @ 5:55
            [URL] => https://webhook.bigseller.com/callback/woocommerce/2233854/submit.json
            [Duration] => 2.17857
            [Request] => Array
                (
                    [Method] => POST
                    [Headers] => Array
                        (
                            [User-Agent] => WooCommerce/8.6.1 Hookshot (WordPress/6.4.3)
                            [Content-Type] => application/json
                            [X-WC-Webhook-Source] => https://cam-energy.com/
                            [X-WC-Webhook-Topic] => order.updated
                            [X-WC-Webhook-Resource] => order
                            [X-WC-Webhook-Event] => updated
                            [X-WC-Webhook-Signature] => Wal1k1bBaAYHaPLbDkXztqn1T5+5sSD/zxzLTD1eD+g=
                            [X-WC-Webhook-ID] => 4
                            [X-WC-Webhook-Delivery-ID] => 4b4ca1f4772c29300eea356f69997f14
                        )

                )

            [Body] => Webhook body is not logged unless WP_DEBUG mode is turned on. This is to avoid the storing of personal data in the logs.
            [Response] => Array
                (
                    [Code] => 200
                    [Message] => OK
                    [Headers] => WpOrg\Requests\Utility\CaseInsensitiveDictionary Object
                        (
                            [data:protected] => Array
                                (
                                    [date] => Sat, 06 Apr 2024 05:55:34 GMT
                                    [content-length] => 0
                                    [server] => nginx
                                    [set-cookie] => JSESSIONID=2DDF62E07B40EB9A6FA6D9B786DDBE59; Path=/; HttpOnly
                                    [x-frame-options] => SAMEORIGIN
                                )

                        )

                    [Body] => Webhook body is not logged unless WP_DEBUG mode is turned on. This is to avoid the storing of personal data in the logs.
                )

        )

)
2024-04-06T05:56:57+00:00 INFO Array
(
    [Webhook Delivery] => Array
        (
            [Delivery ID] => 39989eefe99c7a60cc915c3236e2c22f
            [Date] => Apr 6, 2024 @ 5:56
            [URL] => https://webhook.bigseller.com/callback/woocommerce/2233854/submit.json
            [Duration] => 2.13465
            [Request] => Array
                (
                    [Method] => POST
                    [Headers] => Array
                        (
                            [User-Agent] => WooCommerce/8.6.1 Hookshot (WordPress/6.4.3)
                            [Content-Type] => application/json
                            [X-WC-Webhook-Source] => https://cam-energy.com/
                            [X-WC-Webhook-Topic] => order.updated
                            [X-WC-Webhook-Resource] => order
                            [X-WC-Webhook-Event] => updated
                            [X-WC-Webhook-Signature] => ZL2+8GfA0HlnMK8y3j2ho+62bflhQ7UPM8t53SnTTgI=
                            [X-WC-Webhook-ID] => 4
                            [X-WC-Webhook-Delivery-ID] => 39989eefe99c7a60cc915c3236e2c22f
                        )

                )

            [Body] => Webhook body is not logged unless WP_DEBUG mode is turned on. This is to avoid the storing of personal data in the logs.
            [Response] => Array
                (
                    [Code] => 200
                    [Message] => OK
                    [Headers] => WpOrg\Requests\Utility\CaseInsensitiveDictionary Object
                        (
                            [data:protected] => Array
                                (
                                    [date] => Sat, 06 Apr 2024 05:56:57 GMT
                                    [content-length] => 0
                                    [server] => nginx
                                    [set-cookie] => JSESSIONID=930AC38EAA6B55CEAB4AA5039E172941; Path=/; HttpOnly
                                )

                        )

                    [Body] => Webhook body is not logged unless WP_DEBUG mode is turned on. This is to avoid the storing of personal data in the logs.
                )

        )

)
2024-04-06T09:15:36+00:00 INFO Array
(
    [Webhook Delivery] => Array
        (
            [Delivery ID] => 814dc132ed36fcd72c7185a9aba9c3fe
            [Date] => Apr 6, 2024 @ 9:15
            [URL] => https://webhook.bigseller.com/callback/woocommerce/2233854/submit.json
            [Duration] => 2.45035
            [Request] => Array
                (
                    [Method] => POST
                    [Headers] => Array
                        (
                            [User-Agent] => WooCommerce/8.6.1 Hookshot (WordPress/6.4.3)
                            [Content-Type] => application/json
                            [X-WC-Webhook-Source] => https://cam-energy.com/
                            [X-WC-Webhook-Topic] => order.updated
                            [X-WC-Webhook-Resource] => order
                            [X-WC-Webhook-Event] => updated
                            [X-WC-Webhook-Signature] => lY95HVJZ12bV5Y/12KXYd3XK2LcL3jxPzo5c9UlP4Zs=
                            [X-WC-Webhook-ID] => 4
                            [X-WC-Webhook-Delivery-ID] => 814dc132ed36fcd72c7185a9aba9c3fe
                        )

                )

            [Body] => Webhook body is not logged unless WP_DEBUG mode is turned on. This is to avoid the storing of personal data in the logs.
            [Response] => Array
                (
                    [Code] => 200
                    [Message] => OK
                    [Headers] => WpOrg\Requests\Utility\CaseInsensitiveDictionary Object
                        (
                            [data:protected] => Array
                                (
                                    [date] => Sat, 06 Apr 2024 09:15:36 GMT
                                    [content-length] => 0
                                    [server] => nginx
                                    [set-cookie] => JSESSIONID=55D108A97AD48D3AC7502AFF0BF905CD; Path=/; HttpOnly
                                )

                        )

                    [Body] => Webhook body is not logged unless WP_DEBUG mode is turned on. This is to avoid the storing of personal data in the logs.
                )

        )

)
2024-04-06T09:20:53+00:00 INFO Array
(
    [Webhook Delivery] => Array
        (
            [Delivery ID] => b289586306c20e08d31fd4497795a28a
            [Date] => Apr 6, 2024 @ 9:20
            [URL] => https://webhook.bigseller.com/callback/woocommerce/2233854/submit.json
            [Duration] => 2.42413
            [Request] => Array
                (
                    [Method] => POST
                    [Headers] => Array
                        (
                            [User-Agent] => WooCommerce/8.6.1 Hookshot (WordPress/6.4.3)
                            [Content-Type] => application/json
                            [X-WC-Webhook-Source] => https://cam-energy.com/
                            [X-WC-Webhook-Topic] => order.updated
                            [X-WC-Webhook-Resource] => order
                            [X-WC-Webhook-Event] => updated
                            [X-WC-Webhook-Signature] => jsNO0p6WngJUWHpw/0SkK6k0CvRe7sol05uGFrN9Y0c=
                            [X-WC-Webhook-ID] => 4
                            [X-WC-Webhook-Delivery-ID] => b289586306c20e08d31fd4497795a28a
                        )

                )

            [Body] => Webhook body is not logged unless WP_DEBUG mode is turned on. This is to avoid the storing of personal data in the logs.
            [Response] => Array
                (
                    [Code] => 200
                    [Message] => OK
                    [Headers] => WpOrg\Requests\Utility\CaseInsensitiveDictionary Object
                        (
                            [data:protected] => Array
                                (
                                    [date] => Sat, 06 Apr 2024 09:20:53 GMT
                                    [content-length] => 0
                                    [server] => nginx
                                    [set-cookie] => JSESSIONID=3D41F5C24A64A23052A7BF2C54A7BE5F; Path=/; HttpOnly
                                )

                        )

                    [Body] => Webhook body is not logged unless WP_DEBUG mode is turned on. This is to avoid the storing of personal data in the logs.
                )

        )

)
2024-04-06T09:24:37+00:00 INFO Array
(
    [Webhook Delivery] => Array
        (
            [Delivery ID] => a8b068a4d8989129730dbfe42697e38b
            [Date] => Apr 6, 2024 @ 9:24
            [URL] => https://webhook.bigseller.com/callback/woocommerce/2233854/submit.json
            [Duration] => 2.28758
            [Request] => Array
                (
                    [Method] => POST
                    [Headers] => Array
                        (
                            [User-Agent] => WooCommerce/8.6.1 Hookshot (WordPress/6.4.3)
                            [Content-Type] => application/json
                            [X-WC-Webhook-Source] => https://cam-energy.com/
                            [X-WC-Webhook-Topic] => order.updated
                            [X-WC-Webhook-Resource] => order
                            [X-WC-Webhook-Event] => updated
                            [X-WC-Webhook-Signature] => zofkRk+6Zxp1V+gGeSLttTem4IGAA2oqizlUyAZEU3Y=
                            [X-WC-Webhook-ID] => 4
                            [X-WC-Webhook-Delivery-ID] => a8b068a4d8989129730dbfe42697e38b
                        )

                )

            [Body] => Webhook body is not logged unless WP_DEBUG mode is turned on. This is to avoid the storing of personal data in the logs.
            [Response] => Array
                (
                    [Code] => 200
                    [Message] => OK
                    [Headers] => WpOrg\Requests\Utility\CaseInsensitiveDictionary Object
                        (
                            [data:protected] => Array
                                (
                                    [date] => Sat, 06 Apr 2024 09:24:37 GMT
                                    [content-length] => 0
                                    [server] => nginx
                                    [set-cookie] => JSESSIONID=67CB40F96428E25DBF17908B4D29614F; Path=/; HttpOnly
                                )

                        )

                    [Body] => Webhook body is not logged unless WP_DEBUG mode is turned on. This is to avoid the storing of personal data in the logs.
                )

        )

)
2024-04-06T09:27:37+00:00 INFO Array
(
    [Webhook Delivery] => Array
        (
            [Delivery ID] => ccc21ce470e3846885b8081b06433a99
            [Date] => Apr 6, 2024 @ 9:27
            [URL] => https://webhook.bigseller.com/callback/woocommerce/2233854/submit.json
            [Duration] => 2.4818
            [Request] => Array
                (
                    [Method] => POST
                    [Headers] => Array
                        (
                            [User-Agent] => WooCommerce/8.6.1 Hookshot (WordPress/6.4.3)
                            [Content-Type] => application/json
                            [X-WC-Webhook-Source] => https://cam-energy.com/
                            [X-WC-Webhook-Topic] => order.updated
                            [X-WC-Webhook-Resource] => order
                            [X-WC-Webhook-Event] => updated
                            [X-WC-Webhook-Signature] => NcwcCJi1h7gT4QRQ9gzlLPef172jXVh9mx47hDtlAIs=
                            [X-WC-Webhook-ID] => 4
                            [X-WC-Webhook-Delivery-ID] => ccc21ce470e3846885b8081b06433a99
                        )

                )

            [Body] => Webhook body is not logged unless WP_DEBUG mode is turned on. This is to avoid the storing of personal data in the logs.
            [Response] => Array
                (
                    [Code] => 200
                    [Message] => OK
                    [Headers] => WpOrg\Requests\Utility\CaseInsensitiveDictionary Object
                        (
                            [data:protected] => Array
                                (
                                    [date] => Sat, 06 Apr 2024 09:27:36 GMT
                                    [content-length] => 0
                                    [server] => nginx
                                    [set-cookie] => JSESSIONID=997B3697BD72F255D035472ED1295FB8; Path=/; HttpOnly
                                    [x-frame-options] => SAMEORIGIN
                                )

                        )

                    [Body] => Webhook body is not logged unless WP_DEBUG mode is turned on. This is to avoid the storing of personal data in the logs.
                )

        )

)
2024-04-06T10:02:37+00:00 INFO Array
(
    [Webhook Delivery] => Array
        (
            [Delivery ID] => 8868e188dfeb07d17817e9ea228e8a74
            [Date] => Apr 6, 2024 @ 10:02
            [URL] => https://webhook.bigseller.com/callback/woocommerce/2233854/submit.json
            [Duration] => 2.60454
            [Request] => Array
                (
                    [Method] => POST
                    [Headers] => Array
                        (
                            [User-Agent] => WooCommerce/8.6.1 Hookshot (WordPress/6.4.3)
                            [Content-Type] => application/json
                            [X-WC-Webhook-Source] => https://cam-energy.com/
                            [X-WC-Webhook-Topic] => order.updated
                            [X-WC-Webhook-Resource] => order
                            [X-WC-Webhook-Event] => updated
                            [X-WC-Webhook-Signature] => pWQwjEU88XTnbnnhUAn1I7rvBsCwQZoVRqG98Fr3WYA=
                            [X-WC-Webhook-ID] => 4
                            [X-WC-Webhook-Delivery-ID] => 8868e188dfeb07d17817e9ea228e8a74
                        )

                )

            [Body] => Webhook body is not logged unless WP_DEBUG mode is turned on. This is to avoid the storing of personal data in the logs.
            [Response] => Array
                (
                    [Code] => 200
                    [Message] => OK
                    [Headers] => WpOrg\Requests\Utility\CaseInsensitiveDictionary Object
                        (
                            [data:protected] => Array
                                (
                                    [date] => Sat, 06 Apr 2024 10:02:36 GMT
                                    [content-length] => 0
                                    [server] => nginx
                                    [set-cookie] => JSESSIONID=4AB714A587417861B33C52207C211F1E; Path=/; HttpOnly
                                    [x-frame-options] => SAMEORIGIN
                                )

                        )

                    [Body] => Webhook body is not logged unless WP_DEBUG mode is turned on. This is to avoid the storing of personal data in the logs.
                )

        )

)
2024-04-06T10:03:38+00:00 INFO Array
(
    [Webhook Delivery] => Array
        (
            [Delivery ID] => 6feb7ad67554210f8a3dc98f35ca861f
            [Date] => Apr 6, 2024 @ 10:03
            [URL] => https://webhook.bigseller.com/callback/woocommerce/2233854/submit.json
            [Duration] => 2.26148
            [Request] => Array
                (
                    [Method] => POST
                    [Headers] => Array
                        (
                            [User-Agent] => WooCommerce/8.6.1 Hookshot (WordPress/6.4.3)
                            [Content-Type] => application/json
                            [X-WC-Webhook-Source] => https://cam-energy.com/
                            [X-WC-Webhook-Topic] => order.updated
                            [X-WC-Webhook-Resource] => order
                            [X-WC-Webhook-Event] => updated
                            [X-WC-Webhook-Signature] => 2b98NeXPwGamEpH8stzBWBLdnjh83QiYdr2wHzgk3CI=
                            [X-WC-Webhook-ID] => 4
                            [X-WC-Webhook-Delivery-ID] => 6feb7ad67554210f8a3dc98f35ca861f
                        )

                )

            [Body] => Webhook body is not logged unless WP_DEBUG mode is turned on. This is to avoid the storing of personal data in the logs.
            [Response] => Array
                (
                    [Code] => 200
                    [Message] => OK
                    [Headers] => WpOrg\Requests\Utility\CaseInsensitiveDictionary Object
                        (
                            [data:protected] => Array
                                (
                                    [date] => Sat, 06 Apr 2024 10:03:38 GMT
                                    [content-length] => 0
                                    [server] => nginx
                                    [set-cookie] => JSESSIONID=2C1E853AD7C48A22AB100986D58336E1; Path=/; HttpOnly
                                    [x-frame-options] => SAMEORIGIN
                                )

                        )

                    [Body] => Webhook body is not logged unless WP_DEBUG mode is turned on. This is to avoid the storing of personal data in the logs.
                )

        )

)
2024-04-06T10:04:37+00:00 INFO Array
(
    [Webhook Delivery] => Array
        (
            [Delivery ID] => ee9d3372dfa73c9b0597f83549045581
            [Date] => Apr 6, 2024 @ 10:04
            [URL] => https://webhook.bigseller.com/callback/woocommerce/2233854/submit.json
            [Duration] => 2.95703
            [Request] => Array
                (
                    [Method] => POST
                    [Headers] => Array
                        (
                            [User-Agent] => WooCommerce/8.6.1 Hookshot (WordPress/6.4.3)
                            [Content-Type] => application/json
                            [X-WC-Webhook-Source] => https://cam-energy.com/
                            [X-WC-Webhook-Topic] => order.updated
                            [X-WC-Webhook-Resource] => order
                            [X-WC-Webhook-Event] => updated
                            [X-WC-Webhook-Signature] => 99vZ7ufDQB2jqhuwjOb6OWpoZjNvKBq4pNggPqyND+4=
                            [X-WC-Webhook-ID] => 4
                            [X-WC-Webhook-Delivery-ID] => ee9d3372dfa73c9b0597f83549045581
                        )

                )

            [Body] => Webhook body is not logged unless WP_DEBUG mode is turned on. This is to avoid the storing of personal data in the logs.
            [Response] => Array
                (
                    [Code] => 200
                    [Message] => OK
                    [Headers] => WpOrg\Requests\Utility\CaseInsensitiveDictionary Object
                        (
                            [data:protected] => Array
                                (
                                    [date] => Sat, 06 Apr 2024 10:04:37 GMT
                                    [content-length] => 0
                                    [server] => nginx
                                    [set-cookie] => JSESSIONID=A93A5FB489E9A8A8E343C44B387B91FB; Path=/; HttpOnly
                                )

                        )

                    [Body] => Webhook body is not logged unless WP_DEBUG mode is turned on. This is to avoid the storing of personal data in the logs.
                )

        )

)
2024-04-06T10:17:29+00:00 INFO Array
(
    [Webhook Delivery] => Array
        (
            [Delivery ID] => 6515438fd9664b31d86b48ed622ec484
            [Date] => Apr 6, 2024 @ 10:17
            [URL] => https://webhook.bigseller.com/callback/woocommerce/2233854/submit.json
            [Duration] => 2.25925
            [Request] => Array
                (
                    [Method] => POST
                    [Headers] => Array
                        (
                            [User-Agent] => WooCommerce/8.6.1 Hookshot (WordPress/6.4.3)
                            [Content-Type] => application/json
                            [X-WC-Webhook-Source] => https://cam-energy.com/
                            [X-WC-Webhook-Topic] => order.updated
                            [X-WC-Webhook-Resource] => order
                            [X-WC-Webhook-Event] => updated
                            [X-WC-Webhook-Signature] => odklE+7efN4uaO1fn6MGb2BZYI2bbRmKj8CsMEq+8ak=
                            [X-WC-Webhook-ID] => 4
                            [X-WC-Webhook-Delivery-ID] => 6515438fd9664b31d86b48ed622ec484
                        )

                )

            [Body] => Webhook body is not logged unless WP_DEBUG mode is turned on. This is to avoid the storing of personal data in the logs.
            [Response] => Array
                (
                    [Code] => 200
                    [Message] => OK
                    [Headers] => WpOrg\Requests\Utility\CaseInsensitiveDictionary Object
                        (
                            [data:protected] => Array
                                (
                                    [date] => Sat, 06 Apr 2024 10:17:29 GMT
                                    [content-length] => 0
                                    [server] => nginx
                                    [set-cookie] => JSESSIONID=80D3E3388CE4A21DF549A38B1CEBC966; Path=/; HttpOnly
                                )

                        )

                    [Body] => Webhook body is not logged unless WP_DEBUG mode is turned on. This is to avoid the storing of personal data in the logs.
                )

        )

)
2024-04-06T10:22:36+00:00 INFO Array
(
    [Webhook Delivery] => Array
        (
            [Delivery ID] => 412debda769b3990c5c10c0cee83162f
            [Date] => Apr 6, 2024 @ 10:22
            [URL] => https://webhook.bigseller.com/callback/woocommerce/2233854/submit.json
            [Duration] => 2.56068
            [Request] => Array
                (
                    [Method] => POST
                    [Headers] => Array
                        (
                            [User-Agent] => WooCommerce/8.6.1 Hookshot (WordPress/6.4.3)
                            [Content-Type] => application/json
                            [X-WC-Webhook-Source] => https://cam-energy.com/
                            [X-WC-Webhook-Topic] => order.updated
                            [X-WC-Webhook-Resource] => order
                            [X-WC-Webhook-Event] => updated
                            [X-WC-Webhook-Signature] => FqiehGhm2KB+M2rrnYK3ZFSqZy/hfNVc6s+wpfjxQBo=
                            [X-WC-Webhook-ID] => 4
                            [X-WC-Webhook-Delivery-ID] => 412debda769b3990c5c10c0cee83162f
                        )

                )

            [Body] => Webhook body is not logged unless WP_DEBUG mode is turned on. This is to avoid the storing of personal data in the logs.
            [Response] => Array
                (
                    [Code] => 200
                    [Message] => OK
                    [Headers] => WpOrg\Requests\Utility\CaseInsensitiveDictionary Object
                        (
                            [data:protected] => Array
                                (
                                    [date] => Sat, 06 Apr 2024 10:22:36 GMT
                                    [content-length] => 0
                                    [server] => nginx
                                    [set-cookie] => JSESSIONID=57F9D5ECEEBCE183FBE239868E97BC60; Path=/; HttpOnly
                                    [x-frame-options] => SAMEORIGIN
                                )

                        )

                    [Body] => Webhook body is not logged unless WP_DEBUG mode is turned on. This is to avoid the storing of personal data in the logs.
                )

        )

)
