2024-03-29T00:00:14+00:00 INFO Array
(
    [Webhook Delivery] => Array
        (
            [Delivery ID] => 621d5ab876d2c71c08d8da82a9516793
            [Date] => Mar 29, 2024 @ 0:00
            [URL] => https://webhook.bigseller.com/callback/woocommerce/2233854/submit.json
            [Duration] => 2.12434
            [Request] => Array
                (
                    [Method] => POST
                    [Headers] => Array
                        (
                            [User-Agent] => WooCommerce/8.6.1 Hookshot (WordPress/6.4.3)
                            [Content-Type] => application/json
                            [X-WC-Webhook-Source] => https://cam-energy.com/
                            [X-WC-Webhook-Topic] => order.updated
                            [X-WC-Webhook-Resource] => order
                            [X-WC-Webhook-Event] => updated
                            [X-WC-Webhook-Signature] => D+OerFi8NATIX02YC5/arjTXV9I8cbjJ+tNOzENCkDg=
                            [X-WC-Webhook-ID] => 4
                            [X-WC-Webhook-Delivery-ID] => 621d5ab876d2c71c08d8da82a9516793
                        )

                )

            [Body] => Webhook body is not logged unless WP_DEBUG mode is turned on. This is to avoid the storing of personal data in the logs.
            [Response] => Array
                (
                    [Code] => 200
                    [Message] => OK
                    [Headers] => WpOrg\Requests\Utility\CaseInsensitiveDictionary Object
                        (
                            [data:protected] => Array
                                (
                                    [date] => Fri, 29 Mar 2024 00:00:14 GMT
                                    [content-length] => 0
                                    [server] => nginx
                                    [set-cookie] => JSESSIONID=AFF72A109CA3AF571947ACAD501CE8DE; Path=/; HttpOnly
                                )

                        )

                    [Body] => Webhook body is not logged unless WP_DEBUG mode is turned on. This is to avoid the storing of personal data in the logs.
                )

        )

)
2024-03-29T00:00:16+00:00 INFO Array
(
    [Webhook Delivery] => Array
        (
            [Delivery ID] => 78ca240396b3b67639363c4dde48eba2
            [Date] => Mar 29, 2024 @ 0:00
            [URL] => https://webhook.bigseller.com/callback/woocommerce/2233854/submit.json
            [Duration] => 1.8959
            [Request] => Array
                (
                    [Method] => POST
                    [Headers] => Array
                        (
                            [User-Agent] => WooCommerce/8.6.1 Hookshot (WordPress/6.4.3)
                            [Content-Type] => application/json
                            [X-WC-Webhook-Source] => https://cam-energy.com/
                            [X-WC-Webhook-Topic] => order.updated
                            [X-WC-Webhook-Resource] => order
                            [X-WC-Webhook-Event] => updated
                            [X-WC-Webhook-Signature] => fSBYSu3ZCkXOdgSUwoj1QzNSHsvRBcA4LwpwXqQY/4c=
                            [X-WC-Webhook-ID] => 4
                            [X-WC-Webhook-Delivery-ID] => 78ca240396b3b67639363c4dde48eba2
                        )

                )

            [Body] => Webhook body is not logged unless WP_DEBUG mode is turned on. This is to avoid the storing of personal data in the logs.
            [Response] => Array
                (
                    [Code] => 200
                    [Message] => OK
                    [Headers] => WpOrg\Requests\Utility\CaseInsensitiveDictionary Object
                        (
                            [data:protected] => Array
                                (
                                    [date] => Fri, 29 Mar 2024 00:00:16 GMT
                                    [content-length] => 0
                                    [server] => nginx
                                    [set-cookie] => JSESSIONID=178CF6B0D786255EA1831C34947AFCF6; Path=/; HttpOnly
                                )

                        )

                    [Body] => Webhook body is not logged unless WP_DEBUG mode is turned on. This is to avoid the storing of personal data in the logs.
                )

        )

)
2024-03-29T11:51:20+00:00 INFO Array
(
    [Webhook Delivery] => Array
        (
            [Delivery ID] => a06e615f5969b5a276c56b5506f0fb66
            [Date] => Mar 29, 2024 @ 11:51
            [URL] => https://webhook.bigseller.com/callback/woocommerce/2233854/submit.json
            [Duration] => 2.13327
            [Request] => Array
                (
                    [Method] => POST
                    [Headers] => Array
                        (
                            [User-Agent] => WooCommerce/8.6.1 Hookshot (WordPress/6.4.3)
                            [Content-Type] => application/json
                            [X-WC-Webhook-Source] => https://cam-energy.com/
                            [X-WC-Webhook-Topic] => order.created
                            [X-WC-Webhook-Resource] => order
                            [X-WC-Webhook-Event] => created
                            [X-WC-Webhook-Signature] => 5VgTJT8HWYac6afjGSQShYfeWncGOIX/ZmVRXhRD07I=
                            [X-WC-Webhook-ID] => 3
                            [X-WC-Webhook-Delivery-ID] => a06e615f5969b5a276c56b5506f0fb66
                        )

                )

            [Body] => Webhook body is not logged unless WP_DEBUG mode is turned on. This is to avoid the storing of personal data in the logs.
            [Response] => Array
                (
                    [Code] => 200
                    [Message] => OK
                    [Headers] => WpOrg\Requests\Utility\CaseInsensitiveDictionary Object
                        (
                            [data:protected] => Array
                                (
                                    [date] => Fri, 29 Mar 2024 11:51:19 GMT
                                    [content-length] => 0
                                    [server] => nginx
                                    [set-cookie] => JSESSIONID=A94B2A9C06C2F9E6AA908F5E3BE3285E; Path=/; HttpOnly
                                    [x-frame-options] => SAMEORIGIN
                                )

                        )

                    [Body] => Webhook body is not logged unless WP_DEBUG mode is turned on. This is to avoid the storing of personal data in the logs.
                )

        )

)
2024-03-29T11:51:21+00:00 INFO Array
(
    [Webhook Delivery] => Array
        (
            [Delivery ID] => cc3a478fc28c7c1ed023aa390d052f9d
            [Date] => Mar 29, 2024 @ 11:51
            [URL] => https://webhook.bigseller.com/callback/woocommerce/2233854/submit.json
            [Duration] => 1.89646
            [Request] => Array
                (
                    [Method] => POST
                    [Headers] => Array
                        (
                            [User-Agent] => WooCommerce/8.6.1 Hookshot (WordPress/6.4.3)
                            [Content-Type] => application/json
                            [X-WC-Webhook-Source] => https://cam-energy.com/
                            [X-WC-Webhook-Topic] => order.updated
                            [X-WC-Webhook-Resource] => order
                            [X-WC-Webhook-Event] => updated
                            [X-WC-Webhook-Signature] => jq9P7WeKNV6kKgk/wbhmEhAFToz+Qr/O0eUjSjwPNzA=
                            [X-WC-Webhook-ID] => 4
                            [X-WC-Webhook-Delivery-ID] => cc3a478fc28c7c1ed023aa390d052f9d
                        )

                )

            [Body] => Webhook body is not logged unless WP_DEBUG mode is turned on. This is to avoid the storing of personal data in the logs.
            [Response] => Array
                (
                    [Code] => 200
                    [Message] => OK
                    [Headers] => WpOrg\Requests\Utility\CaseInsensitiveDictionary Object
                        (
                            [data:protected] => Array
                                (
                                    [date] => Fri, 29 Mar 2024 11:51:21 GMT
                                    [content-length] => 0
                                    [server] => nginx
                                    [set-cookie] => JSESSIONID=192BB1BE6BB26168068FC0A3BF201BE3; Path=/; HttpOnly
                                )

                        )

                    [Body] => Webhook body is not logged unless WP_DEBUG mode is turned on. This is to avoid the storing of personal data in the logs.
                )

        )

)
