2024-04-16T20:11:35+00:00 INFO Array
(
    [Webhook Delivery] => Array
        (
            [Delivery ID] => 9483ababeaaf769911e06c7f8cea3150
            [Date] => Apr 16, 2024 @ 20:11
            [URL] => https://webhook.bigseller.com/callback/woocommerce/2233854/submit.json
            [Duration] => 2.21855
            [Request] => Array
                (
                    [Method] => POST
                    [Headers] => Array
                        (
                            [User-Agent] => WooCommerce/8.6.1 Hookshot (WordPress/6.4.4)
                            [Content-Type] => application/json
                            [X-WC-Webhook-Source] => https://cam-energy.com/
                            [X-WC-Webhook-Topic] => order.created
                            [X-WC-Webhook-Resource] => order
                            [X-WC-Webhook-Event] => created
                            [X-WC-Webhook-Signature] => 7smy7yN4pYokceodvwjLfV0Dcs1DEpNsJIntvqTtzQo=
                            [X-WC-Webhook-ID] => 3
                            [X-WC-Webhook-Delivery-ID] => 9483ababeaaf769911e06c7f8cea3150
                        )

                )

            [Body] => Webhook body is not logged unless WP_DEBUG mode is turned on. This is to avoid the storing of personal data in the logs.
            [Response] => Array
                (
                    [Code] => 200
                    [Message] => OK
                    [Headers] => WpOrg\Requests\Utility\CaseInsensitiveDictionary Object
                        (
                            [data:protected] => Array
                                (
                                    [date] => Tue, 16 Apr 2024 20:11:35 GMT
                                    [content-length] => 0
                                    [server] => nginx
                                    [set-cookie] => JSESSIONID=CDF854197F24C490F5364AC2C786F204; Path=/; HttpOnly
                                    [x-frame-options] => SAMEORIGIN
                                )

                        )

                    [Body] => Webhook body is not logged unless WP_DEBUG mode is turned on. This is to avoid the storing of personal data in the logs.
                )

        )

)
2024-04-16T20:11:37+00:00 INFO Array
(
    [Webhook Delivery] => Array
        (
            [Delivery ID] => 93e733268d4e6f1f6dc572ac35d15373
            [Date] => Apr 16, 2024 @ 20:11
            [URL] => https://webhook.bigseller.com/callback/woocommerce/2233854/submit.json
            [Duration] => 2.06093
            [Request] => Array
                (
                    [Method] => POST
                    [Headers] => Array
                        (
                            [User-Agent] => WooCommerce/8.6.1 Hookshot (WordPress/6.4.4)
                            [Content-Type] => application/json
                            [X-WC-Webhook-Source] => https://cam-energy.com/
                            [X-WC-Webhook-Topic] => order.updated
                            [X-WC-Webhook-Resource] => order
                            [X-WC-Webhook-Event] => updated
                            [X-WC-Webhook-Signature] => xh+i1/Bz1ydL+7TthlVpfmF5MIQm76OGRnKPIbsgVRI=
                            [X-WC-Webhook-ID] => 4
                            [X-WC-Webhook-Delivery-ID] => 93e733268d4e6f1f6dc572ac35d15373
                        )

                )

            [Body] => Webhook body is not logged unless WP_DEBUG mode is turned on. This is to avoid the storing of personal data in the logs.
            [Response] => Array
                (
                    [Code] => 200
                    [Message] => OK
                    [Headers] => WpOrg\Requests\Utility\CaseInsensitiveDictionary Object
                        (
                            [data:protected] => Array
                                (
                                    [date] => Tue, 16 Apr 2024 20:11:37 GMT
                                    [content-length] => 0
                                    [server] => nginx
                                    [set-cookie] => JSESSIONID=C3B7D35DA9B0D6B9653C2E4424B5C3D7; Path=/; HttpOnly
                                    [x-frame-options] => SAMEORIGIN
                                )

                        )

                    [Body] => Webhook body is not logged unless WP_DEBUG mode is turned on. This is to avoid the storing of personal data in the logs.
                )

        )

)
