10-31-2023 @ 13:44:33 - ---[ New import started at 2023-10-31 13:44:33 ] PHP Memory: 768 MB, WP Memory: 40 MB
10-31-2023 @ 13:44:33 - Preparing for import.
10-31-2023 @ 13:44:33 - Row :1 - Parsing item.
10-31-2023 @ 13:44:33 - Row :1 - Processing item.
10-31-2023 @ 13:44:33 - Processing users.
10-31-2023 @ 13:44:33 - > &#8220;333&#8221;User updated successfully. ID:333
10-31-2023 @ 13:44:33 - > Finished importing user 333
10-31-2023 @ 13:44:33 - Row :1 - User updated successfully.
10-31-2023 @ 13:44:33 - Row :2 - Parsing item.
10-31-2023 @ 13:44:33 - Row :2 - Processing item.
10-31-2023 @ 13:44:33 - Processing users.
10-31-2023 @ 13:44:33 - > &#8220;399&#8221;User updated successfully. ID:399
10-31-2023 @ 13:44:33 - > Finished importing user 399
10-31-2023 @ 13:44:33 - Row :2 - User updated successfully.
10-31-2023 @ 13:44:33 - Row :3 - Parsing item.
10-31-2023 @ 13:44:33 - Row :3 - Processing item.
10-31-2023 @ 13:44:33 - Processing users.
10-31-2023 @ 13:44:33 - > &#8220;222&#8221;User updated successfully. ID:222
10-31-2023 @ 13:44:33 - > Finished importing user 222
10-31-2023 @ 13:44:33 - Row :3 - User updated successfully.
10-31-2023 @ 13:44:33 - Row :4 - Parsing item.
10-31-2023 @ 13:44:33 - Row :4 - Processing item.
10-31-2023 @ 13:44:33 - Processing users.
10-31-2023 @ 13:44:33 - > &#8220;275&#8221;User updated successfully. ID:275
10-31-2023 @ 13:44:33 - > Finished importing user 275
10-31-2023 @ 13:44:33 - Row :4 - User updated successfully.
10-31-2023 @ 13:44:33 - Row :5 - Parsing item.
10-31-2023 @ 13:44:33 - Row :5 - Processing item.
10-31-2023 @ 13:44:33 - Processing users.
10-31-2023 @ 13:44:33 - > &#8220;401&#8221;User updated successfully. ID:401
10-31-2023 @ 13:44:33 - > Finished importing user 401
10-31-2023 @ 13:44:33 - Row :5 - User updated successfully.
10-31-2023 @ 13:44:33 - Row :6 - Parsing item.
10-31-2023 @ 13:44:33 - Row :6 - Processing item.
10-31-2023 @ 13:44:33 - Processing users.
10-31-2023 @ 13:44:33 - > &#8220;494&#8221;User updated successfully. ID:494
10-31-2023 @ 13:44:33 - > Finished importing user 494
10-31-2023 @ 13:44:33 - Row :6 - User updated successfully.
10-31-2023 @ 13:44:33 - Row :7 - Parsing item.
10-31-2023 @ 13:44:33 - Row :7 - Processing item.
10-31-2023 @ 13:44:33 - Processing users.
10-31-2023 @ 13:44:33 - > &#8220;298&#8221;User updated successfully. ID:298
10-31-2023 @ 13:44:33 - > Finished importing user 298
10-31-2023 @ 13:44:33 - Row :7 - User updated successfully.
10-31-2023 @ 13:44:33 - Row :8 - Parsing item.
10-31-2023 @ 13:44:33 - Row :8 - Processing item.
10-31-2023 @ 13:44:33 - Processing users.
10-31-2023 @ 13:44:33 - > &#8220;73&#8221;User updated successfully. ID:73
10-31-2023 @ 13:44:33 - > Finished importing user 73
10-31-2023 @ 13:44:33 - Row :8 - User updated successfully.
10-31-2023 @ 13:44:33 - Row :9 - Parsing item.
10-31-2023 @ 13:44:33 - Row :9 - Processing item.
10-31-2023 @ 13:44:33 - Processing users.
10-31-2023 @ 13:44:33 - > &#8220;706&#8221;User updated successfully. ID:706
10-31-2023 @ 13:44:33 - > Finished importing user 706
10-31-2023 @ 13:44:33 - Row :9 - User updated successfully.
10-31-2023 @ 13:44:33 - Row :10 - Parsing item.
10-31-2023 @ 13:44:33 - Row :10 - Processing item.
10-31-2023 @ 13:44:33 - Processing users.
10-31-2023 @ 13:44:33 - > &#8220;708&#8221;User updated successfully. ID:708
10-31-2023 @ 13:44:33 - > Finished importing user 708
10-31-2023 @ 13:44:33 - Row :10 - User updated successfully.
10-31-2023 @ 13:44:35 - Preparing for import.
10-31-2023 @ 13:44:35 - Row :11 - Parsing item.
10-31-2023 @ 13:44:35 - Row :11 - Processing item.
10-31-2023 @ 13:44:35 - Processing users.
10-31-2023 @ 13:44:35 - > &#8220;479&#8221;User updated successfully. ID:479
10-31-2023 @ 13:44:35 - > Finished importing user 479
10-31-2023 @ 13:44:35 - Row :11 - User updated successfully.
10-31-2023 @ 13:44:35 - Row :12 - Parsing item.
10-31-2023 @ 13:44:35 - Row :12 - Processing item.
10-31-2023 @ 13:44:35 - Processing users.
10-31-2023 @ 13:44:35 - > &#8220;821&#8221;User imported successfully. ID:821
10-31-2023 @ 13:44:35 - > Finished importing user 821
10-31-2023 @ 13:44:35 - Row :12 - User updated successfully.
10-31-2023 @ 13:44:35 - Row :13 - Parsing item.
10-31-2023 @ 13:44:35 - Row :13 - Processing item.
10-31-2023 @ 13:44:35 - Processing users.
10-31-2023 @ 13:44:35 - > &#8220;270&#8221;User updated successfully. ID:270
10-31-2023 @ 13:44:35 - > Finished importing user 270
10-31-2023 @ 13:44:35 - Row :13 - User updated successfully.
10-31-2023 @ 13:44:35 - Row :14 - Parsing item.
10-31-2023 @ 13:44:35 - Row :14 - Processing item.
10-31-2023 @ 13:44:35 - Processing users.
10-31-2023 @ 13:44:35 - > &#8220;634&#8221;User updated successfully. ID:634
10-31-2023 @ 13:44:35 - > Finished importing user 634
10-31-2023 @ 13:44:35 - Row :14 - User updated successfully.
10-31-2023 @ 13:44:35 - Row :15 - Parsing item.
10-31-2023 @ 13:44:35 - Row :15 - Processing item.
10-31-2023 @ 13:44:35 - Processing users.
10-31-2023 @ 13:44:35 - > &#8220;300&#8221;User updated successfully. ID:300
10-31-2023 @ 13:44:35 - > Finished importing user 300
10-31-2023 @ 13:44:35 - Row :15 - User updated successfully.
10-31-2023 @ 13:44:35 - Row :16 - Parsing item.
10-31-2023 @ 13:44:35 - Row :16 - Processing item.
10-31-2023 @ 13:44:35 - Processing users.
10-31-2023 @ 13:44:35 - > &#8220;645&#8221;User updated successfully. ID:645
10-31-2023 @ 13:44:35 - > Finished importing user 645
10-31-2023 @ 13:44:35 - Row :16 - User updated successfully.
10-31-2023 @ 13:44:35 - Row :17 - Parsing item.
10-31-2023 @ 13:44:35 - Row :17 - Processing item.
10-31-2023 @ 13:44:35 - Processing users.
10-31-2023 @ 13:44:35 - > &#8220;504&#8221;User updated successfully. ID:504
10-31-2023 @ 13:44:35 - > Finished importing user 504
10-31-2023 @ 13:44:35 - Row :17 - User updated successfully.
10-31-2023 @ 13:44:35 - Row :18 - Parsing item.
10-31-2023 @ 13:44:35 - Row :18 - Processing item.
10-31-2023 @ 13:44:35 - Processing users.
10-31-2023 @ 13:44:35 - > &#8220;718&#8221;User updated successfully. ID:718
10-31-2023 @ 13:44:35 - > Finished importing user 718
10-31-2023 @ 13:44:35 - Row :18 - User updated successfully.
10-31-2023 @ 13:44:35 - Row :19 - Parsing item.
10-31-2023 @ 13:44:35 - Row :19 - Processing item.
10-31-2023 @ 13:44:35 - Processing users.
10-31-2023 @ 13:44:35 - > &#8220;328&#8221;User updated successfully. ID:328
10-31-2023 @ 13:44:35 - > Finished importing user 328
10-31-2023 @ 13:44:35 - Row :19 - User updated successfully.
10-31-2023 @ 13:44:35 - Row :20 - Parsing item.
10-31-2023 @ 13:44:35 - Row :20 - Processing item.
10-31-2023 @ 13:44:35 - Processing users.
10-31-2023 @ 13:44:35 - > &#8220;676&#8221;User updated successfully. ID:676
10-31-2023 @ 13:44:35 - > Finished importing user 676
10-31-2023 @ 13:44:35 - Row :20 - User updated successfully.
10-31-2023 @ 13:44:38 - Preparing for import.
10-31-2023 @ 13:44:38 - Row :21 - Parsing item.
10-31-2023 @ 13:44:38 - Row :21 - Processing item.
10-31-2023 @ 13:44:38 - Processing users.
10-31-2023 @ 13:44:38 - > &#8220;626&#8221;User updated successfully. ID:626
10-31-2023 @ 13:44:38 - > Finished importing user 626
10-31-2023 @ 13:44:38 - Row :21 - User updated successfully.
10-31-2023 @ 13:44:38 - Row :22 - Parsing item.
10-31-2023 @ 13:44:38 - Row :22 - Processing item.
10-31-2023 @ 13:44:38 - Processing users.
10-31-2023 @ 13:44:38 - > &#8220;711&#8221;User updated successfully. ID:711
10-31-2023 @ 13:44:38 - > Finished importing user 711
10-31-2023 @ 13:44:38 - Row :22 - User updated successfully.
10-31-2023 @ 13:44:38 - Row :23 - Parsing item.
10-31-2023 @ 13:44:38 - Row :23 - Processing item.
10-31-2023 @ 13:44:38 - Processing users.
10-31-2023 @ 13:44:38 - > &#8220;548&#8221;User updated successfully. ID:548
10-31-2023 @ 13:44:38 - > Finished importing user 548
10-31-2023 @ 13:44:38 - Row :23 - User updated successfully.
10-31-2023 @ 13:44:38 - Row :24 - Parsing item.
10-31-2023 @ 13:44:38 - Row :24 - Processing item.
10-31-2023 @ 13:44:38 - Processing users.
10-31-2023 @ 13:44:38 - > &#8220;340&#8221;User updated successfully. ID:340
10-31-2023 @ 13:44:38 - > Finished importing user 340
10-31-2023 @ 13:44:38 - Row :24 - User updated successfully.
10-31-2023 @ 13:44:38 - Row :25 - Parsing item.
10-31-2023 @ 13:44:38 - Row :25 - Processing item.
10-31-2023 @ 13:44:38 - Processing users.
10-31-2023 @ 13:44:38 - > &#8220;391&#8221;User updated successfully. ID:391
10-31-2023 @ 13:44:38 - > Finished importing user 391
10-31-2023 @ 13:44:38 - Row :25 - User updated successfully.
10-31-2023 @ 13:44:38 - Row :26 - Parsing item.
10-31-2023 @ 13:44:38 - Row :26 - Processing item.
10-31-2023 @ 13:44:38 - Processing users.
10-31-2023 @ 13:44:38 - > &#8220;353&#8221;User updated successfully. ID:353
10-31-2023 @ 13:44:38 - > Finished importing user 353
10-31-2023 @ 13:44:38 - Row :26 - User updated successfully.
10-31-2023 @ 13:44:38 - Row :27 - Parsing item.
10-31-2023 @ 13:44:38 - Row :27 - Processing item.
10-31-2023 @ 13:44:38 - Processing users.
10-31-2023 @ 13:44:38 - > &#8220;822&#8221;User imported successfully. ID:822
10-31-2023 @ 13:44:38 - > Finished importing user 822
10-31-2023 @ 13:44:38 - Row :27 - User updated successfully.
10-31-2023 @ 13:44:38 - Row :28 - Parsing item.
10-31-2023 @ 13:44:38 - Row :28 - Processing item.
10-31-2023 @ 13:44:38 - Processing users.
10-31-2023 @ 13:44:38 - > &#8220;629&#8221;User updated successfully. ID:629
10-31-2023 @ 13:44:38 - > Finished importing user 629
10-31-2023 @ 13:44:38 - Row :28 - User updated successfully.
10-31-2023 @ 13:44:38 - Row :29 - Parsing item.
10-31-2023 @ 13:44:38 - Row :29 - Processing item.
10-31-2023 @ 13:44:38 - Processing users.
10-31-2023 @ 13:44:38 - > &#8220;752&#8221;User updated successfully. ID:752
10-31-2023 @ 13:44:38 - > Finished importing user 752
10-31-2023 @ 13:44:38 - Row :29 - User updated successfully.
10-31-2023 @ 13:44:38 - Row :30 - Parsing item.
10-31-2023 @ 13:44:38 - Row :30 - Processing item.
10-31-2023 @ 13:44:38 - Processing users.
10-31-2023 @ 13:44:38 - > &#8220;212&#8221;User updated successfully. ID:212
10-31-2023 @ 13:44:38 - > Finished importing user 212
10-31-2023 @ 13:44:38 - Row :30 - User updated successfully.
10-31-2023 @ 13:44:40 - Preparing for import.
10-31-2023 @ 13:44:40 - Row :31 - Parsing item.
10-31-2023 @ 13:44:40 - Row :31 - Processing item.
10-31-2023 @ 13:44:40 - Processing users.
10-31-2023 @ 13:44:40 - > &#8220;191&#8221;User updated successfully. ID:191
10-31-2023 @ 13:44:40 - > Finished importing user 191
10-31-2023 @ 13:44:40 - Row :31 - User updated successfully.
10-31-2023 @ 13:44:40 - Row :32 - Parsing item.
10-31-2023 @ 13:44:40 - Row :32 - Processing item.
10-31-2023 @ 13:44:40 - Processing users.
10-31-2023 @ 13:44:40 - > &#8220;823&#8221;User imported successfully. ID:823
10-31-2023 @ 13:44:40 - > Finished importing user 823
10-31-2023 @ 13:44:40 - Row :32 - User updated successfully.
10-31-2023 @ 13:44:40 - Row :33 - Parsing item.
10-31-2023 @ 13:44:40 - Row :33 - Processing item.
10-31-2023 @ 13:44:40 - Processing users.
10-31-2023 @ 13:44:40 - > &#8220;172&#8221;User updated successfully. ID:172
10-31-2023 @ 13:44:40 - > Finished importing user 172
10-31-2023 @ 13:44:40 - Row :33 - User updated successfully.
10-31-2023 @ 13:44:40 - Row :34 - Parsing item.
10-31-2023 @ 13:44:40 - Row :34 - Processing item.
10-31-2023 @ 13:44:40 - Processing users.
10-31-2023 @ 13:44:40 - > &#8220;225&#8221;User updated successfully. ID:225
10-31-2023 @ 13:44:40 - > Finished importing user 225
10-31-2023 @ 13:44:40 - Row :34 - User updated successfully.
10-31-2023 @ 13:44:40 - Row :35 - Parsing item.
10-31-2023 @ 13:44:40 - Row :35 - Processing item.
10-31-2023 @ 13:44:40 - Processing users.
10-31-2023 @ 13:44:40 - > &#8220;486&#8221;User updated successfully. ID:486
10-31-2023 @ 13:44:40 - > Finished importing user 486
10-31-2023 @ 13:44:40 - Row :35 - User updated successfully.
10-31-2023 @ 13:44:40 - Row :36 - Parsing item.
10-31-2023 @ 13:44:40 - Row :36 - Processing item.
10-31-2023 @ 13:44:40 - Processing users.
10-31-2023 @ 13:44:40 - > &#8220;374&#8221;User updated successfully. ID:374
10-31-2023 @ 13:44:40 - > Finished importing user 374
10-31-2023 @ 13:44:40 - Row :36 - User updated successfully.
10-31-2023 @ 13:44:40 - Row :37 - Parsing item.
10-31-2023 @ 13:44:40 - Row :37 - Processing item.
10-31-2023 @ 13:44:40 - Processing users.
10-31-2023 @ 13:44:40 - > &#8220;102&#8221;User updated successfully. ID:102
10-31-2023 @ 13:44:40 - > Finished importing user 102
10-31-2023 @ 13:44:40 - Row :37 - User updated successfully.
10-31-2023 @ 13:44:40 - Row :38 - Parsing item.
10-31-2023 @ 13:44:40 - Row :38 - Processing item.
10-31-2023 @ 13:44:40 - Processing users.
10-31-2023 @ 13:44:40 - > &#8220;759&#8221;User updated successfully. ID:759
10-31-2023 @ 13:44:40 - > Finished importing user 759
10-31-2023 @ 13:44:40 - Row :38 - User updated successfully.
10-31-2023 @ 13:44:40 - Row :39 - Parsing item.
10-31-2023 @ 13:44:40 - Row :39 - Processing item.
10-31-2023 @ 13:44:40 - Processing users.
10-31-2023 @ 13:44:40 - > &#8220;683&#8221;User updated successfully. ID:683
10-31-2023 @ 13:44:40 - > Finished importing user 683
10-31-2023 @ 13:44:40 - Row :39 - User updated successfully.
10-31-2023 @ 13:44:40 - Row :40 - Parsing item.
10-31-2023 @ 13:44:40 - Row :40 - Processing item.
10-31-2023 @ 13:44:40 - Processing users.
10-31-2023 @ 13:44:40 - > &#8220;314&#8221;User updated successfully. ID:314
10-31-2023 @ 13:44:40 - > Finished importing user 314
10-31-2023 @ 13:44:40 - Row :40 - User updated successfully.
10-31-2023 @ 13:44:42 - Preparing for import.
10-31-2023 @ 13:44:42 - Row :41 - Parsing item.
10-31-2023 @ 13:44:42 - Row :41 - Processing item.
10-31-2023 @ 13:44:42 - Processing users.
10-31-2023 @ 13:44:42 - > &#8220;232&#8221;User updated successfully. ID:232
10-31-2023 @ 13:44:42 - > Finished importing user 232
10-31-2023 @ 13:44:42 - Row :41 - User updated successfully.
10-31-2023 @ 13:44:42 - Row :42 - Parsing item.
10-31-2023 @ 13:44:42 - Row :42 - Processing item.
10-31-2023 @ 13:44:42 - Processing users.
10-31-2023 @ 13:44:42 - > &#8220;451&#8221;User updated successfully. ID:451
10-31-2023 @ 13:44:42 - > Finished importing user 451
10-31-2023 @ 13:44:42 - Row :42 - User updated successfully.
10-31-2023 @ 13:44:42 - Row :43 - Parsing item.
10-31-2023 @ 13:44:42 - Row :43 - Processing item.
10-31-2023 @ 13:44:42 - Processing users.
10-31-2023 @ 13:44:42 - > &#8220;46&#8221;User updated successfully. ID:46
10-31-2023 @ 13:44:42 - > Finished importing user 46
10-31-2023 @ 13:44:42 - Row :43 - User updated successfully.
10-31-2023 @ 13:44:42 - Row :44 - Parsing item.
10-31-2023 @ 13:44:42 - Row :44 - Processing item.
10-31-2023 @ 13:44:42 - Processing users.
10-31-2023 @ 13:44:42 - > &#8220;448&#8221;User updated successfully. ID:448
10-31-2023 @ 13:44:42 - > Finished importing user 448
10-31-2023 @ 13:44:42 - Row :44 - User updated successfully.
10-31-2023 @ 13:44:42 - Row :45 - Parsing item.
10-31-2023 @ 13:44:42 - Row :45 - Processing item.
10-31-2023 @ 13:44:42 - Processing users.
10-31-2023 @ 13:44:42 - > &#8220;243&#8221;User updated successfully. ID:243
10-31-2023 @ 13:44:42 - > Finished importing user 243
10-31-2023 @ 13:44:42 - Row :45 - User updated successfully.
10-31-2023 @ 13:44:42 - Row :46 - Parsing item.
10-31-2023 @ 13:44:42 - Row :46 - Processing item.
10-31-2023 @ 13:44:42 - Processing users.
10-31-2023 @ 13:44:42 - > &#8220;463&#8221;User updated successfully. ID:463
10-31-2023 @ 13:44:42 - > Finished importing user 463
10-31-2023 @ 13:44:42 - Row :46 - User updated successfully.
10-31-2023 @ 13:44:42 - Row :47 - Parsing item.
10-31-2023 @ 13:44:42 - Row :47 - Processing item.
10-31-2023 @ 13:44:42 - Processing users.
10-31-2023 @ 13:44:42 - > &#8220;607&#8221;User updated successfully. ID:607
10-31-2023 @ 13:44:42 - > Finished importing user 607
10-31-2023 @ 13:44:42 - Row :47 - User updated successfully.
10-31-2023 @ 13:44:42 - Row :48 - Parsing item.
10-31-2023 @ 13:44:42 - Row :48 - Processing item.
10-31-2023 @ 13:44:42 - Processing users.
10-31-2023 @ 13:44:42 - > &#8220;484&#8221;User updated successfully. ID:484
10-31-2023 @ 13:44:42 - > Finished importing user 484
10-31-2023 @ 13:44:42 - Row :48 - User updated successfully.
10-31-2023 @ 13:44:42 - Row :49 - Parsing item.
10-31-2023 @ 13:44:42 - Row :49 - Processing item.
10-31-2023 @ 13:44:42 - Processing users.
10-31-2023 @ 13:44:42 - > &#8220;641&#8221;User updated successfully. ID:641
10-31-2023 @ 13:44:42 - > Finished importing user 641
10-31-2023 @ 13:44:42 - Row :49 - User updated successfully.
10-31-2023 @ 13:44:42 - Row :50 - Parsing item.
10-31-2023 @ 13:44:42 - Row :50 - Processing item.
10-31-2023 @ 13:44:42 - Processing users.
10-31-2023 @ 13:44:42 - > &#8220;573&#8221;User updated successfully. ID:573
10-31-2023 @ 13:44:42 - > Finished importing user 573
10-31-2023 @ 13:44:42 - Row :50 - User updated successfully.
10-31-2023 @ 13:44:44 - Preparing for import.
10-31-2023 @ 13:44:44 - Row :51 - Parsing item.
10-31-2023 @ 13:44:44 - Row :51 - Processing item.
10-31-2023 @ 13:44:44 - Processing users.
10-31-2023 @ 13:44:44 - > &#8220;264&#8221;User updated successfully. ID:264
10-31-2023 @ 13:44:44 - > Finished importing user 264
10-31-2023 @ 13:44:44 - Row :51 - User updated successfully.
10-31-2023 @ 13:44:44 - Row :52 - Parsing item.
10-31-2023 @ 13:44:44 - Row :52 - Processing item.
10-31-2023 @ 13:44:44 - Processing users.
10-31-2023 @ 13:44:44 - > &#8220;824&#8221;User imported successfully. ID:824
10-31-2023 @ 13:44:44 - > Finished importing user 824
10-31-2023 @ 13:44:44 - Row :52 - User updated successfully.
10-31-2023 @ 13:44:44 - Row :53 - Parsing item.
10-31-2023 @ 13:44:44 - Row :53 - Processing item.
10-31-2023 @ 13:44:44 - Processing users.
10-31-2023 @ 13:44:44 - > &#8220;825&#8221;User imported successfully. ID:825
10-31-2023 @ 13:44:44 - > Finished importing user 825
10-31-2023 @ 13:44:44 - Row :53 - User updated successfully.
10-31-2023 @ 13:44:44 - Row :54 - Parsing item.
10-31-2023 @ 13:44:44 - Row :54 - Processing item.
10-31-2023 @ 13:44:44 - Processing users.
10-31-2023 @ 13:44:44 - > &#8220;402&#8221;User updated successfully. ID:402
10-31-2023 @ 13:44:44 - > Finished importing user 402
10-31-2023 @ 13:44:44 - Row :54 - User updated successfully.
10-31-2023 @ 13:44:44 - Row :55 - Parsing item.
10-31-2023 @ 13:44:44 - Row :55 - Processing item.
10-31-2023 @ 13:44:44 - Processing users.
10-31-2023 @ 13:44:44 - > &#8220;808&#8221;User updated successfully. ID:808
10-31-2023 @ 13:44:44 - > Finished importing user 808
10-31-2023 @ 13:44:44 - Row :55 - User updated successfully.
10-31-2023 @ 13:44:44 - Row :56 - Parsing item.
10-31-2023 @ 13:44:44 - Row :56 - Processing item.
10-31-2023 @ 13:44:44 - Processing users.
10-31-2023 @ 13:44:44 - > &#8220;14&#8221;User updated successfully. ID:14
10-31-2023 @ 13:44:44 - > Finished importing user 14
10-31-2023 @ 13:44:44 - Row :56 - User updated successfully.
10-31-2023 @ 13:44:44 - Row :57 - Parsing item.
10-31-2023 @ 13:44:44 - Row :57 - Processing item.
10-31-2023 @ 13:44:44 - Processing users.
10-31-2023 @ 13:44:44 - > &#8220;29&#8221;User updated successfully. ID:29
10-31-2023 @ 13:44:44 - > Finished importing user 29
10-31-2023 @ 13:44:44 - Row :57 - User updated successfully.
10-31-2023 @ 13:44:44 - Row :58 - Parsing item.
10-31-2023 @ 13:44:44 - Row :58 - Processing item.
10-31-2023 @ 13:44:44 - Processing users.
10-31-2023 @ 13:44:44 - > &#8220;295&#8221;User updated successfully. ID:295
10-31-2023 @ 13:44:44 - > Finished importing user 295
10-31-2023 @ 13:44:44 - Row :58 - User updated successfully.
10-31-2023 @ 13:44:44 - Row :59 - Parsing item.
10-31-2023 @ 13:44:44 - Row :59 - Processing item.
10-31-2023 @ 13:44:44 - Processing users.
10-31-2023 @ 13:44:44 - > &#8220;266&#8221;User updated successfully. ID:266
10-31-2023 @ 13:44:44 - > Finished importing user 266
10-31-2023 @ 13:44:44 - Row :59 - User updated successfully.
10-31-2023 @ 13:44:44 - Row :60 - Parsing item.
10-31-2023 @ 13:44:44 - Row :60 - Processing item.
10-31-2023 @ 13:44:44 - Processing users.
10-31-2023 @ 13:44:44 - > &#8220;624&#8221;User updated successfully. ID:624
10-31-2023 @ 13:44:44 - > Finished importing user 624
10-31-2023 @ 13:44:44 - Row :60 - User updated successfully.
10-31-2023 @ 13:44:46 - Preparing for import.
10-31-2023 @ 13:44:46 - Row :61 - Parsing item.
10-31-2023 @ 13:44:46 - Row :61 - Processing item.
10-31-2023 @ 13:44:46 - Processing users.
10-31-2023 @ 13:44:46 - > &#8220;747&#8221;User updated successfully. ID:747
10-31-2023 @ 13:44:46 - > Finished importing user 747
10-31-2023 @ 13:44:46 - Row :61 - User updated successfully.
10-31-2023 @ 13:44:46 - Row :62 - Parsing item.
10-31-2023 @ 13:44:46 - Row :62 - Processing item.
10-31-2023 @ 13:44:46 - Processing users.
10-31-2023 @ 13:44:46 - > &#8220;719&#8221;User updated successfully. ID:719
10-31-2023 @ 13:44:46 - > Finished importing user 719
10-31-2023 @ 13:44:46 - Row :62 - User updated successfully.
10-31-2023 @ 13:44:46 - Row :63 - Parsing item.
10-31-2023 @ 13:44:46 - Row :63 - Processing item.
10-31-2023 @ 13:44:46 - Processing users.
10-31-2023 @ 13:44:46 - > &#8220;525&#8221;User updated successfully. ID:525
10-31-2023 @ 13:44:46 - > Finished importing user 525
10-31-2023 @ 13:44:46 - Row :63 - User updated successfully.
10-31-2023 @ 13:44:46 - Row :64 - Parsing item.
10-31-2023 @ 13:44:46 - Row :64 - Processing item.
10-31-2023 @ 13:44:46 - Processing users.
10-31-2023 @ 13:44:46 - > &#8220;771&#8221;User updated successfully. ID:771
10-31-2023 @ 13:44:46 - > Finished importing user 771
10-31-2023 @ 13:44:46 - Row :64 - User updated successfully.
10-31-2023 @ 13:44:46 - Row :65 - Parsing item.
10-31-2023 @ 13:44:46 - Row :65 - Processing item.
10-31-2023 @ 13:44:46 - Processing users.
10-31-2023 @ 13:44:46 - > &#8220;253&#8221;User updated successfully. ID:253
10-31-2023 @ 13:44:46 - > Finished importing user 253
10-31-2023 @ 13:44:46 - Row :65 - User updated successfully.
10-31-2023 @ 13:44:46 - Row :66 - Parsing item.
10-31-2023 @ 13:44:46 - Row :66 - Processing item.
10-31-2023 @ 13:44:46 - Processing users.
10-31-2023 @ 13:44:46 - > &#8220;426&#8221;User updated successfully. ID:426
10-31-2023 @ 13:44:46 - > Finished importing user 426
10-31-2023 @ 13:44:46 - Row :66 - User updated successfully.
10-31-2023 @ 13:44:46 - Row :67 - Parsing item.
10-31-2023 @ 13:44:46 - Row :67 - Processing item.
10-31-2023 @ 13:44:46 - Processing users.
10-31-2023 @ 13:44:47 - > &#8220;574&#8221;User updated successfully. ID:574
10-31-2023 @ 13:44:47 - > Finished importing user 574
10-31-2023 @ 13:44:47 - Row :67 - User updated successfully.
10-31-2023 @ 13:44:47 - Row :68 - Parsing item.
10-31-2023 @ 13:44:47 - Row :68 - Processing item.
10-31-2023 @ 13:44:47 - Processing users.
10-31-2023 @ 13:44:47 - > &#8220;173&#8221;User updated successfully. ID:173
10-31-2023 @ 13:44:47 - > Finished importing user 173
10-31-2023 @ 13:44:47 - Row :68 - User updated successfully.
10-31-2023 @ 13:44:47 - Row :69 - Parsing item.
10-31-2023 @ 13:44:47 - Row :69 - Processing item.
10-31-2023 @ 13:44:47 - Processing users.
10-31-2023 @ 13:44:47 - > &#8220;685&#8221;User updated successfully. ID:685
10-31-2023 @ 13:44:47 - > Finished importing user 685
10-31-2023 @ 13:44:47 - Row :69 - User updated successfully.
10-31-2023 @ 13:44:47 - Row :70 - Parsing item.
10-31-2023 @ 13:44:47 - Row :70 - Processing item.
10-31-2023 @ 13:44:47 - Processing users.
10-31-2023 @ 13:44:47 - > &#8220;357&#8221;User updated successfully. ID:357
10-31-2023 @ 13:44:47 - > Finished importing user 357
10-31-2023 @ 13:44:47 - Row :70 - User updated successfully.
10-31-2023 @ 13:44:49 - Preparing for import.
10-31-2023 @ 13:44:49 - Row :71 - Parsing item.
10-31-2023 @ 13:44:49 - Row :71 - Processing item.
10-31-2023 @ 13:44:49 - Processing users.
10-31-2023 @ 13:44:49 - > &#8220;482&#8221;User updated successfully. ID:482
10-31-2023 @ 13:44:49 - > Finished importing user 482
10-31-2023 @ 13:44:49 - Row :71 - User updated successfully.
10-31-2023 @ 13:44:49 - Row :72 - Parsing item.
10-31-2023 @ 13:44:49 - Row :72 - Processing item.
10-31-2023 @ 13:44:49 - Processing users.
10-31-2023 @ 13:44:49 - > &#8220;146&#8221;User updated successfully. ID:146
10-31-2023 @ 13:44:49 - > Finished importing user 146
10-31-2023 @ 13:44:49 - Row :72 - User updated successfully.
10-31-2023 @ 13:44:49 - Row :73 - Parsing item.
10-31-2023 @ 13:44:49 - Row :73 - Processing item.
10-31-2023 @ 13:44:49 - Processing users.
10-31-2023 @ 13:44:49 - > &#8220;326&#8221;User updated successfully. ID:326
10-31-2023 @ 13:44:49 - > Finished importing user 326
10-31-2023 @ 13:44:49 - Row :73 - User updated successfully.
10-31-2023 @ 13:44:49 - Row :74 - Parsing item.
10-31-2023 @ 13:44:49 - Row :74 - Processing item.
10-31-2023 @ 13:44:49 - Processing users.
10-31-2023 @ 13:44:49 - > &#8220;767&#8221;User updated successfully. ID:767
10-31-2023 @ 13:44:49 - > Finished importing user 767
10-31-2023 @ 13:44:49 - Row :74 - User updated successfully.
10-31-2023 @ 13:44:49 - Row :75 - Parsing item.
10-31-2023 @ 13:44:49 - Row :75 - Processing item.
10-31-2023 @ 13:44:49 - Processing users.
10-31-2023 @ 13:44:49 - > &#8220;301&#8221;User updated successfully. ID:301
10-31-2023 @ 13:44:49 - > Finished importing user 301
10-31-2023 @ 13:44:49 - Row :75 - User updated successfully.
10-31-2023 @ 13:44:49 - Row :76 - Parsing item.
10-31-2023 @ 13:44:49 - Row :76 - Processing item.
10-31-2023 @ 13:44:49 - Processing users.
10-31-2023 @ 13:44:49 - > &#8220;564&#8221;User updated successfully. ID:564
10-31-2023 @ 13:44:49 - > Finished importing user 564
10-31-2023 @ 13:44:49 - Row :76 - User updated successfully.
10-31-2023 @ 13:44:49 - Row :77 - Parsing item.
10-31-2023 @ 13:44:49 - Row :77 - Processing item.
10-31-2023 @ 13:44:49 - Processing users.
10-31-2023 @ 13:44:49 - > &#8220;217&#8221;User updated successfully. ID:217
10-31-2023 @ 13:44:49 - > Finished importing user 217
10-31-2023 @ 13:44:49 - Row :77 - User updated successfully.
10-31-2023 @ 13:44:49 - Row :78 - Parsing item.
10-31-2023 @ 13:44:49 - Row :78 - Processing item.
10-31-2023 @ 13:44:49 - Processing users.
10-31-2023 @ 13:44:49 - > &#8220;207&#8221;User updated successfully. ID:207
10-31-2023 @ 13:44:49 - > Finished importing user 207
10-31-2023 @ 13:44:49 - Row :78 - User updated successfully.
10-31-2023 @ 13:44:49 - Row :79 - Parsing item.
10-31-2023 @ 13:44:49 - Row :79 - Processing item.
10-31-2023 @ 13:44:49 - Processing users.
10-31-2023 @ 13:44:49 - > &#8220;614&#8221;User updated successfully. ID:614
10-31-2023 @ 13:44:49 - > Finished importing user 614
10-31-2023 @ 13:44:49 - Row :79 - User updated successfully.
10-31-2023 @ 13:44:49 - Row :80 - Parsing item.
10-31-2023 @ 13:44:49 - Row :80 - Processing item.
10-31-2023 @ 13:44:49 - Processing users.
10-31-2023 @ 13:44:49 - > &#8220;447&#8221;User updated successfully. ID:447
10-31-2023 @ 13:44:49 - > Finished importing user 447
10-31-2023 @ 13:44:49 - Row :80 - User updated successfully.
10-31-2023 @ 13:44:51 - Preparing for import.
10-31-2023 @ 13:44:51 - Row :81 - Parsing item.
10-31-2023 @ 13:44:51 - Row :81 - Processing item.
10-31-2023 @ 13:44:51 - Processing users.
10-31-2023 @ 13:44:51 - > &#8220;229&#8221;User updated successfully. ID:229
10-31-2023 @ 13:44:51 - > Finished importing user 229
10-31-2023 @ 13:44:51 - Row :81 - User updated successfully.
10-31-2023 @ 13:44:51 - Row :82 - Parsing item.
10-31-2023 @ 13:44:51 - Row :82 - Processing item.
10-31-2023 @ 13:44:51 - Processing users.
10-31-2023 @ 13:44:51 - > &#8220;512&#8221;User updated successfully. ID:512
10-31-2023 @ 13:44:51 - > Finished importing user 512
10-31-2023 @ 13:44:51 - Row :82 - User updated successfully.
10-31-2023 @ 13:44:51 - Row :83 - Parsing item.
10-31-2023 @ 13:44:51 - Row :83 - Processing item.
10-31-2023 @ 13:44:51 - Processing users.
10-31-2023 @ 13:44:51 - > &#8220;24&#8221;User updated successfully. ID:24
10-31-2023 @ 13:44:51 - > Finished importing user 24
10-31-2023 @ 13:44:51 - Row :83 - User updated successfully.
10-31-2023 @ 13:44:51 - Row :84 - Parsing item.
10-31-2023 @ 13:44:51 - Row :84 - Processing item.
10-31-2023 @ 13:44:51 - Processing users.
10-31-2023 @ 13:44:51 - > &#8220;816&#8221;User updated successfully. ID:816
10-31-2023 @ 13:44:51 - > Finished importing user 816
10-31-2023 @ 13:44:51 - Row :84 - User updated successfully.
10-31-2023 @ 13:44:51 - Row :85 - Parsing item.
10-31-2023 @ 13:44:51 - Row :85 - Processing item.
10-31-2023 @ 13:44:51 - Processing users.
10-31-2023 @ 13:44:51 - > &#8220;257&#8221;User updated successfully. ID:257
10-31-2023 @ 13:44:51 - > Finished importing user 257
10-31-2023 @ 13:44:51 - Row :85 - User updated successfully.
10-31-2023 @ 13:44:51 - Row :86 - Parsing item.
10-31-2023 @ 13:44:51 - Row :86 - Processing item.
10-31-2023 @ 13:44:51 - Processing users.
10-31-2023 @ 13:44:51 - > &#8220;286&#8221;User updated successfully. ID:286
10-31-2023 @ 13:44:51 - > Finished importing user 286
10-31-2023 @ 13:44:51 - Row :86 - User updated successfully.
10-31-2023 @ 13:44:51 - Row :87 - Parsing item.
10-31-2023 @ 13:44:51 - Row :87 - Processing item.
10-31-2023 @ 13:44:51 - Processing users.
10-31-2023 @ 13:44:51 - > &#8220;204&#8221;User updated successfully. ID:204
10-31-2023 @ 13:44:51 - > Finished importing user 204
10-31-2023 @ 13:44:51 - Row :87 - User updated successfully.
10-31-2023 @ 13:44:51 - Row :88 - Parsing item.
10-31-2023 @ 13:44:51 - Row :88 - Processing item.
10-31-2023 @ 13:44:51 - Processing users.
10-31-2023 @ 13:44:51 - > &#8220;766&#8221;User updated successfully. ID:766
10-31-2023 @ 13:44:51 - > Finished importing user 766
10-31-2023 @ 13:44:51 - Row :88 - User updated successfully.
10-31-2023 @ 13:44:51 - Row :89 - Parsing item.
10-31-2023 @ 13:44:51 - Row :89 - Processing item.
10-31-2023 @ 13:44:51 - Processing users.
10-31-2023 @ 13:44:51 - > &#8220;153&#8221;User updated successfully. ID:153
10-31-2023 @ 13:44:51 - > Finished importing user 153
10-31-2023 @ 13:44:51 - Row :89 - User updated successfully.
10-31-2023 @ 13:44:51 - Row :90 - Parsing item.
10-31-2023 @ 13:44:51 - Row :90 - Processing item.
10-31-2023 @ 13:44:51 - Processing users.
10-31-2023 @ 13:44:51 - > &#8220;721&#8221;User updated successfully. ID:721
10-31-2023 @ 13:44:51 - > Finished importing user 721
10-31-2023 @ 13:44:51 - Row :90 - User updated successfully.
10-31-2023 @ 13:44:53 - Preparing for import.
10-31-2023 @ 13:44:53 - Row :91 - Parsing item.
10-31-2023 @ 13:44:53 - Row :91 - Processing item.
10-31-2023 @ 13:44:53 - Processing users.
10-31-2023 @ 13:44:53 - > &#8220;396&#8221;User updated successfully. ID:396
10-31-2023 @ 13:44:53 - > Finished importing user 396
10-31-2023 @ 13:44:53 - Row :91 - User updated successfully.
10-31-2023 @ 13:44:53 - Row :92 - Parsing item.
10-31-2023 @ 13:44:53 - Row :92 - Processing item.
10-31-2023 @ 13:44:53 - Processing users.
10-31-2023 @ 13:44:53 - > &#8220;730&#8221;User updated successfully. ID:730
10-31-2023 @ 13:44:53 - > Finished importing user 730
10-31-2023 @ 13:44:53 - Row :92 - User updated successfully.
10-31-2023 @ 13:44:53 - Row :93 - Parsing item.
10-31-2023 @ 13:44:53 - Row :93 - Processing item.
10-31-2023 @ 13:44:53 - Processing users.
10-31-2023 @ 13:44:53 - > &#8220;157&#8221;User updated successfully. ID:157
10-31-2023 @ 13:44:53 - > Finished importing user 157
10-31-2023 @ 13:44:53 - Row :93 - User updated successfully.
10-31-2023 @ 13:44:53 - Row :94 - Parsing item.
10-31-2023 @ 13:44:53 - Row :94 - Processing item.
10-31-2023 @ 13:44:53 - Processing users.
10-31-2023 @ 13:44:53 - > &#8220;199&#8221;User updated successfully. ID:199
10-31-2023 @ 13:44:53 - > Finished importing user 199
10-31-2023 @ 13:44:53 - Row :94 - User updated successfully.
10-31-2023 @ 13:44:53 - Row :95 - Parsing item.
10-31-2023 @ 13:44:53 - Row :95 - Processing item.
10-31-2023 @ 13:44:53 - Processing users.
10-31-2023 @ 13:44:53 - > &#8220;296&#8221;User updated successfully. ID:296
10-31-2023 @ 13:44:53 - > Finished importing user 296
10-31-2023 @ 13:44:53 - Row :95 - User updated successfully.
10-31-2023 @ 13:44:53 - Row :96 - Parsing item.
10-31-2023 @ 13:44:53 - Row :96 - Processing item.
10-31-2023 @ 13:44:53 - Processing users.
10-31-2023 @ 13:44:54 - > &#8220;321&#8221;User updated successfully. ID:321
10-31-2023 @ 13:44:54 - > Finished importing user 321
10-31-2023 @ 13:44:54 - Row :96 - User updated successfully.
10-31-2023 @ 13:44:54 - Row :97 - Parsing item.
10-31-2023 @ 13:44:54 - Row :97 - Processing item.
10-31-2023 @ 13:44:54 - Processing users.
10-31-2023 @ 13:44:54 - > &#8220;551&#8221;User updated successfully. ID:551
10-31-2023 @ 13:44:54 - > Finished importing user 551
10-31-2023 @ 13:44:54 - Row :97 - User updated successfully.
10-31-2023 @ 13:44:54 - Row :98 - Parsing item.
10-31-2023 @ 13:44:54 - Row :98 - Processing item.
10-31-2023 @ 13:44:54 - Processing users.
10-31-2023 @ 13:44:54 - > &#8220;178&#8221;User updated successfully. ID:178
10-31-2023 @ 13:44:54 - > Finished importing user 178
10-31-2023 @ 13:44:54 - Row :98 - User updated successfully.
10-31-2023 @ 13:44:54 - Row :99 - Parsing item.
10-31-2023 @ 13:44:54 - Row :99 - Processing item.
10-31-2023 @ 13:44:54 - Processing users.
10-31-2023 @ 13:44:54 - > &#8220;826&#8221;User imported successfully. ID:826
10-31-2023 @ 13:44:54 - > Finished importing user 826
10-31-2023 @ 13:44:54 - Row :99 - User updated successfully.
10-31-2023 @ 13:44:54 - Row :100 - Parsing item.
10-31-2023 @ 13:44:54 - Row :100 - Processing item.
10-31-2023 @ 13:44:54 - Processing users.
10-31-2023 @ 13:44:54 - > &#8220;550&#8221;User updated successfully. ID:550
10-31-2023 @ 13:44:54 - > Finished importing user 550
10-31-2023 @ 13:44:54 - Row :100 - User updated successfully.
10-31-2023 @ 13:44:56 - Preparing for import.
10-31-2023 @ 13:44:56 - Row :101 - Parsing item.
10-31-2023 @ 13:44:56 - Row :101 - Processing item.
10-31-2023 @ 13:44:56 - Processing users.
10-31-2023 @ 13:44:56 - > &#8220;403&#8221;User updated successfully. ID:403
10-31-2023 @ 13:44:56 - > Finished importing user 403
10-31-2023 @ 13:44:56 - Row :101 - User updated successfully.
10-31-2023 @ 13:44:56 - Row :102 - Parsing item.
10-31-2023 @ 13:44:56 - Row :102 - Processing item.
10-31-2023 @ 13:44:56 - Processing users.
10-31-2023 @ 13:44:56 - > &#8220;750&#8221;User updated successfully. ID:750
10-31-2023 @ 13:44:56 - > Finished importing user 750
10-31-2023 @ 13:44:56 - Row :102 - User updated successfully.
10-31-2023 @ 13:44:56 - Row :103 - Parsing item.
10-31-2023 @ 13:44:56 - Row :103 - Processing item.
10-31-2023 @ 13:44:56 - Processing users.
10-31-2023 @ 13:44:56 - > &#8220;378&#8221;User updated successfully. ID:378
10-31-2023 @ 13:44:56 - > Finished importing user 378
10-31-2023 @ 13:44:56 - Row :103 - User updated successfully.
10-31-2023 @ 13:44:56 - Row :104 - Parsing item.
10-31-2023 @ 13:44:56 - Row :104 - Processing item.
10-31-2023 @ 13:44:56 - Processing users.
10-31-2023 @ 13:44:56 - > &#8220;373&#8221;User updated successfully. ID:373
10-31-2023 @ 13:44:56 - > Finished importing user 373
10-31-2023 @ 13:44:56 - Row :104 - User updated successfully.
10-31-2023 @ 13:44:56 - Row :105 - Parsing item.
10-31-2023 @ 13:44:56 - Row :105 - Processing item.
10-31-2023 @ 13:44:56 - Processing users.
10-31-2023 @ 13:44:56 - > &#8220;302&#8221;User updated successfully. ID:302
10-31-2023 @ 13:44:56 - > Finished importing user 302
10-31-2023 @ 13:44:56 - Row :105 - User updated successfully.
10-31-2023 @ 13:44:56 - Row :106 - Parsing item.
10-31-2023 @ 13:44:56 - Row :106 - Processing item.
10-31-2023 @ 13:44:56 - Processing users.
10-31-2023 @ 13:44:56 - > &#8220;666&#8221;User updated successfully. ID:666
10-31-2023 @ 13:44:56 - > Finished importing user 666
10-31-2023 @ 13:44:56 - Row :106 - User updated successfully.
10-31-2023 @ 13:44:56 - Row :107 - Parsing item.
10-31-2023 @ 13:44:56 - Row :107 - Processing item.
10-31-2023 @ 13:44:56 - Processing users.
10-31-2023 @ 13:44:56 - > &#8220;827&#8221;User imported successfully. ID:827
10-31-2023 @ 13:44:56 - > Finished importing user 827
10-31-2023 @ 13:44:56 - Row :107 - User updated successfully.
10-31-2023 @ 13:44:56 - Row :108 - Parsing item.
10-31-2023 @ 13:44:56 - Row :108 - Processing item.
10-31-2023 @ 13:44:56 - Processing users.
10-31-2023 @ 13:44:56 - > &#8220;828&#8221;User imported successfully. ID:828
10-31-2023 @ 13:44:56 - > Finished importing user 828
10-31-2023 @ 13:44:56 - Row :108 - User updated successfully.
10-31-2023 @ 13:44:56 - Row :109 - Parsing item.
10-31-2023 @ 13:44:56 - Row :109 - Processing item.
10-31-2023 @ 13:44:56 - Processing users.
10-31-2023 @ 13:44:56 - > &#8220;247&#8221;User updated successfully. ID:247
10-31-2023 @ 13:44:56 - > Finished importing user 247
10-31-2023 @ 13:44:56 - Row :109 - User updated successfully.
10-31-2023 @ 13:44:56 - Row :110 - Parsing item.
10-31-2023 @ 13:44:56 - Row :110 - Processing item.
10-31-2023 @ 13:44:56 - Processing users.
10-31-2023 @ 13:44:56 - > &#8220;330&#8221;User updated successfully. ID:330
10-31-2023 @ 13:44:56 - > Finished importing user 330
10-31-2023 @ 13:44:56 - Row :110 - User updated successfully.
10-31-2023 @ 13:44:58 - Preparing for import.
10-31-2023 @ 13:44:58 - Row :111 - Parsing item.
10-31-2023 @ 13:44:58 - Row :111 - Processing item.
10-31-2023 @ 13:44:58 - Processing users.
10-31-2023 @ 13:44:58 - > &#8220;807&#8221;User updated successfully. ID:807
10-31-2023 @ 13:44:58 - > Finished importing user 807
10-31-2023 @ 13:44:58 - Row :111 - User updated successfully.
10-31-2023 @ 13:44:58 - Row :112 - Parsing item.
10-31-2023 @ 13:44:58 - Row :112 - Processing item.
10-31-2023 @ 13:44:58 - Processing users.
10-31-2023 @ 13:44:58 - > &#8220;414&#8221;User updated successfully. ID:414
10-31-2023 @ 13:44:58 - > Finished importing user 414
10-31-2023 @ 13:44:58 - Row :112 - User updated successfully.
10-31-2023 @ 13:44:58 - Row :113 - Parsing item.
10-31-2023 @ 13:44:58 - Row :113 - Processing item.
10-31-2023 @ 13:44:58 - Processing users.
10-31-2023 @ 13:44:58 - > &#8220;805&#8221;User updated successfully. ID:805
10-31-2023 @ 13:44:58 - > Finished importing user 805
10-31-2023 @ 13:44:58 - Row :113 - User updated successfully.
10-31-2023 @ 13:44:58 - Row :114 - Parsing item.
10-31-2023 @ 13:44:58 - Row :114 - Processing item.
10-31-2023 @ 13:44:58 - Processing users.
10-31-2023 @ 13:44:58 - > &#8220;723&#8221;User updated successfully. ID:723
10-31-2023 @ 13:44:58 - > Finished importing user 723
10-31-2023 @ 13:44:58 - Row :114 - User updated successfully.
10-31-2023 @ 13:44:58 - Row :115 - Parsing item.
10-31-2023 @ 13:44:58 - Row :115 - Processing item.
10-31-2023 @ 13:44:58 - Processing users.
10-31-2023 @ 13:44:58 - > &#8220;161&#8221;User updated successfully. ID:161
10-31-2023 @ 13:44:58 - > Finished importing user 161
10-31-2023 @ 13:44:58 - Row :115 - User updated successfully.
10-31-2023 @ 13:44:58 - Row :116 - Parsing item.
10-31-2023 @ 13:44:58 - Row :116 - Processing item.
10-31-2023 @ 13:44:58 - Processing users.
10-31-2023 @ 13:44:58 - > &#8220;562&#8221;User updated successfully. ID:562
10-31-2023 @ 13:44:58 - > Finished importing user 562
10-31-2023 @ 13:44:58 - Row :116 - User updated successfully.
10-31-2023 @ 13:44:58 - Row :117 - Parsing item.
10-31-2023 @ 13:44:58 - Row :117 - Processing item.
10-31-2023 @ 13:44:58 - Processing users.
10-31-2023 @ 13:44:58 - > &#8220;829&#8221;User imported successfully. ID:829
10-31-2023 @ 13:44:58 - > Finished importing user 829
10-31-2023 @ 13:44:58 - Row :117 - User updated successfully.
10-31-2023 @ 13:44:58 - Row :118 - Parsing item.
10-31-2023 @ 13:44:58 - Row :118 - Processing item.
10-31-2023 @ 13:44:58 - Processing users.
10-31-2023 @ 13:44:58 - > &#8220;534&#8221;User updated successfully. ID:534
10-31-2023 @ 13:44:58 - > Finished importing user 534
10-31-2023 @ 13:44:58 - Row :118 - User updated successfully.
10-31-2023 @ 13:44:58 - Row :119 - Parsing item.
10-31-2023 @ 13:44:58 - Row :119 - Processing item.
10-31-2023 @ 13:44:58 - Processing users.
10-31-2023 @ 13:44:59 - > &#8220;485&#8221;User updated successfully. ID:485
10-31-2023 @ 13:44:59 - > Finished importing user 485
10-31-2023 @ 13:44:59 - Row :119 - User updated successfully.
10-31-2023 @ 13:44:59 - Row :120 - Parsing item.
10-31-2023 @ 13:44:59 - Row :120 - Processing item.
10-31-2023 @ 13:44:59 - Processing users.
10-31-2023 @ 13:44:59 - > &#8220;830&#8221;User imported successfully. ID:830
10-31-2023 @ 13:44:59 - > Finished importing user 830
10-31-2023 @ 13:44:59 - Row :120 - User updated successfully.
10-31-2023 @ 13:45:00 - Preparing for import.
10-31-2023 @ 13:45:00 - Row :121 - Parsing item.
10-31-2023 @ 13:45:00 - Row :121 - Processing item.
10-31-2023 @ 13:45:00 - Processing users.
10-31-2023 @ 13:45:00 - > &#8220;81&#8221;User updated successfully. ID:81
10-31-2023 @ 13:45:00 - > Finished importing user 81
10-31-2023 @ 13:45:00 - Row :121 - User updated successfully.
10-31-2023 @ 13:45:00 - Row :122 - Parsing item.
10-31-2023 @ 13:45:00 - Row :122 - Processing item.
10-31-2023 @ 13:45:00 - Processing users.
10-31-2023 @ 13:45:01 - > &#8220;21&#8221;User updated successfully. ID:21
10-31-2023 @ 13:45:01 - > Finished importing user 21
10-31-2023 @ 13:45:01 - Row :122 - User updated successfully.
10-31-2023 @ 13:45:01 - Row :123 - Parsing item.
10-31-2023 @ 13:45:01 - Row :123 - Processing item.
10-31-2023 @ 13:45:01 - Processing users.
10-31-2023 @ 13:45:01 - > &#8220;167&#8221;User updated successfully. ID:167
10-31-2023 @ 13:45:01 - > Finished importing user 167
10-31-2023 @ 13:45:01 - Row :123 - User updated successfully.
10-31-2023 @ 13:45:01 - Row :124 - Parsing item.
10-31-2023 @ 13:45:01 - Row :124 - Processing item.
10-31-2023 @ 13:45:01 - Processing users.
10-31-2023 @ 13:45:01 - > &#8220;802&#8221;User updated successfully. ID:802
10-31-2023 @ 13:45:01 - > Finished importing user 802
10-31-2023 @ 13:45:01 - Row :124 - User updated successfully.
10-31-2023 @ 13:45:01 - Row :125 - Parsing item.
10-31-2023 @ 13:45:01 - Row :125 - Processing item.
10-31-2023 @ 13:45:01 - Processing users.
10-31-2023 @ 13:45:01 - > &#8220;133&#8221;User updated successfully. ID:133
10-31-2023 @ 13:45:01 - > Finished importing user 133
10-31-2023 @ 13:45:01 - Row :125 - User updated successfully.
10-31-2023 @ 13:45:01 - Row :126 - Parsing item.
10-31-2023 @ 13:45:01 - Row :126 - Processing item.
10-31-2023 @ 13:45:01 - Processing users.
10-31-2023 @ 13:45:01 - > &#8220;663&#8221;User updated successfully. ID:663
10-31-2023 @ 13:45:01 - > Finished importing user 663
10-31-2023 @ 13:45:01 - Row :126 - User updated successfully.
10-31-2023 @ 13:45:01 - Row :127 - Parsing item.
10-31-2023 @ 13:45:01 - Row :127 - Processing item.
10-31-2023 @ 13:45:01 - Processing users.
10-31-2023 @ 13:45:01 - > &#8220;514&#8221;User updated successfully. ID:514
10-31-2023 @ 13:45:01 - > Finished importing user 514
10-31-2023 @ 13:45:01 - Row :127 - User updated successfully.
10-31-2023 @ 13:45:01 - Row :128 - Parsing item.
10-31-2023 @ 13:45:01 - Row :128 - Processing item.
10-31-2023 @ 13:45:01 - Processing users.
10-31-2023 @ 13:45:01 - > &#8220;831&#8221;User imported successfully. ID:831
10-31-2023 @ 13:45:01 - > Finished importing user 831
10-31-2023 @ 13:45:01 - Row :128 - User updated successfully.
10-31-2023 @ 13:45:01 - Row :129 - Parsing item.
10-31-2023 @ 13:45:01 - Row :129 - Processing item.
10-31-2023 @ 13:45:01 - Processing users.
10-31-2023 @ 13:45:01 - > &#8220;177&#8221;User updated successfully. ID:177
10-31-2023 @ 13:45:01 - > Finished importing user 177
10-31-2023 @ 13:45:01 - Row :129 - User updated successfully.
10-31-2023 @ 13:45:01 - Row :130 - Parsing item.
10-31-2023 @ 13:45:01 - Row :130 - Processing item.
10-31-2023 @ 13:45:01 - Processing users.
10-31-2023 @ 13:45:01 - > &#8220;713&#8221;User updated successfully. ID:713
10-31-2023 @ 13:45:01 - > Finished importing user 713
10-31-2023 @ 13:45:01 - Row :130 - User updated successfully.
10-31-2023 @ 13:45:03 - Preparing for import.
10-31-2023 @ 13:45:03 - Row :131 - Parsing item.
10-31-2023 @ 13:45:03 - Row :131 - Processing item.
10-31-2023 @ 13:45:03 - Processing users.
10-31-2023 @ 13:45:03 - > &#8220;761&#8221;User updated successfully. ID:761
10-31-2023 @ 13:45:03 - > Finished importing user 761
10-31-2023 @ 13:45:03 - Row :131 - User updated successfully.
10-31-2023 @ 13:45:03 - Row :132 - Parsing item.
10-31-2023 @ 13:45:03 - Row :132 - Processing item.
10-31-2023 @ 13:45:03 - Processing users.
10-31-2023 @ 13:45:03 - > &#8220;19&#8221;User updated successfully. ID:19
10-31-2023 @ 13:45:03 - > Finished importing user 19
10-31-2023 @ 13:45:03 - Row :132 - User updated successfully.
10-31-2023 @ 13:45:03 - Row :133 - Parsing item.
10-31-2023 @ 13:45:03 - Row :133 - Processing item.
10-31-2023 @ 13:45:03 - Processing users.
10-31-2023 @ 13:45:03 - > &#8220;10&#8221;User updated successfully. ID:10
10-31-2023 @ 13:45:03 - > Finished importing user 10
10-31-2023 @ 13:45:03 - Row :133 - User updated successfully.
10-31-2023 @ 13:45:03 - Row :134 - Parsing item.
10-31-2023 @ 13:45:03 - Row :134 - Processing item.
10-31-2023 @ 13:45:03 - Processing users.
10-31-2023 @ 13:45:03 - > &#8220;543&#8221;User updated successfully. ID:543
10-31-2023 @ 13:45:03 - > Finished importing user 543
10-31-2023 @ 13:45:03 - Row :134 - User updated successfully.
10-31-2023 @ 13:45:03 - Row :135 - Parsing item.
10-31-2023 @ 13:45:03 - Row :135 - Processing item.
10-31-2023 @ 13:45:03 - Processing users.
10-31-2023 @ 13:45:03 - > &#8220;832&#8221;User imported successfully. ID:832
10-31-2023 @ 13:45:03 - > Finished importing user 832
10-31-2023 @ 13:45:03 - Row :135 - User updated successfully.
10-31-2023 @ 13:45:03 - Row :136 - Parsing item.
10-31-2023 @ 13:45:03 - Row :136 - Processing item.
10-31-2023 @ 13:45:03 - Processing users.
10-31-2023 @ 13:45:03 - > &#8220;738&#8221;User updated successfully. ID:738
10-31-2023 @ 13:45:03 - > Finished importing user 738
10-31-2023 @ 13:45:03 - Row :136 - User updated successfully.
10-31-2023 @ 13:45:03 - Row :137 - Parsing item.
10-31-2023 @ 13:45:03 - Row :137 - Processing item.
10-31-2023 @ 13:45:03 - Processing users.
10-31-2023 @ 13:45:03 - > &#8220;51&#8221;User updated successfully. ID:51
10-31-2023 @ 13:45:03 - > Finished importing user 51
10-31-2023 @ 13:45:03 - Row :137 - User updated successfully.
10-31-2023 @ 13:45:03 - Row :138 - Parsing item.
10-31-2023 @ 13:45:03 - Row :138 - Processing item.
10-31-2023 @ 13:45:03 - Processing users.
10-31-2023 @ 13:45:03 - > &#8220;130&#8221;User updated successfully. ID:130
10-31-2023 @ 13:45:03 - > Finished importing user 130
10-31-2023 @ 13:45:03 - Row :138 - User updated successfully.
10-31-2023 @ 13:45:03 - Row :139 - Parsing item.
10-31-2023 @ 13:45:03 - Row :139 - Processing item.
10-31-2023 @ 13:45:03 - Processing users.
10-31-2023 @ 13:45:03 - > &#8220;456&#8221;User updated successfully. ID:456
10-31-2023 @ 13:45:03 - > Finished importing user 456
10-31-2023 @ 13:45:03 - Row :139 - User updated successfully.
10-31-2023 @ 13:45:03 - Row :140 - Parsing item.
10-31-2023 @ 13:45:03 - Row :140 - Processing item.
10-31-2023 @ 13:45:03 - Processing users.
10-31-2023 @ 13:45:03 - > &#8220;351&#8221;User updated successfully. ID:351
10-31-2023 @ 13:45:03 - > Finished importing user 351
10-31-2023 @ 13:45:03 - Row :140 - User updated successfully.
10-31-2023 @ 13:45:05 - Preparing for import.
10-31-2023 @ 13:45:05 - Row :141 - Parsing item.
10-31-2023 @ 13:45:05 - Row :141 - Processing item.
10-31-2023 @ 13:45:05 - Processing users.
10-31-2023 @ 13:45:05 - > &#8220;692&#8221;User updated successfully. ID:692
10-31-2023 @ 13:45:05 - > Finished importing user 692
10-31-2023 @ 13:45:05 - Row :141 - User updated successfully.
10-31-2023 @ 13:45:05 - Row :142 - Parsing item.
10-31-2023 @ 13:45:05 - Row :142 - Processing item.
10-31-2023 @ 13:45:05 - Processing users.
10-31-2023 @ 13:45:05 - > &#8220;218&#8221;User updated successfully. ID:218
10-31-2023 @ 13:45:05 - > Finished importing user 218
10-31-2023 @ 13:45:05 - Row :142 - User updated successfully.
10-31-2023 @ 13:45:05 - Row :143 - Parsing item.
10-31-2023 @ 13:45:05 - Row :143 - Processing item.
10-31-2023 @ 13:45:05 - Processing users.
10-31-2023 @ 13:45:05 - > &#8220;833&#8221;User imported successfully. ID:833
10-31-2023 @ 13:45:05 - > Finished importing user 833
10-31-2023 @ 13:45:05 - Row :143 - User updated successfully.
10-31-2023 @ 13:45:05 - Row :144 - Parsing item.
10-31-2023 @ 13:45:05 - Row :144 - Processing item.
10-31-2023 @ 13:45:05 - Processing users.
10-31-2023 @ 13:45:05 - > &#8220;745&#8221;User updated successfully. ID:745
10-31-2023 @ 13:45:05 - > Finished importing user 745
10-31-2023 @ 13:45:05 - Row :144 - User updated successfully.
10-31-2023 @ 13:45:05 - Row :145 - Parsing item.
10-31-2023 @ 13:45:05 - Row :145 - Processing item.
10-31-2023 @ 13:45:05 - Processing users.
10-31-2023 @ 13:45:05 - > &#8220;17&#8221;User updated successfully. ID:17
10-31-2023 @ 13:45:05 - > Finished importing user 17
10-31-2023 @ 13:45:05 - Row :145 - User updated successfully.
10-31-2023 @ 13:45:05 - Row :146 - Parsing item.
10-31-2023 @ 13:45:05 - Row :146 - Processing item.
10-31-2023 @ 13:45:05 - Processing users.
10-31-2023 @ 13:45:05 - > &#8220;834&#8221;User imported successfully. ID:834
10-31-2023 @ 13:45:05 - > Finished importing user 834
10-31-2023 @ 13:45:05 - Row :146 - User updated successfully.
10-31-2023 @ 13:45:05 - Row :147 - Parsing item.
10-31-2023 @ 13:45:05 - Row :147 - Processing item.
10-31-2023 @ 13:45:05 - Processing users.
10-31-2023 @ 13:45:05 - > &#8220;567&#8221;User updated successfully. ID:567
10-31-2023 @ 13:45:05 - > Finished importing user 567
10-31-2023 @ 13:45:05 - Row :147 - User updated successfully.
10-31-2023 @ 13:45:05 - Row :148 - Parsing item.
10-31-2023 @ 13:45:05 - Row :148 - Processing item.
10-31-2023 @ 13:45:05 - Processing users.
10-31-2023 @ 13:45:05 - > &#8220;593&#8221;User updated successfully. ID:593
10-31-2023 @ 13:45:05 - > Finished importing user 593
10-31-2023 @ 13:45:05 - Row :148 - User updated successfully.
10-31-2023 @ 13:45:05 - Row :149 - Parsing item.
10-31-2023 @ 13:45:05 - Row :149 - Processing item.
10-31-2023 @ 13:45:05 - Processing users.
10-31-2023 @ 13:45:05 - > &#8220;192&#8221;User updated successfully. ID:192
10-31-2023 @ 13:45:05 - > Finished importing user 192
10-31-2023 @ 13:45:05 - Row :149 - User updated successfully.
10-31-2023 @ 13:45:05 - Row :150 - Parsing item.
10-31-2023 @ 13:45:05 - Row :150 - Processing item.
10-31-2023 @ 13:45:05 - Processing users.
10-31-2023 @ 13:45:06 - > &#8220;751&#8221;User updated successfully. ID:751
10-31-2023 @ 13:45:06 - > Finished importing user 751
10-31-2023 @ 13:45:06 - Row :150 - User updated successfully.
10-31-2023 @ 13:45:07 - Preparing for import.
10-31-2023 @ 13:45:07 - Row :151 - Parsing item.
10-31-2023 @ 13:45:07 - Row :151 - Processing item.
10-31-2023 @ 13:45:07 - Processing users.
10-31-2023 @ 13:45:08 - > &#8220;169&#8221;User updated successfully. ID:169
10-31-2023 @ 13:45:08 - > Finished importing user 169
10-31-2023 @ 13:45:08 - Row :151 - User updated successfully.
10-31-2023 @ 13:45:08 - Row :152 - Parsing item.
10-31-2023 @ 13:45:08 - Row :152 - Processing item.
10-31-2023 @ 13:45:08 - Processing users.
10-31-2023 @ 13:45:08 - > &#8220;814&#8221;User updated successfully. ID:814
10-31-2023 @ 13:45:08 - > Finished importing user 814
10-31-2023 @ 13:45:08 - Row :152 - User updated successfully.
10-31-2023 @ 13:45:08 - Row :153 - Parsing item.
10-31-2023 @ 13:45:08 - Row :153 - Processing item.
10-31-2023 @ 13:45:08 - Processing users.
10-31-2023 @ 13:45:08 - > &#8220;492&#8221;User updated successfully. ID:492
10-31-2023 @ 13:45:08 - > Finished importing user 492
10-31-2023 @ 13:45:08 - Row :153 - User updated successfully.
10-31-2023 @ 13:45:08 - Row :154 - Parsing item.
10-31-2023 @ 13:45:08 - Row :154 - Processing item.
10-31-2023 @ 13:45:08 - Processing users.
10-31-2023 @ 13:45:08 - > &#8220;459&#8221;User updated successfully. ID:459
10-31-2023 @ 13:45:08 - > Finished importing user 459
10-31-2023 @ 13:45:08 - Row :154 - User updated successfully.
10-31-2023 @ 13:45:08 - Row :155 - Parsing item.
10-31-2023 @ 13:45:08 - Row :155 - Processing item.
10-31-2023 @ 13:45:08 - Processing users.
10-31-2023 @ 13:45:08 - > &#8220;835&#8221;User imported successfully. ID:835
10-31-2023 @ 13:45:08 - > Finished importing user 835
10-31-2023 @ 13:45:08 - Row :155 - User updated successfully.
10-31-2023 @ 13:45:08 - Row :156 - Parsing item.
10-31-2023 @ 13:45:08 - Row :156 - Processing item.
10-31-2023 @ 13:45:08 - Processing users.
10-31-2023 @ 13:45:08 - > &#8220;308&#8221;User updated successfully. ID:308
10-31-2023 @ 13:45:08 - > Finished importing user 308
10-31-2023 @ 13:45:08 - Row :156 - User updated successfully.
10-31-2023 @ 13:45:08 - Row :157 - Parsing item.
10-31-2023 @ 13:45:08 - Row :157 - Processing item.
10-31-2023 @ 13:45:08 - Processing users.
10-31-2023 @ 13:45:08 - > &#8220;726&#8221;User updated successfully. ID:726
10-31-2023 @ 13:45:08 - > Finished importing user 726
10-31-2023 @ 13:45:08 - Row :157 - User updated successfully.
10-31-2023 @ 13:45:08 - Row :158 - Parsing item.
10-31-2023 @ 13:45:08 - Row :158 - Processing item.
10-31-2023 @ 13:45:08 - Processing users.
10-31-2023 @ 13:45:08 - > &#8220;502&#8221;User updated successfully. ID:502
10-31-2023 @ 13:45:08 - > Finished importing user 502
10-31-2023 @ 13:45:08 - Row :158 - User updated successfully.
10-31-2023 @ 13:45:08 - Row :159 - Parsing item.
10-31-2023 @ 13:45:08 - Row :159 - Processing item.
10-31-2023 @ 13:45:08 - Processing users.
10-31-2023 @ 13:45:08 - > &#8220;162&#8221;User updated successfully. ID:162
10-31-2023 @ 13:45:08 - > Finished importing user 162
10-31-2023 @ 13:45:08 - Row :159 - User updated successfully.
10-31-2023 @ 13:45:08 - Row :160 - Parsing item.
10-31-2023 @ 13:45:08 - Row :160 - Processing item.
10-31-2023 @ 13:45:08 - Processing users.
10-31-2023 @ 13:45:08 - > &#8220;6&#8221;User updated successfully. ID:6
10-31-2023 @ 13:45:08 - > Finished importing user 6
10-31-2023 @ 13:45:08 - Row :160 - User updated successfully.
10-31-2023 @ 13:45:10 - Preparing for import.
10-31-2023 @ 13:45:10 - Row :161 - Parsing item.
10-31-2023 @ 13:45:10 - Row :161 - Processing item.
10-31-2023 @ 13:45:10 - Processing users.
10-31-2023 @ 13:45:10 - > &#8220;836&#8221;User imported successfully. ID:836
10-31-2023 @ 13:45:10 - > Finished importing user 836
10-31-2023 @ 13:45:10 - Row :161 - User imported successfully.
10-31-2023 @ 13:45:10 - Row :162 - Parsing item.
10-31-2023 @ 13:45:10 - Row :162 - Processing item.
10-31-2023 @ 13:45:10 - Processing users.
10-31-2023 @ 13:45:10 - > &#8220;364&#8221;User updated successfully. ID:364
10-31-2023 @ 13:45:10 - > Finished importing user 364
10-31-2023 @ 13:45:10 - Row :162 - User updated successfully.
10-31-2023 @ 13:45:10 - Row :163 - Parsing item.
10-31-2023 @ 13:45:10 - Row :163 - Processing item.
10-31-2023 @ 13:45:10 - Processing users.
10-31-2023 @ 13:45:10 - > &#8220;704&#8221;User updated successfully. ID:704
10-31-2023 @ 13:45:10 - > Finished importing user 704
10-31-2023 @ 13:45:10 - Row :163 - User updated successfully.
10-31-2023 @ 13:45:10 - Row :164 - Parsing item.
10-31-2023 @ 13:45:10 - Row :164 - Processing item.
10-31-2023 @ 13:45:10 - Processing users.
10-31-2023 @ 13:45:10 - > &#8220;206&#8221;User updated successfully. ID:206
10-31-2023 @ 13:45:10 - > Finished importing user 206
10-31-2023 @ 13:45:10 - Row :164 - User updated successfully.
10-31-2023 @ 13:45:10 - Row :165 - Parsing item.
10-31-2023 @ 13:45:10 - Row :165 - Processing item.
10-31-2023 @ 13:45:10 - Processing users.
10-31-2023 @ 13:45:10 - > &#8220;770&#8221;User updated successfully. ID:770
10-31-2023 @ 13:45:10 - > Finished importing user 770
10-31-2023 @ 13:45:10 - Row :165 - User updated successfully.
10-31-2023 @ 13:45:10 - Row :166 - Parsing item.
10-31-2023 @ 13:45:10 - Row :166 - Processing item.
10-31-2023 @ 13:45:10 - Processing users.
10-31-2023 @ 13:45:10 - > &#8220;553&#8221;User updated successfully. ID:553
10-31-2023 @ 13:45:10 - > Finished importing user 553
10-31-2023 @ 13:45:10 - Row :166 - User updated successfully.
10-31-2023 @ 13:45:10 - Row :167 - Parsing item.
10-31-2023 @ 13:45:10 - Row :167 - Processing item.
10-31-2023 @ 13:45:10 - Processing users.
10-31-2023 @ 13:45:10 - > &#8220;423&#8221;User updated successfully. ID:423
10-31-2023 @ 13:45:10 - > Finished importing user 423
10-31-2023 @ 13:45:10 - Row :167 - User updated successfully.
10-31-2023 @ 13:45:10 - Row :168 - Parsing item.
10-31-2023 @ 13:45:10 - Row :168 - Processing item.
10-31-2023 @ 13:45:10 - Processing users.
10-31-2023 @ 13:45:10 - > &#8220;589&#8221;User updated successfully. ID:589
10-31-2023 @ 13:45:10 - > Finished importing user 589
10-31-2023 @ 13:45:10 - Row :168 - User updated successfully.
10-31-2023 @ 13:45:10 - Row :169 - Parsing item.
10-31-2023 @ 13:45:10 - Row :169 - Processing item.
10-31-2023 @ 13:45:10 - Processing users.
10-31-2023 @ 13:45:10 - > &#8220;797&#8221;User updated successfully. ID:797
10-31-2023 @ 13:45:10 - > Finished importing user 797
10-31-2023 @ 13:45:10 - Row :169 - User updated successfully.
10-31-2023 @ 13:45:10 - Row :170 - Parsing item.
10-31-2023 @ 13:45:10 - Row :170 - Processing item.
10-31-2023 @ 13:45:10 - Processing users.
10-31-2023 @ 13:45:10 - > &#8220;256&#8221;User updated successfully. ID:256
10-31-2023 @ 13:45:10 - > Finished importing user 256
10-31-2023 @ 13:45:10 - Row :170 - User updated successfully.
10-31-2023 @ 13:45:12 - Preparing for import.
10-31-2023 @ 13:45:12 - Row :171 - Parsing item.
10-31-2023 @ 13:45:12 - Row :171 - Processing item.
10-31-2023 @ 13:45:12 - Processing users.
10-31-2023 @ 13:45:12 - > &#8220;680&#8221;User updated successfully. ID:680
10-31-2023 @ 13:45:12 - > Finished importing user 680
10-31-2023 @ 13:45:12 - Row :171 - User updated successfully.
10-31-2023 @ 13:45:12 - Row :172 - Parsing item.
10-31-2023 @ 13:45:12 - Row :172 - Processing item.
10-31-2023 @ 13:45:12 - Processing users.
10-31-2023 @ 13:45:12 - > &#8220;202&#8221;User updated successfully. ID:202
10-31-2023 @ 13:45:12 - > Finished importing user 202
10-31-2023 @ 13:45:12 - Row :172 - User updated successfully.
10-31-2023 @ 13:45:12 - Row :173 - Parsing item.
10-31-2023 @ 13:45:12 - Row :173 - Processing item.
10-31-2023 @ 13:45:12 - Processing users.
10-31-2023 @ 13:45:12 - > &#8220;789&#8221;User updated successfully. ID:789
10-31-2023 @ 13:45:12 - > Finished importing user 789
10-31-2023 @ 13:45:12 - Row :173 - User updated successfully.
10-31-2023 @ 13:45:12 - Row :174 - Parsing item.
10-31-2023 @ 13:45:12 - Row :174 - Processing item.
10-31-2023 @ 13:45:12 - Processing users.
10-31-2023 @ 13:45:12 - > &#8220;670&#8221;User updated successfully. ID:670
10-31-2023 @ 13:45:12 - > Finished importing user 670
10-31-2023 @ 13:45:12 - Row :174 - User updated successfully.
10-31-2023 @ 13:45:12 - Row :175 - Parsing item.
10-31-2023 @ 13:45:12 - Row :175 - Processing item.
10-31-2023 @ 13:45:12 - Processing users.
10-31-2023 @ 13:45:12 - > &#8220;791&#8221;User updated successfully. ID:791
10-31-2023 @ 13:45:12 - > Finished importing user 791
10-31-2023 @ 13:45:12 - Row :175 - User updated successfully.
10-31-2023 @ 13:45:12 - Row :176 - Parsing item.
10-31-2023 @ 13:45:12 - Row :176 - Processing item.
10-31-2023 @ 13:45:12 - Processing users.
10-31-2023 @ 13:45:12 - > &#8220;792&#8221;User updated successfully. ID:792
10-31-2023 @ 13:45:12 - > Finished importing user 792
10-31-2023 @ 13:45:12 - Row :176 - User updated successfully.
10-31-2023 @ 13:45:12 - Row :177 - Parsing item.
10-31-2023 @ 13:45:12 - Row :177 - Processing item.
10-31-2023 @ 13:45:12 - Processing users.
10-31-2023 @ 13:45:12 - > &#8220;717&#8221;User updated successfully. ID:717
10-31-2023 @ 13:45:12 - > Finished importing user 717
10-31-2023 @ 13:45:12 - Row :177 - User updated successfully.
10-31-2023 @ 13:45:12 - Row :178 - Parsing item.
10-31-2023 @ 13:45:12 - Row :178 - Processing item.
10-31-2023 @ 13:45:12 - Processing users.
10-31-2023 @ 13:45:12 - > &#8220;594&#8221;User updated successfully. ID:594
10-31-2023 @ 13:45:12 - > Finished importing user 594
10-31-2023 @ 13:45:12 - Row :178 - User updated successfully.
10-31-2023 @ 13:45:12 - Row :179 - Parsing item.
10-31-2023 @ 13:45:12 - Row :179 - Processing item.
10-31-2023 @ 13:45:12 - Processing users.
10-31-2023 @ 13:45:12 - > &#8220;38&#8221;User updated successfully. ID:38
10-31-2023 @ 13:45:12 - > Finished importing user 38
10-31-2023 @ 13:45:12 - Row :179 - User updated successfully.
10-31-2023 @ 13:45:12 - Row :180 - Parsing item.
10-31-2023 @ 13:45:12 - Row :180 - Processing item.
10-31-2023 @ 13:45:12 - Processing users.
10-31-2023 @ 13:45:12 - > &#8220;837&#8221;User imported successfully. ID:837
10-31-2023 @ 13:45:12 - > Finished importing user 837
10-31-2023 @ 13:45:12 - Row :180 - User updated successfully.
10-31-2023 @ 13:45:14 - Preparing for import.
10-31-2023 @ 13:45:14 - Row :181 - Parsing item.
10-31-2023 @ 13:45:14 - Row :181 - Processing item.
10-31-2023 @ 13:45:14 - Processing users.
10-31-2023 @ 13:45:14 - > &#8220;803&#8221;User updated successfully. ID:803
10-31-2023 @ 13:45:14 - > Finished importing user 803
10-31-2023 @ 13:45:14 - Row :181 - User updated successfully.
10-31-2023 @ 13:45:14 - Row :182 - Parsing item.
10-31-2023 @ 13:45:14 - Row :182 - Processing item.
10-31-2023 @ 13:45:14 - Processing users.
10-31-2023 @ 13:45:15 - > &#8220;198&#8221;User updated successfully. ID:198
10-31-2023 @ 13:45:15 - > Finished importing user 198
10-31-2023 @ 13:45:15 - Row :182 - User updated successfully.
10-31-2023 @ 13:45:15 - Row :183 - Parsing item.
10-31-2023 @ 13:45:15 - Row :183 - Processing item.
10-31-2023 @ 13:45:15 - Processing users.
10-31-2023 @ 13:45:15 - > &#8220;737&#8221;User updated successfully. ID:737
10-31-2023 @ 13:45:15 - > Finished importing user 737
10-31-2023 @ 13:45:15 - Row :183 - User updated successfully.
10-31-2023 @ 13:45:15 - Row :184 - Parsing item.
10-31-2023 @ 13:45:15 - Row :184 - Processing item.
10-31-2023 @ 13:45:15 - Processing users.
10-31-2023 @ 13:45:15 - > &#8220;809&#8221;User updated successfully. ID:809
10-31-2023 @ 13:45:15 - > Finished importing user 809
10-31-2023 @ 13:45:15 - Row :184 - User updated successfully.
10-31-2023 @ 13:45:15 - Row :185 - Parsing item.
10-31-2023 @ 13:45:15 - Row :185 - Processing item.
10-31-2023 @ 13:45:15 - Processing users.
10-31-2023 @ 13:45:15 - > &#8220;208&#8221;User updated successfully. ID:208
10-31-2023 @ 13:45:15 - > Finished importing user 208
10-31-2023 @ 13:45:15 - Row :185 - User updated successfully.
10-31-2023 @ 13:45:15 - Row :186 - Parsing item.
10-31-2023 @ 13:45:15 - Row :186 - Processing item.
10-31-2023 @ 13:45:15 - Processing users.
10-31-2023 @ 13:45:15 - > &#8220;127&#8221;User updated successfully. ID:127
10-31-2023 @ 13:45:15 - > Finished importing user 127
10-31-2023 @ 13:45:15 - Row :186 - User updated successfully.
10-31-2023 @ 13:45:15 - Row :187 - Parsing item.
10-31-2023 @ 13:45:15 - Row :187 - Processing item.
10-31-2023 @ 13:45:15 - Processing users.
10-31-2023 @ 13:45:15 - > &#8220;404&#8221;User updated successfully. ID:404
10-31-2023 @ 13:45:15 - > Finished importing user 404
10-31-2023 @ 13:45:15 - Row :187 - User updated successfully.
10-31-2023 @ 13:45:15 - Row :188 - Parsing item.
10-31-2023 @ 13:45:15 - Row :188 - Processing item.
10-31-2023 @ 13:45:15 - Processing users.
10-31-2023 @ 13:45:15 - > &#8220;529&#8221;User updated successfully. ID:529
10-31-2023 @ 13:45:15 - > Finished importing user 529
10-31-2023 @ 13:45:15 - Row :188 - User updated successfully.
10-31-2023 @ 13:45:15 - Row :189 - Parsing item.
10-31-2023 @ 13:45:15 - Row :189 - Processing item.
10-31-2023 @ 13:45:15 - Processing users.
10-31-2023 @ 13:45:15 - > &#8220;322&#8221;User updated successfully. ID:322
10-31-2023 @ 13:45:15 - > Finished importing user 322
10-31-2023 @ 13:45:15 - Row :189 - User updated successfully.
10-31-2023 @ 13:45:15 - Row :190 - Parsing item.
10-31-2023 @ 13:45:15 - Row :190 - Processing item.
10-31-2023 @ 13:45:15 - Processing users.
10-31-2023 @ 13:45:15 - > &#8220;244&#8221;User updated successfully. ID:244
10-31-2023 @ 13:45:15 - > Finished importing user 244
10-31-2023 @ 13:45:15 - Row :190 - User updated successfully.
10-31-2023 @ 13:45:17 - Preparing for import.
10-31-2023 @ 13:45:17 - Row :191 - Parsing item.
10-31-2023 @ 13:45:17 - Row :191 - Processing item.
10-31-2023 @ 13:45:17 - Processing users.
10-31-2023 @ 13:45:17 - > &#8220;116&#8221;User updated successfully. ID:116
10-31-2023 @ 13:45:17 - > Finished importing user 116
10-31-2023 @ 13:45:17 - Row :191 - User updated successfully.
10-31-2023 @ 13:45:17 - ---[ Import ended at 2023-10-31 13:45:17]---
