11-01-2023 @ 12:35:21 - ---[ New import started at 2023-11-01 12:35:21 ] PHP Memory: 768 MB, WP Memory: 40 MB
11-01-2023 @ 12:35:21 - Preparing for import.
11-01-2023 @ 12:35:21 - Row :1 - Parsing item.
11-01-2023 @ 12:35:21 - Row :1 - Processing item.
11-01-2023 @ 12:35:22 - Found order object. ID:9061
11-01-2023 @ 12:35:23 - Row :1 - Order imported successfully.
11-01-2023 @ 12:35:23 - Row :2 - Parsing item.
11-01-2023 @ 12:35:23 - Row :2 - Processing item.
11-01-2023 @ 12:35:23 - Found order object. ID:9062
11-01-2023 @ 12:35:24 - Row :2 - Order imported successfully.
11-01-2023 @ 12:35:24 - Row :3 - Parsing item.
11-01-2023 @ 12:35:24 - Row :3 - Processing item.
11-01-2023 @ 12:35:25 - Found order object. ID:9063
11-01-2023 @ 12:35:26 - Row :3 - Order imported successfully.
11-01-2023 @ 12:35:26 - Row :4 - Parsing item.
11-01-2023 @ 12:35:26 - Row :4 - Processing item.
11-01-2023 @ 12:35:27 - Found order object. ID:9064
11-01-2023 @ 12:35:28 - Row :4 - Order imported successfully.
11-01-2023 @ 12:35:28 - Row :5 - Parsing item.
11-01-2023 @ 12:35:28 - Row :5 - Processing item.
11-01-2023 @ 12:35:29 - Found order object. ID:9065
11-01-2023 @ 12:35:30 - Row :5 - Order imported successfully.
11-01-2023 @ 12:35:30 - Row :6 - Parsing item.
11-01-2023 @ 12:35:30 - Row :6 - Processing item.
11-01-2023 @ 12:35:30 - Found order object. ID:9066
11-01-2023 @ 12:35:32 - Row :6 - Order imported successfully.
11-01-2023 @ 12:35:32 - Row :7 - Parsing item.
11-01-2023 @ 12:35:32 - Row :7 - Processing item.
11-01-2023 @ 12:35:32 - Found order object. ID:9067
11-01-2023 @ 12:35:33 - Row :7 - Order imported successfully.
11-01-2023 @ 12:35:33 - Row :8 - Parsing item.
11-01-2023 @ 12:35:33 - Row :8 - Processing item.
11-01-2023 @ 12:35:34 - Found order object. ID:9068
11-01-2023 @ 12:35:35 - Row :8 - Order imported successfully.
11-01-2023 @ 12:35:35 - Row :9 - Parsing item.
11-01-2023 @ 12:35:35 - Row :9 - Processing item.
11-01-2023 @ 12:35:36 - Found order object. ID:9069
11-01-2023 @ 12:35:37 - Row :9 - Order imported successfully.
11-01-2023 @ 12:35:37 - Row :10 - Parsing item.
11-01-2023 @ 12:35:37 - Row :10 - Processing item.
11-01-2023 @ 12:35:37 - Found order object. ID:9070
11-01-2023 @ 12:35:39 - Row :10 - Order imported successfully.
11-01-2023 @ 12:35:41 - Preparing for import.
11-01-2023 @ 12:35:41 - Row :11 - Parsing item.
11-01-2023 @ 12:35:41 - Row :11 - Processing item.
11-01-2023 @ 12:35:42 - Found order object. ID:9071
11-01-2023 @ 12:35:43 - Row :11 - Order imported successfully.
11-01-2023 @ 12:35:43 - Row :12 - Parsing item.
11-01-2023 @ 12:35:43 - Row :12 - Processing item.
11-01-2023 @ 12:35:43 - Found order object. ID:9072
11-01-2023 @ 12:35:45 - Row :12 - Order imported successfully.
11-01-2023 @ 12:35:45 - Row :13 - Parsing item.
11-01-2023 @ 12:35:45 - Row :13 - Processing item.
11-01-2023 @ 12:35:45 - Found order object. ID:9073
11-01-2023 @ 12:35:46 - Row :13 - Order imported successfully.
11-01-2023 @ 12:35:46 - Row :14 - Parsing item.
11-01-2023 @ 12:35:46 - Row :14 - Processing item.
11-01-2023 @ 12:35:47 - Found order object. ID:9074
11-01-2023 @ 12:35:48 - Row :14 - Order imported successfully.
11-01-2023 @ 12:35:48 - Row :15 - Parsing item.
11-01-2023 @ 12:35:48 - Row :15 - Processing item.
11-01-2023 @ 12:35:49 - Found order object. ID:9075
11-01-2023 @ 12:35:50 - Row :15 - Order imported successfully.
11-01-2023 @ 12:35:50 - Row :16 - Parsing item.
11-01-2023 @ 12:35:50 - Row :16 - Processing item.
11-01-2023 @ 12:35:51 - Found order object. ID:9076
11-01-2023 @ 12:35:52 - Row :16 - Order imported successfully.
11-01-2023 @ 12:35:52 - Row :17 - Parsing item.
11-01-2023 @ 12:35:52 - Row :17 - Processing item.
11-01-2023 @ 12:35:53 - Found order object. ID:9077
11-01-2023 @ 12:35:54 - Row :17 - Order imported successfully.
11-01-2023 @ 12:35:54 - Row :18 - Parsing item.
11-01-2023 @ 12:35:54 - Row :18 - Processing item.
11-01-2023 @ 12:35:54 - Found order object. ID:9078
11-01-2023 @ 12:35:56 - Row :18 - Order imported successfully.
11-01-2023 @ 12:35:56 - Row :19 - Parsing item.
11-01-2023 @ 12:35:56 - Row :19 - Processing item.
11-01-2023 @ 12:35:56 - Found order object. ID:9079
11-01-2023 @ 12:35:58 - Row :19 - Order imported successfully.
11-01-2023 @ 12:35:58 - Row :20 - Parsing item.
11-01-2023 @ 12:35:58 - Row :20 - Processing item.
11-01-2023 @ 12:35:58 - Found order object. ID:9080
11-01-2023 @ 12:35:59 - Row :20 - Order imported successfully.
11-01-2023 @ 12:36:02 - Preparing for import.
11-01-2023 @ 12:36:02 - Row :21 - Parsing item.
11-01-2023 @ 12:36:02 - Row :21 - Processing item.
11-01-2023 @ 12:36:03 - Found order object. ID:9081
11-01-2023 @ 12:36:04 - Row :21 - Order imported successfully.
11-01-2023 @ 12:36:04 - Row :22 - Parsing item.
11-01-2023 @ 12:36:04 - Row :22 - Processing item.
11-01-2023 @ 12:36:05 - Found order object. ID:9082
11-01-2023 @ 12:36:06 - Row :22 - Order imported successfully.
11-01-2023 @ 12:36:06 - Row :23 - Parsing item.
11-01-2023 @ 12:36:06 - Row :23 - Processing item.
11-01-2023 @ 12:36:06 - Found order object. ID:9083
11-01-2023 @ 12:36:08 - Row :23 - Order imported successfully.
11-01-2023 @ 12:36:08 - Row :24 - Parsing item.
11-01-2023 @ 12:36:08 - Row :24 - Processing item.
11-01-2023 @ 12:36:08 - Found order object. ID:9084
11-01-2023 @ 12:36:09 - Row :24 - Order imported successfully.
11-01-2023 @ 12:36:09 - Row :25 - Parsing item.
11-01-2023 @ 12:36:09 - Row :25 - Processing item.
11-01-2023 @ 12:36:10 - Found order object. ID:9085
11-01-2023 @ 12:36:11 - Row :25 - Order imported successfully.
11-01-2023 @ 12:36:11 - Row :26 - Parsing item.
11-01-2023 @ 12:36:11 - Row :26 - Processing item.
11-01-2023 @ 12:36:12 - Found order object. ID:9086
11-01-2023 @ 12:36:13 - Row :26 - Order imported successfully.
11-01-2023 @ 12:36:13 - Row :27 - Parsing item.
11-01-2023 @ 12:36:13 - Row :27 - Processing item.
11-01-2023 @ 12:36:14 - Found order object. ID:9087
11-01-2023 @ 12:36:15 - Row :27 - Order imported successfully.
11-01-2023 @ 12:36:15 - Row :28 - Parsing item.
11-01-2023 @ 12:36:15 - Row :28 - Processing item.
11-01-2023 @ 12:36:16 - Found order object. ID:9088
11-01-2023 @ 12:36:17 - Row :28 - Order imported successfully.
11-01-2023 @ 12:36:17 - Row :29 - Parsing item.
11-01-2023 @ 12:36:17 - Row :29 - Processing item.
11-01-2023 @ 12:36:17 - Found order object. ID:9089
11-01-2023 @ 12:36:19 - Row :29 - Order imported successfully.
11-01-2023 @ 12:36:19 - Row :30 - Parsing item.
11-01-2023 @ 12:36:19 - Row :30 - Processing item.
11-01-2023 @ 12:36:19 - Found order object. ID:9090
11-01-2023 @ 12:36:20 - Row :30 - Order imported successfully.
11-01-2023 @ 12:36:22 - Preparing for import.
11-01-2023 @ 12:36:22 - Row :31 - Parsing item.
11-01-2023 @ 12:36:22 - Row :31 - Processing item.
11-01-2023 @ 12:36:23 - Found order object. ID:9091
11-01-2023 @ 12:36:24 - Row :31 - Order imported successfully.
11-01-2023 @ 12:36:24 - Row :32 - Parsing item.
11-01-2023 @ 12:36:24 - Row :32 - Processing item.
11-01-2023 @ 12:36:25 - Found order object. ID:9092
11-01-2023 @ 12:36:26 - Row :32 - Order imported successfully.
11-01-2023 @ 12:36:26 - Row :33 - Parsing item.
11-01-2023 @ 12:36:26 - Row :33 - Processing item.
11-01-2023 @ 12:36:26 - Found order object. ID:9093
11-01-2023 @ 12:36:28 - Row :33 - Order imported successfully.
11-01-2023 @ 12:36:28 - Row :34 - Parsing item.
11-01-2023 @ 12:36:28 - Row :34 - Processing item.
11-01-2023 @ 12:36:28 - Found order object. ID:9094
11-01-2023 @ 12:36:29 - Row :34 - Order imported successfully.
11-01-2023 @ 12:36:29 - Row :35 - Parsing item.
11-01-2023 @ 12:36:29 - Row :35 - Processing item.
11-01-2023 @ 12:36:30 - Found order object. ID:9095
11-01-2023 @ 12:36:31 - Row :35 - Order imported successfully.
11-01-2023 @ 12:36:31 - Row :36 - Parsing item.
11-01-2023 @ 12:36:31 - Row :36 - Processing item.
11-01-2023 @ 12:36:32 - Found order object. ID:9096
11-01-2023 @ 12:36:33 - Row :36 - Order imported successfully.
11-01-2023 @ 12:36:33 - Row :37 - Parsing item.
11-01-2023 @ 12:36:33 - Row :37 - Processing item.
11-01-2023 @ 12:36:34 - Found order object. ID:9097
11-01-2023 @ 12:36:35 - Row :37 - Order imported successfully.
11-01-2023 @ 12:36:35 - Row :38 - Parsing item.
11-01-2023 @ 12:36:35 - Row :38 - Processing item.
11-01-2023 @ 12:36:35 - Found order object. ID:9098
11-01-2023 @ 12:36:37 - Row :38 - Order imported successfully.
11-01-2023 @ 12:36:37 - Row :39 - Parsing item.
11-01-2023 @ 12:36:37 - Row :39 - Processing item.
11-01-2023 @ 12:36:37 - Found order object. ID:9099
11-01-2023 @ 12:36:38 - Row :39 - Order imported successfully.
11-01-2023 @ 12:36:38 - Row :40 - Parsing item.
11-01-2023 @ 12:36:38 - Row :40 - Processing item.
11-01-2023 @ 12:36:39 - Found order object. ID:9100
11-01-2023 @ 12:36:40 - Row :40 - Order imported successfully.
11-01-2023 @ 12:36:42 - Preparing for import.
11-01-2023 @ 12:36:42 - Row :41 - Parsing item.
11-01-2023 @ 12:36:42 - Row :41 - Processing item.
11-01-2023 @ 12:36:43 - Found order object. ID:9101
11-01-2023 @ 12:36:44 - Row :41 - Order imported successfully.
11-01-2023 @ 12:36:44 - Row :42 - Parsing item.
11-01-2023 @ 12:36:44 - Row :42 - Processing item.
11-01-2023 @ 12:36:45 - Found order object. ID:9102
11-01-2023 @ 12:36:46 - Row :42 - Order imported successfully.
11-01-2023 @ 12:36:46 - Row :43 - Parsing item.
11-01-2023 @ 12:36:46 - Row :43 - Processing item.
11-01-2023 @ 12:36:47 - Found order object. ID:9103
11-01-2023 @ 12:36:48 - Row :43 - Order imported successfully.
11-01-2023 @ 12:36:48 - Row :44 - Parsing item.
11-01-2023 @ 12:36:48 - Row :44 - Processing item.
11-01-2023 @ 12:36:48 - Found order object. ID:9104
11-01-2023 @ 12:36:49 - Row :44 - Order imported successfully.
11-01-2023 @ 12:36:49 - Row :45 - Parsing item.
11-01-2023 @ 12:36:49 - Row :45 - Processing item.
11-01-2023 @ 12:36:50 - Found order object. ID:9105
11-01-2023 @ 12:36:51 - Row :45 - Order imported successfully.
11-01-2023 @ 12:36:51 - Row :46 - Parsing item.
11-01-2023 @ 12:36:51 - Row :46 - Processing item.
11-01-2023 @ 12:36:52 - Found order object. ID:9106
11-01-2023 @ 12:36:53 - Row :46 - Order imported successfully.
11-01-2023 @ 12:36:53 - Row :47 - Parsing item.
11-01-2023 @ 12:36:53 - Row :47 - Processing item.
11-01-2023 @ 12:36:54 - Found order object. ID:9107
11-01-2023 @ 12:36:55 - Row :47 - Order imported successfully.
11-01-2023 @ 12:36:55 - Row :48 - Parsing item.
11-01-2023 @ 12:36:55 - Row :48 - Processing item.
11-01-2023 @ 12:36:56 - Found order object. ID:9108
11-01-2023 @ 12:36:57 - Row :48 - Order imported successfully.
11-01-2023 @ 12:36:57 - Row :49 - Parsing item.
11-01-2023 @ 12:36:57 - Row :49 - Processing item.
11-01-2023 @ 12:36:57 - Found order object. ID:9109
11-01-2023 @ 12:36:59 - Row :49 - Order imported successfully.
11-01-2023 @ 12:36:59 - Row :50 - Parsing item.
11-01-2023 @ 12:36:59 - Row :50 - Processing item.
11-01-2023 @ 12:36:59 - Found order object. ID:9110
11-01-2023 @ 12:37:00 - Row :50 - Order imported successfully.
11-01-2023 @ 12:37:02 - Preparing for import.
11-01-2023 @ 12:37:02 - Row :51 - Parsing item.
11-01-2023 @ 12:37:02 - Row :51 - Processing item.
11-01-2023 @ 12:37:03 - Found order object. ID:9111
11-01-2023 @ 12:37:04 - Row :51 - Order imported successfully.
11-01-2023 @ 12:37:04 - Row :52 - Parsing item.
11-01-2023 @ 12:37:04 - Row :52 - Processing item.
11-01-2023 @ 12:37:05 - Found order object. ID:9112
11-01-2023 @ 12:37:06 - Row :52 - Order imported successfully.
11-01-2023 @ 12:37:06 - Row :53 - Parsing item.
11-01-2023 @ 12:37:06 - Row :53 - Processing item.
11-01-2023 @ 12:37:06 - Found order object. ID:9113
11-01-2023 @ 12:37:08 - Row :53 - Order imported successfully.
11-01-2023 @ 12:37:08 - Row :54 - Parsing item.
11-01-2023 @ 12:37:08 - Row :54 - Processing item.
11-01-2023 @ 12:37:08 - Found order object. ID:9114
11-01-2023 @ 12:37:10 - Row :54 - Order imported successfully.
11-01-2023 @ 12:37:10 - Row :55 - Parsing item.
11-01-2023 @ 12:37:10 - Row :55 - Processing item.
11-01-2023 @ 12:37:10 - Found order object. ID:9115
11-01-2023 @ 12:37:11 - Row :55 - Order imported successfully.
11-01-2023 @ 12:37:11 - Row :56 - Parsing item.
11-01-2023 @ 12:37:11 - Row :56 - Processing item.
11-01-2023 @ 12:37:12 - Found order object. ID:9116
11-01-2023 @ 12:37:13 - Row :56 - Order imported successfully.
11-01-2023 @ 12:37:13 - Row :57 - Parsing item.
11-01-2023 @ 12:37:13 - Row :57 - Processing item.
11-01-2023 @ 12:37:14 - Found order object. ID:9117
11-01-2023 @ 12:37:15 - Row :57 - Order imported successfully.
11-01-2023 @ 12:37:15 - Row :58 - Parsing item.
11-01-2023 @ 12:37:15 - Row :58 - Processing item.
11-01-2023 @ 12:37:15 - Found order object. ID:9118
11-01-2023 @ 12:37:17 - Row :58 - Order imported successfully.
11-01-2023 @ 12:37:17 - Row :59 - Parsing item.
11-01-2023 @ 12:37:17 - Row :59 - Processing item.
11-01-2023 @ 12:37:17 - Found order object. ID:9119
11-01-2023 @ 12:37:18 - Row :59 - Order imported successfully.
11-01-2023 @ 12:37:18 - Row :60 - Parsing item.
11-01-2023 @ 12:37:18 - Row :60 - Processing item.
11-01-2023 @ 12:37:19 - Found order object. ID:9120
11-01-2023 @ 12:37:20 - Row :60 - Order imported successfully.
11-01-2023 @ 12:37:22 - Preparing for import.
11-01-2023 @ 12:37:22 - Row :61 - Parsing item.
11-01-2023 @ 12:37:22 - Row :61 - Processing item.
11-01-2023 @ 12:37:23 - Found order object. ID:9121
11-01-2023 @ 12:37:24 - Row :61 - Order imported successfully.
11-01-2023 @ 12:37:24 - Row :62 - Parsing item.
11-01-2023 @ 12:37:24 - Row :62 - Processing item.
11-01-2023 @ 12:37:25 - Found order object. ID:9122
11-01-2023 @ 12:37:26 - Row :62 - Order imported successfully.
11-01-2023 @ 12:37:26 - Row :63 - Parsing item.
11-01-2023 @ 12:37:26 - Row :63 - Processing item.
11-01-2023 @ 12:37:27 - Found order object. ID:9123
11-01-2023 @ 12:37:28 - Row :63 - Order imported successfully.
11-01-2023 @ 12:37:28 - Row :64 - Parsing item.
11-01-2023 @ 12:37:28 - Row :64 - Processing item.
11-01-2023 @ 12:37:29 - Found order object. ID:9124
11-01-2023 @ 12:37:30 - Row :64 - Order imported successfully.
11-01-2023 @ 12:37:30 - Row :65 - Parsing item.
11-01-2023 @ 12:37:30 - Row :65 - Processing item.
11-01-2023 @ 12:37:30 - Found order object. ID:9125
11-01-2023 @ 12:37:32 - Row :65 - Order imported successfully.
11-01-2023 @ 12:37:32 - Row :66 - Parsing item.
11-01-2023 @ 12:37:32 - Row :66 - Processing item.
11-01-2023 @ 12:37:32 - Found order object. ID:9126
11-01-2023 @ 12:37:33 - Row :66 - Order imported successfully.
11-01-2023 @ 12:37:33 - Row :67 - Parsing item.
11-01-2023 @ 12:37:33 - Row :67 - Processing item.
11-01-2023 @ 12:37:34 - Found order object. ID:9127
11-01-2023 @ 12:37:35 - Row :67 - Order imported successfully.
11-01-2023 @ 12:37:35 - Row :68 - Parsing item.
11-01-2023 @ 12:37:35 - Row :68 - Processing item.
11-01-2023 @ 12:37:36 - Found order object. ID:9128
11-01-2023 @ 12:37:37 - Row :68 - Order imported successfully.
11-01-2023 @ 12:37:37 - Row :69 - Parsing item.
11-01-2023 @ 12:37:37 - Row :69 - Processing item.
11-01-2023 @ 12:37:38 - Found order object. ID:9129
11-01-2023 @ 12:37:39 - Row :69 - Order imported successfully.
11-01-2023 @ 12:37:39 - Row :70 - Parsing item.
11-01-2023 @ 12:37:39 - Row :70 - Processing item.
11-01-2023 @ 12:37:39 - Found order object. ID:9130
11-01-2023 @ 12:37:41 - Row :70 - Order imported successfully.
11-01-2023 @ 12:37:43 - Preparing for import.
11-01-2023 @ 12:37:43 - Row :71 - Parsing item.
11-01-2023 @ 12:37:43 - Row :71 - Processing item.
11-01-2023 @ 12:37:44 - Found order object. ID:9131
11-01-2023 @ 12:37:45 - Row :71 - Order imported successfully.
11-01-2023 @ 12:37:45 - Row :72 - Parsing item.
11-01-2023 @ 12:37:45 - Row :72 - Processing item.
11-01-2023 @ 12:37:45 - Found order object. ID:9132
11-01-2023 @ 12:37:47 - Row :72 - Order imported successfully.
11-01-2023 @ 12:37:47 - Row :73 - Parsing item.
11-01-2023 @ 12:37:47 - Row :73 - Processing item.
11-01-2023 @ 12:37:47 - Found order object. ID:9133
11-01-2023 @ 12:37:48 - Row :73 - Order imported successfully.
11-01-2023 @ 12:37:48 - Row :74 - Parsing item.
11-01-2023 @ 12:37:48 - Row :74 - Processing item.
11-01-2023 @ 12:37:49 - Found order object. ID:9134
11-01-2023 @ 12:37:50 - Row :74 - Order imported successfully.
11-01-2023 @ 12:37:50 - Row :75 - Parsing item.
11-01-2023 @ 12:37:50 - Row :75 - Processing item.
11-01-2023 @ 12:37:51 - Found order object. ID:9135
11-01-2023 @ 12:37:52 - Row :75 - Order imported successfully.
11-01-2023 @ 12:37:52 - Row :76 - Parsing item.
11-01-2023 @ 12:37:52 - Row :76 - Processing item.
11-01-2023 @ 12:37:52 - Found order object. ID:9136
11-01-2023 @ 12:37:54 - Row :76 - Order imported successfully.
11-01-2023 @ 12:37:54 - Row :77 - Parsing item.
11-01-2023 @ 12:37:54 - Row :77 - Processing item.
11-01-2023 @ 12:37:54 - Found order object. ID:9137
11-01-2023 @ 12:37:55 - Row :77 - Order imported successfully.
11-01-2023 @ 12:37:55 - Row :78 - Parsing item.
11-01-2023 @ 12:37:56 - Row :78 - Processing item.
11-01-2023 @ 12:37:56 - Found order object. ID:9138
11-01-2023 @ 12:37:57 - Row :78 - Order imported successfully.
11-01-2023 @ 12:37:57 - Row :79 - Parsing item.
11-01-2023 @ 12:37:57 - Row :79 - Processing item.
11-01-2023 @ 12:37:58 - Found order object. ID:9139
11-01-2023 @ 12:37:59 - Row :79 - Order imported successfully.
11-01-2023 @ 12:37:59 - Row :80 - Parsing item.
11-01-2023 @ 12:37:59 - Row :80 - Processing item.
11-01-2023 @ 12:38:00 - Found order object. ID:9140
11-01-2023 @ 12:38:01 - Row :80 - Order imported successfully.
11-01-2023 @ 12:38:03 - Preparing for import.
11-01-2023 @ 12:38:03 - Row :81 - Parsing item.
11-01-2023 @ 12:38:03 - Row :81 - Processing item.
11-01-2023 @ 12:38:04 - Found order object. ID:9141
11-01-2023 @ 12:38:05 - Row :81 - Order imported successfully.
11-01-2023 @ 12:38:05 - Row :82 - Parsing item.
11-01-2023 @ 12:38:05 - Row :82 - Processing item.
11-01-2023 @ 12:38:06 - Found order object. ID:9142
11-01-2023 @ 12:38:07 - Row :82 - Order imported successfully.
11-01-2023 @ 12:38:07 - Row :83 - Parsing item.
11-01-2023 @ 12:38:07 - Row :83 - Processing item.
11-01-2023 @ 12:38:07 - Found order object. ID:9143
11-01-2023 @ 12:38:09 - Row :83 - Order imported successfully.
11-01-2023 @ 12:38:09 - Row :84 - Parsing item.
11-01-2023 @ 12:38:09 - Row :84 - Processing item.
11-01-2023 @ 12:38:09 - Found order object. ID:9144
11-01-2023 @ 12:38:10 - Row :84 - Order imported successfully.
11-01-2023 @ 12:38:10 - Row :85 - Parsing item.
11-01-2023 @ 12:38:10 - Row :85 - Processing item.
11-01-2023 @ 12:38:11 - Found order object. ID:9145
11-01-2023 @ 12:38:12 - Row :85 - Order imported successfully.
11-01-2023 @ 12:38:12 - Row :86 - Parsing item.
11-01-2023 @ 12:38:12 - Row :86 - Processing item.
11-01-2023 @ 12:38:13 - Found order object. ID:9146
11-01-2023 @ 12:38:14 - Row :86 - Order imported successfully.
11-01-2023 @ 12:38:14 - Row :87 - Parsing item.
11-01-2023 @ 12:38:14 - Row :87 - Processing item.
11-01-2023 @ 12:38:15 - Found order object. ID:9147
11-01-2023 @ 12:38:16 - Row :87 - Order imported successfully.
11-01-2023 @ 12:38:16 - Row :88 - Parsing item.
11-01-2023 @ 12:38:16 - Row :88 - Processing item.
11-01-2023 @ 12:38:16 - Found order object. ID:9148
11-01-2023 @ 12:38:18 - Row :88 - Order imported successfully.
11-01-2023 @ 12:38:18 - Row :89 - Parsing item.
11-01-2023 @ 12:38:18 - Row :89 - Processing item.
11-01-2023 @ 12:38:18 - Found order object. ID:9149
11-01-2023 @ 12:38:19 - Row :89 - Order imported successfully.
11-01-2023 @ 12:38:19 - Row :90 - Parsing item.
11-01-2023 @ 12:38:19 - Row :90 - Processing item.
11-01-2023 @ 12:38:20 - Found order object. ID:9150
11-01-2023 @ 12:38:21 - Row :90 - Order imported successfully.
11-01-2023 @ 12:38:26 - Preparing for import.
11-01-2023 @ 12:38:26 - Row :91 - Parsing item.
11-01-2023 @ 12:38:26 - Row :91 - Processing item.
11-01-2023 @ 12:38:27 - Found order object. ID:9151
11-01-2023 @ 12:38:28 - Row :91 - Order imported successfully.
11-01-2023 @ 12:38:28 - Row :92 - Parsing item.
11-01-2023 @ 12:38:28 - Row :92 - Processing item.
11-01-2023 @ 12:38:29 - Found order object. ID:9152
11-01-2023 @ 12:38:30 - Row :92 - Order imported successfully.
11-01-2023 @ 12:38:30 - Row :93 - Parsing item.
11-01-2023 @ 12:38:30 - Row :93 - Processing item.
11-01-2023 @ 12:38:30 - Found order object. ID:9153
11-01-2023 @ 12:38:32 - Row :93 - Order imported successfully.
11-01-2023 @ 12:38:32 - Row :94 - Parsing item.
11-01-2023 @ 12:38:32 - Row :94 - Processing item.
11-01-2023 @ 12:38:32 - Found order object. ID:9154
11-01-2023 @ 12:38:33 - Row :94 - Order imported successfully.
11-01-2023 @ 12:38:33 - Row :95 - Parsing item.
11-01-2023 @ 12:38:34 - Row :95 - Processing item.
11-01-2023 @ 12:38:34 - Found order object. ID:9155
11-01-2023 @ 12:38:35 - Row :95 - Order imported successfully.
11-01-2023 @ 12:38:35 - Row :96 - Parsing item.
11-01-2023 @ 12:38:35 - Row :96 - Processing item.
11-01-2023 @ 12:38:36 - Found order object. ID:9156
11-01-2023 @ 12:38:37 - Row :96 - Order imported successfully.
11-01-2023 @ 12:38:37 - Row :97 - Parsing item.
11-01-2023 @ 12:38:37 - Row :97 - Processing item.
11-01-2023 @ 12:38:38 - Found order object. ID:9157
11-01-2023 @ 12:38:39 - Row :97 - Order imported successfully.
11-01-2023 @ 12:38:39 - Row :98 - Parsing item.
11-01-2023 @ 12:38:39 - Row :98 - Processing item.
11-01-2023 @ 12:38:40 - Found order object. ID:9158
11-01-2023 @ 12:38:41 - Row :98 - Order imported successfully.
11-01-2023 @ 12:38:41 - Row :99 - Parsing item.
11-01-2023 @ 12:38:41 - Row :99 - Processing item.
11-01-2023 @ 12:38:41 - Found order object. ID:9159
11-01-2023 @ 12:38:43 - Row :99 - Order imported successfully.
11-01-2023 @ 12:38:43 - Row :100 - Parsing item.
11-01-2023 @ 12:38:43 - Row :100 - Processing item.
11-01-2023 @ 12:38:43 - Found order object. ID:9160
11-01-2023 @ 12:38:44 - Row :100 - Order imported successfully.
11-01-2023 @ 12:38:47 - Preparing for import.
11-01-2023 @ 12:38:47 - Row :101 - Parsing item.
11-01-2023 @ 12:38:47 - Row :101 - Processing item.
11-01-2023 @ 12:38:47 - Found order object. ID:9161
11-01-2023 @ 12:38:48 - Row :101 - Order imported successfully.
11-01-2023 @ 12:38:48 - Row :102 - Parsing item.
11-01-2023 @ 12:38:48 - Row :102 - Processing item.
11-01-2023 @ 12:38:49 - Found order object. ID:9162
11-01-2023 @ 12:38:50 - Row :102 - Order imported successfully.
11-01-2023 @ 12:38:50 - Row :103 - Parsing item.
11-01-2023 @ 12:38:50 - Row :103 - Processing item.
11-01-2023 @ 12:38:51 - Found order object. ID:9163
11-01-2023 @ 12:38:52 - Row :103 - Order imported successfully.
11-01-2023 @ 12:38:52 - Row :104 - Parsing item.
11-01-2023 @ 12:38:52 - Row :104 - Processing item.
11-01-2023 @ 12:38:53 - Found order object. ID:9164
11-01-2023 @ 12:38:54 - Row :104 - Order imported successfully.
11-01-2023 @ 12:38:54 - Row :105 - Parsing item.
11-01-2023 @ 12:38:54 - Row :105 - Processing item.
11-01-2023 @ 12:38:54 - Found order object. ID:9165
11-01-2023 @ 12:38:56 - Row :105 - Order imported successfully.
11-01-2023 @ 12:38:56 - Row :106 - Parsing item.
11-01-2023 @ 12:38:56 - Row :106 - Processing item.
11-01-2023 @ 12:38:57 - Found order object. ID:9166
11-01-2023 @ 12:38:58 - Row :106 - Order imported successfully.
11-01-2023 @ 12:38:58 - Row :107 - Parsing item.
11-01-2023 @ 12:38:58 - Row :107 - Processing item.
11-01-2023 @ 12:38:58 - Found order object. ID:9167
11-01-2023 @ 12:39:00 - Row :107 - Order imported successfully.
11-01-2023 @ 12:39:00 - Row :108 - Parsing item.
11-01-2023 @ 12:39:00 - Row :108 - Processing item.
11-01-2023 @ 12:39:00 - Found order object. ID:9168
11-01-2023 @ 12:39:02 - Row :108 - Order imported successfully.
11-01-2023 @ 12:39:02 - Row :109 - Parsing item.
11-01-2023 @ 12:39:02 - Row :109 - Processing item.
11-01-2023 @ 12:39:02 - Found order object. ID:9169
11-01-2023 @ 12:39:03 - Row :109 - Order imported successfully.
11-01-2023 @ 12:39:03 - Row :110 - Parsing item.
11-01-2023 @ 12:39:03 - Row :110 - Processing item.
11-01-2023 @ 12:39:04 - Found order object. ID:9170
11-01-2023 @ 12:39:05 - Row :110 - Order imported successfully.
11-01-2023 @ 12:39:07 - Preparing for import.
11-01-2023 @ 12:39:07 - Row :111 - Parsing item.
11-01-2023 @ 12:39:07 - Row :111 - Processing item.
11-01-2023 @ 12:39:08 - Found order object. ID:9171
11-01-2023 @ 12:39:09 - Row :111 - Order imported successfully.
11-01-2023 @ 12:39:09 - Row :112 - Parsing item.
11-01-2023 @ 12:39:09 - Row :112 - Processing item.
11-01-2023 @ 12:39:10 - Found order object. ID:9172
11-01-2023 @ 12:39:11 - Row :112 - Order imported successfully.
11-01-2023 @ 12:39:11 - Row :113 - Parsing item.
11-01-2023 @ 12:39:11 - Row :113 - Processing item.
11-01-2023 @ 12:39:11 - Found order object. ID:9173
11-01-2023 @ 12:39:13 - Row :113 - Order imported successfully.
11-01-2023 @ 12:39:13 - Row :114 - Parsing item.
11-01-2023 @ 12:39:13 - Row :114 - Processing item.
11-01-2023 @ 12:39:13 - Found order object. ID:9174
11-01-2023 @ 12:39:14 - Row :114 - Order imported successfully.
11-01-2023 @ 12:39:14 - Row :115 - Parsing item.
11-01-2023 @ 12:39:14 - Row :115 - Processing item.
11-01-2023 @ 12:39:15 - Found order object. ID:9175
11-01-2023 @ 12:39:16 - Row :115 - Order imported successfully.
11-01-2023 @ 12:39:16 - Row :116 - Parsing item.
11-01-2023 @ 12:39:16 - Row :116 - Processing item.
11-01-2023 @ 12:39:17 - Found order object. ID:9176
11-01-2023 @ 12:39:18 - Row :116 - Order imported successfully.
11-01-2023 @ 12:39:18 - Row :117 - Parsing item.
11-01-2023 @ 12:39:18 - Row :117 - Processing item.
11-01-2023 @ 12:39:19 - Found order object. ID:9177
11-01-2023 @ 12:39:20 - Row :117 - Order imported successfully.
11-01-2023 @ 12:39:20 - Row :118 - Parsing item.
11-01-2023 @ 12:39:20 - Row :118 - Processing item.
11-01-2023 @ 12:39:20 - Found order object. ID:9178
11-01-2023 @ 12:39:22 - Row :118 - Order imported successfully.
11-01-2023 @ 12:39:22 - Row :119 - Parsing item.
11-01-2023 @ 12:39:22 - Row :119 - Processing item.
11-01-2023 @ 12:39:22 - Found order object. ID:9179
11-01-2023 @ 12:39:23 - Row :119 - Order imported successfully.
11-01-2023 @ 12:39:23 - Row :120 - Parsing item.
11-01-2023 @ 12:39:23 - Row :120 - Processing item.
11-01-2023 @ 12:39:24 - Found order object. ID:9180
11-01-2023 @ 12:39:25 - Row :120 - Order imported successfully.
11-01-2023 @ 12:39:29 - Preparing for import.
11-01-2023 @ 12:39:29 - Row :121 - Parsing item.
11-01-2023 @ 12:39:29 - Row :121 - Processing item.
11-01-2023 @ 12:39:30 - Found order object. ID:9181
11-01-2023 @ 12:39:31 - Row :121 - Order imported successfully.
11-01-2023 @ 12:39:31 - Row :122 - Parsing item.
11-01-2023 @ 12:39:31 - Row :122 - Processing item.
11-01-2023 @ 12:39:32 - Found order object. ID:9182
11-01-2023 @ 12:39:33 - Row :122 - Order imported successfully.
11-01-2023 @ 12:39:33 - Row :123 - Parsing item.
11-01-2023 @ 12:39:33 - Row :123 - Processing item.
11-01-2023 @ 12:39:33 - Found order object. ID:9183
11-01-2023 @ 12:39:35 - Row :123 - Order imported successfully.
11-01-2023 @ 12:39:35 - Row :124 - Parsing item.
11-01-2023 @ 12:39:35 - Row :124 - Processing item.
11-01-2023 @ 12:39:35 - Found order object. ID:9184
11-01-2023 @ 12:39:36 - Row :124 - Order imported successfully.
11-01-2023 @ 12:39:36 - Row :125 - Parsing item.
11-01-2023 @ 12:39:36 - Row :125 - Processing item.
11-01-2023 @ 12:39:37 - Found order object. ID:9185
11-01-2023 @ 12:39:38 - Row :125 - Order imported successfully.
11-01-2023 @ 12:39:38 - Row :126 - Parsing item.
11-01-2023 @ 12:39:38 - Row :126 - Processing item.
11-01-2023 @ 12:39:39 - Found order object. ID:9186
11-01-2023 @ 12:39:40 - Row :126 - Order imported successfully.
11-01-2023 @ 12:39:40 - Row :127 - Parsing item.
11-01-2023 @ 12:39:40 - Row :127 - Processing item.
11-01-2023 @ 12:39:41 - Found order object. ID:9187
11-01-2023 @ 12:39:42 - Row :127 - Order imported successfully.
11-01-2023 @ 12:39:42 - Row :128 - Parsing item.
11-01-2023 @ 12:39:42 - Row :128 - Processing item.
11-01-2023 @ 12:39:42 - Found order object. ID:9188
11-01-2023 @ 12:39:44 - Row :128 - Order imported successfully.
11-01-2023 @ 12:39:44 - Row :129 - Parsing item.
11-01-2023 @ 12:39:44 - Row :129 - Processing item.
11-01-2023 @ 12:39:44 - Found order object. ID:9189
11-01-2023 @ 12:39:45 - Row :129 - Order imported successfully.
11-01-2023 @ 12:39:45 - Row :130 - Parsing item.
11-01-2023 @ 12:39:45 - Row :130 - Processing item.
11-01-2023 @ 12:39:46 - Found order object. ID:9190
11-01-2023 @ 12:39:47 - Row :130 - Order imported successfully.
11-01-2023 @ 12:39:49 - Preparing for import.
11-01-2023 @ 12:39:49 - Row :131 - Parsing item.
11-01-2023 @ 12:39:49 - Row :131 - Processing item.
11-01-2023 @ 12:39:50 - Found order object. ID:9191
11-01-2023 @ 12:39:51 - Row :131 - Order imported successfully.
11-01-2023 @ 12:39:51 - Row :132 - Parsing item.
11-01-2023 @ 12:39:51 - Row :132 - Processing item.
11-01-2023 @ 12:39:51 - Found order object. ID:9192
11-01-2023 @ 12:39:53 - Row :132 - Order imported successfully.
11-01-2023 @ 12:39:53 - Row :133 - Parsing item.
11-01-2023 @ 12:39:53 - Row :133 - Processing item.
11-01-2023 @ 12:39:53 - Found order object. ID:9193
11-01-2023 @ 12:39:55 - Row :133 - Order imported successfully.
11-01-2023 @ 12:39:55 - Row :134 - Parsing item.
11-01-2023 @ 12:39:55 - Row :134 - Processing item.
11-01-2023 @ 12:39:55 - Found order object. ID:9194
11-01-2023 @ 12:39:56 - Row :134 - Order imported successfully.
11-01-2023 @ 12:39:56 - Row :135 - Parsing item.
11-01-2023 @ 12:39:56 - Row :135 - Processing item.
11-01-2023 @ 12:39:57 - Found order object. ID:9195
11-01-2023 @ 12:39:58 - Row :135 - Order imported successfully.
11-01-2023 @ 12:39:58 - Row :136 - Parsing item.
11-01-2023 @ 12:39:58 - Row :136 - Processing item.
11-01-2023 @ 12:39:59 - Found order object. ID:9196
11-01-2023 @ 12:40:00 - Row :136 - Order imported successfully.
11-01-2023 @ 12:40:00 - Row :137 - Parsing item.
11-01-2023 @ 12:40:00 - Row :137 - Processing item.
11-01-2023 @ 12:40:01 - Found order object. ID:9197
11-01-2023 @ 12:40:02 - Row :137 - Order imported successfully.
11-01-2023 @ 12:40:02 - Row :138 - Parsing item.
11-01-2023 @ 12:40:02 - Row :138 - Processing item.
11-01-2023 @ 12:40:02 - Found order object. ID:9198
11-01-2023 @ 12:40:04 - Row :138 - Order imported successfully.
11-01-2023 @ 12:40:04 - Row :139 - Parsing item.
11-01-2023 @ 12:40:04 - Row :139 - Processing item.
11-01-2023 @ 12:40:04 - Found order object. ID:9199
11-01-2023 @ 12:40:05 - Row :139 - Order imported successfully.
11-01-2023 @ 12:40:05 - Row :140 - Parsing item.
11-01-2023 @ 12:40:05 - Row :140 - Processing item.
11-01-2023 @ 12:40:06 - Found order object. ID:9200
11-01-2023 @ 12:40:07 - Row :140 - Order imported successfully.
11-01-2023 @ 12:40:09 - Preparing for import.
11-01-2023 @ 12:40:09 - Row :141 - Parsing item.
11-01-2023 @ 12:40:09 - Row :141 - Processing item.
11-01-2023 @ 12:40:10 - Found order object. ID:9201
11-01-2023 @ 12:40:11 - Row :141 - Order imported successfully.
11-01-2023 @ 12:40:11 - Row :142 - Parsing item.
11-01-2023 @ 12:40:11 - Row :142 - Processing item.
11-01-2023 @ 12:40:12 - Found order object. ID:9202
11-01-2023 @ 12:40:13 - Row :142 - Order imported successfully.
11-01-2023 @ 12:40:13 - Row :143 - Parsing item.
11-01-2023 @ 12:40:13 - Row :143 - Processing item.
11-01-2023 @ 12:40:13 - Found order object. ID:9203
11-01-2023 @ 12:40:15 - Row :143 - Order imported successfully.
11-01-2023 @ 12:40:15 - Row :144 - Parsing item.
11-01-2023 @ 12:40:15 - Row :144 - Processing item.
11-01-2023 @ 12:40:15 - Found order object. ID:9204
11-01-2023 @ 12:40:16 - Row :144 - Order imported successfully.
11-01-2023 @ 12:40:16 - Row :145 - Parsing item.
11-01-2023 @ 12:40:17 - Row :145 - Processing item.
11-01-2023 @ 12:40:17 - Found order object. ID:9205
11-01-2023 @ 12:40:18 - Row :145 - Order imported successfully.
11-01-2023 @ 12:40:18 - Row :146 - Parsing item.
11-01-2023 @ 12:40:18 - Row :146 - Processing item.
11-01-2023 @ 12:40:19 - Found order object. ID:9206
11-01-2023 @ 12:40:20 - Row :146 - Order imported successfully.
11-01-2023 @ 12:40:20 - Row :147 - Parsing item.
11-01-2023 @ 12:40:20 - Row :147 - Processing item.
11-01-2023 @ 12:40:21 - Found order object. ID:9207
11-01-2023 @ 12:40:22 - Row :147 - Order imported successfully.
11-01-2023 @ 12:40:22 - Row :148 - Parsing item.
11-01-2023 @ 12:40:22 - Row :148 - Processing item.
11-01-2023 @ 12:40:23 - Found order object. ID:9208
11-01-2023 @ 12:40:24 - Row :148 - Order imported successfully.
11-01-2023 @ 12:40:24 - Row :149 - Parsing item.
11-01-2023 @ 12:40:24 - Row :149 - Processing item.
11-01-2023 @ 12:40:25 - Found order object. ID:9209
11-01-2023 @ 12:40:26 - Row :149 - Order imported successfully.
11-01-2023 @ 12:40:26 - Row :150 - Parsing item.
11-01-2023 @ 12:40:26 - Row :150 - Processing item.
11-01-2023 @ 12:40:26 - Found order object. ID:9210
11-01-2023 @ 12:40:28 - Row :150 - Order imported successfully.
11-01-2023 @ 12:40:30 - Preparing for import.
11-01-2023 @ 12:40:30 - Row :151 - Parsing item.
11-01-2023 @ 12:40:30 - Row :151 - Processing item.
11-01-2023 @ 12:40:31 - Found order object. ID:9211
11-01-2023 @ 12:40:32 - Row :151 - Order imported successfully.
11-01-2023 @ 12:40:32 - Row :152 - Parsing item.
11-01-2023 @ 12:40:32 - Row :152 - Processing item.
11-01-2023 @ 12:40:32 - Found order object. ID:9212
11-01-2023 @ 12:40:34 - Row :152 - Order imported successfully.
11-01-2023 @ 12:40:34 - Row :153 - Parsing item.
11-01-2023 @ 12:40:34 - Row :153 - Processing item.
11-01-2023 @ 12:40:34 - Found order object. ID:9213
11-01-2023 @ 12:40:36 - Row :153 - Order imported successfully.
11-01-2023 @ 12:40:36 - Row :154 - Parsing item.
11-01-2023 @ 12:40:36 - Row :154 - Processing item.
11-01-2023 @ 12:40:36 - Found order object. ID:9214
11-01-2023 @ 12:40:38 - Row :154 - Order imported successfully.
11-01-2023 @ 12:40:38 - Row :155 - Parsing item.
11-01-2023 @ 12:40:38 - Row :155 - Processing item.
11-01-2023 @ 12:40:38 - Found order object. ID:9215
11-01-2023 @ 12:40:40 - Row :155 - Order imported successfully.
11-01-2023 @ 12:40:40 - Row :156 - Parsing item.
11-01-2023 @ 12:40:40 - Row :156 - Processing item.
11-01-2023 @ 12:40:40 - Found order object. ID:9216
11-01-2023 @ 12:40:42 - Row :156 - Order imported successfully.
11-01-2023 @ 12:40:42 - Row :157 - Parsing item.
11-01-2023 @ 12:40:42 - Row :157 - Processing item.
11-01-2023 @ 12:40:42 - Found order object. ID:9217
11-01-2023 @ 12:40:43 - Row :157 - Order imported successfully.
11-01-2023 @ 12:40:43 - Row :158 - Parsing item.
11-01-2023 @ 12:40:43 - Row :158 - Processing item.
11-01-2023 @ 12:40:44 - Found order object. ID:9218
11-01-2023 @ 12:40:45 - Row :158 - Order imported successfully.
11-01-2023 @ 12:40:45 - Row :159 - Parsing item.
11-01-2023 @ 12:40:45 - Row :159 - Processing item.
11-01-2023 @ 12:40:46 - Found order object. ID:9219
11-01-2023 @ 12:40:47 - Row :159 - Order imported successfully.
11-01-2023 @ 12:40:47 - Row :160 - Parsing item.
11-01-2023 @ 12:40:47 - Row :160 - Processing item.
11-01-2023 @ 12:40:48 - Found order object. ID:9220
11-01-2023 @ 12:40:49 - Row :160 - Order imported successfully.
11-01-2023 @ 12:40:51 - Preparing for import.
11-01-2023 @ 12:40:51 - Row :161 - Parsing item.
11-01-2023 @ 12:40:51 - Row :161 - Processing item.
11-01-2023 @ 12:40:51 - Found order object. ID:9221
11-01-2023 @ 12:40:53 - Row :161 - Order imported successfully.
11-01-2023 @ 12:40:53 - Row :162 - Parsing item.
11-01-2023 @ 12:40:53 - Row :162 - Processing item.
11-01-2023 @ 12:40:53 - Found order object. ID:9222
11-01-2023 @ 12:40:54 - Row :162 - Order imported successfully.
11-01-2023 @ 12:40:54 - Row :163 - Parsing item.
11-01-2023 @ 12:40:54 - Row :163 - Processing item.
11-01-2023 @ 12:40:55 - Found order object. ID:9223
11-01-2023 @ 12:40:56 - Row :163 - Order imported successfully.
11-01-2023 @ 12:40:56 - Row :164 - Parsing item.
11-01-2023 @ 12:40:56 - Row :164 - Processing item.
11-01-2023 @ 12:40:57 - Found order object. ID:9224
11-01-2023 @ 12:40:58 - Row :164 - Order imported successfully.
11-01-2023 @ 12:40:58 - Row :165 - Parsing item.
11-01-2023 @ 12:40:58 - Row :165 - Processing item.
11-01-2023 @ 12:40:59 - Found order object. ID:9225
11-01-2023 @ 12:41:00 - Row :165 - Order imported successfully.
11-01-2023 @ 12:41:00 - Row :166 - Parsing item.
11-01-2023 @ 12:41:00 - Row :166 - Processing item.
11-01-2023 @ 12:41:01 - Found order object. ID:9226
11-01-2023 @ 12:41:02 - Row :166 - Order imported successfully.
11-01-2023 @ 12:41:02 - Row :167 - Parsing item.
11-01-2023 @ 12:41:02 - Row :167 - Processing item.
11-01-2023 @ 12:41:02 - Found order object. ID:9227
11-01-2023 @ 12:41:04 - Row :167 - Order imported successfully.
11-01-2023 @ 12:41:04 - Row :168 - Parsing item.
11-01-2023 @ 12:41:04 - Row :168 - Processing item.
11-01-2023 @ 12:41:04 - Found order object. ID:9228
11-01-2023 @ 12:41:06 - Row :168 - Order imported successfully.
11-01-2023 @ 12:41:06 - Row :169 - Parsing item.
11-01-2023 @ 12:41:06 - Row :169 - Processing item.
11-01-2023 @ 12:41:06 - Found order object. ID:9229
11-01-2023 @ 12:41:07 - Row :169 - Order imported successfully.
11-01-2023 @ 12:41:07 - Row :170 - Parsing item.
11-01-2023 @ 12:41:07 - Row :170 - Processing item.
11-01-2023 @ 12:41:08 - Found order object. ID:9230
11-01-2023 @ 12:41:09 - Row :170 - Order imported successfully.
11-01-2023 @ 12:41:12 - Preparing for import.
11-01-2023 @ 12:41:12 - Row :171 - Parsing item.
11-01-2023 @ 12:41:12 - Row :171 - Processing item.
11-01-2023 @ 12:41:13 - Found order object. ID:9231
11-01-2023 @ 12:41:14 - Row :171 - Order imported successfully.
11-01-2023 @ 12:41:14 - Row :172 - Parsing item.
11-01-2023 @ 12:41:14 - Row :172 - Processing item.
11-01-2023 @ 12:41:15 - Found order object. ID:9232
11-01-2023 @ 12:41:16 - Row :172 - Order imported successfully.
11-01-2023 @ 12:41:16 - Row :173 - Parsing item.
11-01-2023 @ 12:41:16 - Row :173 - Processing item.
11-01-2023 @ 12:41:16 - Found order object. ID:9233
11-01-2023 @ 12:41:18 - Row :173 - Order imported successfully.
11-01-2023 @ 12:41:18 - Row :174 - Parsing item.
11-01-2023 @ 12:41:18 - Row :174 - Processing item.
11-01-2023 @ 12:41:18 - Found order object. ID:9234
11-01-2023 @ 12:41:20 - Row :174 - Order imported successfully.
11-01-2023 @ 12:41:20 - Row :175 - Parsing item.
11-01-2023 @ 12:41:20 - Row :175 - Processing item.
11-01-2023 @ 12:41:20 - Found order object. ID:9235
11-01-2023 @ 12:41:21 - Row :175 - Order imported successfully.
11-01-2023 @ 12:41:21 - Row :176 - Parsing item.
11-01-2023 @ 12:41:21 - Row :176 - Processing item.
11-01-2023 @ 12:41:22 - Found order object. ID:9236
11-01-2023 @ 12:41:23 - Row :176 - Order imported successfully.
11-01-2023 @ 12:41:23 - Row :177 - Parsing item.
11-01-2023 @ 12:41:23 - Row :177 - Processing item.
11-01-2023 @ 12:41:24 - Found order object. ID:9237
11-01-2023 @ 12:41:25 - Row :177 - Order imported successfully.
11-01-2023 @ 12:41:25 - Row :178 - Parsing item.
11-01-2023 @ 12:41:25 - Row :178 - Processing item.
11-01-2023 @ 12:41:26 - Found order object. ID:9238
11-01-2023 @ 12:41:27 - Row :178 - Order imported successfully.
11-01-2023 @ 12:41:27 - Row :179 - Parsing item.
11-01-2023 @ 12:41:27 - Row :179 - Processing item.
11-01-2023 @ 12:41:28 - Found order object. ID:9239
11-01-2023 @ 12:41:29 - Row :179 - Order imported successfully.
11-01-2023 @ 12:41:29 - Row :180 - Parsing item.
11-01-2023 @ 12:41:29 - Row :180 - Processing item.
11-01-2023 @ 12:41:30 - Found order object. ID:9240
11-01-2023 @ 12:41:31 - Row :180 - Order imported successfully.
11-01-2023 @ 12:41:33 - Preparing for import.
11-01-2023 @ 12:41:33 - Row :181 - Parsing item.
11-01-2023 @ 12:41:33 - Row :181 - Processing item.
11-01-2023 @ 12:41:34 - Found order object. ID:9241
11-01-2023 @ 12:41:35 - Row :181 - Order imported successfully.
11-01-2023 @ 12:41:35 - Row :182 - Parsing item.
11-01-2023 @ 12:41:35 - Row :182 - Processing item.
11-01-2023 @ 12:41:36 - Found order object. ID:9242
11-01-2023 @ 12:41:37 - Row :182 - Order imported successfully.
11-01-2023 @ 12:41:37 - Row :183 - Parsing item.
11-01-2023 @ 12:41:37 - Row :183 - Processing item.
11-01-2023 @ 12:41:38 - Found order object. ID:9243
11-01-2023 @ 12:41:39 - Row :183 - Order imported successfully.
11-01-2023 @ 12:41:39 - Row :184 - Parsing item.
11-01-2023 @ 12:41:39 - Row :184 - Processing item.
11-01-2023 @ 12:41:39 - Found order object. ID:9244
11-01-2023 @ 12:41:41 - Row :184 - Order imported successfully.
11-01-2023 @ 12:41:41 - Row :185 - Parsing item.
11-01-2023 @ 12:41:41 - Row :185 - Processing item.
11-01-2023 @ 12:41:41 - Found order object. ID:9245
11-01-2023 @ 12:41:43 - Row :185 - Order imported successfully.
11-01-2023 @ 12:41:43 - Row :186 - Parsing item.
11-01-2023 @ 12:41:43 - Row :186 - Processing item.
11-01-2023 @ 12:41:43 - Found order object. ID:9246
11-01-2023 @ 12:41:44 - Row :186 - Order imported successfully.
11-01-2023 @ 12:41:44 - Row :187 - Parsing item.
11-01-2023 @ 12:41:44 - Row :187 - Processing item.
11-01-2023 @ 12:41:45 - Found order object. ID:9247
11-01-2023 @ 12:41:46 - Row :187 - Order imported successfully.
11-01-2023 @ 12:41:46 - Row :188 - Parsing item.
11-01-2023 @ 12:41:46 - Row :188 - Processing item.
11-01-2023 @ 12:41:47 - Found order object. ID:9248
11-01-2023 @ 12:41:48 - Row :188 - Order imported successfully.
11-01-2023 @ 12:41:48 - Row :189 - Parsing item.
11-01-2023 @ 12:41:48 - Row :189 - Processing item.
11-01-2023 @ 12:41:49 - Found order object. ID:9249
11-01-2023 @ 12:41:50 - Row :189 - Order imported successfully.
11-01-2023 @ 12:41:50 - Row :190 - Parsing item.
11-01-2023 @ 12:41:50 - Row :190 - Processing item.
11-01-2023 @ 12:41:51 - Found order object. ID:9250
11-01-2023 @ 12:41:52 - Row :190 - Order imported successfully.
11-01-2023 @ 12:41:54 - Preparing for import.
11-01-2023 @ 12:41:54 - Row :191 - Parsing item.
11-01-2023 @ 12:41:54 - Row :191 - Processing item.
11-01-2023 @ 12:41:54 - Found order object. ID:9251
11-01-2023 @ 12:41:56 - Row :191 - Order imported successfully.
11-01-2023 @ 12:41:56 - Row :192 - Parsing item.
11-01-2023 @ 12:41:56 - Row :192 - Processing item.
11-01-2023 @ 12:41:56 - Found order object. ID:9252
11-01-2023 @ 12:41:57 - Row :192 - Order imported successfully.
11-01-2023 @ 12:41:57 - Row :193 - Parsing item.
11-01-2023 @ 12:41:57 - Row :193 - Processing item.
11-01-2023 @ 12:41:58 - Found order object. ID:9253
11-01-2023 @ 12:41:59 - Row :193 - Order imported successfully.
11-01-2023 @ 12:41:59 - Row :194 - Parsing item.
11-01-2023 @ 12:41:59 - Row :194 - Processing item.
11-01-2023 @ 12:42:00 - Found order object. ID:9254
11-01-2023 @ 12:42:01 - Row :194 - Order imported successfully.
11-01-2023 @ 12:42:01 - Row :195 - Parsing item.
11-01-2023 @ 12:42:01 - Row :195 - Processing item.
11-01-2023 @ 12:42:02 - Found order object. ID:9255
11-01-2023 @ 12:42:03 - Row :195 - Order imported successfully.
11-01-2023 @ 12:42:03 - Row :196 - Parsing item.
11-01-2023 @ 12:42:03 - Row :196 - Processing item.
11-01-2023 @ 12:42:04 - Found order object. ID:9256
11-01-2023 @ 12:42:05 - Row :196 - Order imported successfully.
11-01-2023 @ 12:42:05 - Row :197 - Parsing item.
11-01-2023 @ 12:42:05 - Row :197 - Processing item.
11-01-2023 @ 12:42:06 - Found order object. ID:9257
11-01-2023 @ 12:42:07 - Row :197 - Order imported successfully.
11-01-2023 @ 12:42:07 - Row :198 - Parsing item.
11-01-2023 @ 12:42:07 - Row :198 - Processing item.
11-01-2023 @ 12:42:07 - Found order object. ID:9258
11-01-2023 @ 12:42:09 - Row :198 - Order imported successfully.
11-01-2023 @ 12:42:09 - Row :199 - Parsing item.
11-01-2023 @ 12:42:09 - Row :199 - Processing item.
11-01-2023 @ 12:42:09 - Found order object. ID:9259
11-01-2023 @ 12:42:11 - Row :199 - Order imported successfully.
11-01-2023 @ 12:42:11 - Row :200 - Parsing item.
11-01-2023 @ 12:42:11 - Row :200 - Processing item.
11-01-2023 @ 12:42:11 - Found order object. ID:9260
11-01-2023 @ 12:42:12 - Row :200 - Order imported successfully.
11-01-2023 @ 12:42:15 - Preparing for import.
11-01-2023 @ 12:42:15 - Row :201 - Parsing item.
11-01-2023 @ 12:42:15 - Row :201 - Processing item.
11-01-2023 @ 12:42:15 - Found order object. ID:9261
11-01-2023 @ 12:42:17 - Row :201 - Order imported successfully.
11-01-2023 @ 12:42:17 - Row :202 - Parsing item.
11-01-2023 @ 12:42:17 - Row :202 - Processing item.
11-01-2023 @ 12:42:18 - Found order object. ID:9262
11-01-2023 @ 12:42:19 - Row :202 - Order imported successfully.
11-01-2023 @ 12:42:19 - Row :203 - Parsing item.
11-01-2023 @ 12:42:19 - Row :203 - Processing item.
11-01-2023 @ 12:42:19 - Found order object. ID:9263
11-01-2023 @ 12:42:21 - Row :203 - Order imported successfully.
11-01-2023 @ 12:42:21 - Row :204 - Parsing item.
11-01-2023 @ 12:42:21 - Row :204 - Processing item.
11-01-2023 @ 12:42:21 - Found order object. ID:9264
11-01-2023 @ 12:42:22 - Row :204 - Order imported successfully.
11-01-2023 @ 12:42:22 - Row :205 - Parsing item.
11-01-2023 @ 12:42:22 - Row :205 - Processing item.
11-01-2023 @ 12:42:23 - Found order object. ID:9265
11-01-2023 @ 12:42:24 - Row :205 - Order imported successfully.
11-01-2023 @ 12:42:24 - Row :206 - Parsing item.
11-01-2023 @ 12:42:24 - Row :206 - Processing item.
11-01-2023 @ 12:42:25 - Found order object. ID:9266
11-01-2023 @ 12:42:26 - Row :206 - Order imported successfully.
11-01-2023 @ 12:42:26 - Row :207 - Parsing item.
11-01-2023 @ 12:42:26 - Row :207 - Processing item.
11-01-2023 @ 12:42:27 - Found order object. ID:9267
11-01-2023 @ 12:42:28 - Row :207 - Order imported successfully.
11-01-2023 @ 12:42:28 - Row :208 - Parsing item.
11-01-2023 @ 12:42:28 - Row :208 - Processing item.
11-01-2023 @ 12:42:29 - Found order object. ID:9268
11-01-2023 @ 12:42:30 - Row :208 - Order imported successfully.
11-01-2023 @ 12:42:30 - Row :209 - Parsing item.
11-01-2023 @ 12:42:30 - Row :209 - Processing item.
11-01-2023 @ 12:42:30 - Found order object. ID:9269
11-01-2023 @ 12:42:32 - Row :209 - Order imported successfully.
11-01-2023 @ 12:42:32 - Row :210 - Parsing item.
11-01-2023 @ 12:42:32 - Row :210 - Processing item.
11-01-2023 @ 12:42:32 - Found order object. ID:9270
11-01-2023 @ 12:42:33 - Row :210 - Order imported successfully.
11-01-2023 @ 12:42:36 - Preparing for import.
11-01-2023 @ 12:42:36 - Row :211 - Parsing item.
11-01-2023 @ 12:42:36 - Row :211 - Processing item.
11-01-2023 @ 12:42:36 - Found order object. ID:9271
11-01-2023 @ 12:42:38 - Row :211 - Order imported successfully.
11-01-2023 @ 12:42:38 - Row :212 - Parsing item.
11-01-2023 @ 12:42:38 - Row :212 - Processing item.
11-01-2023 @ 12:42:38 - Found order object. ID:9272
11-01-2023 @ 12:42:40 - Row :212 - Order imported successfully.
11-01-2023 @ 12:42:40 - Row :213 - Parsing item.
11-01-2023 @ 12:42:40 - Row :213 - Processing item.
11-01-2023 @ 12:42:40 - Found order object. ID:9273
11-01-2023 @ 12:42:41 - Row :213 - Order imported successfully.
11-01-2023 @ 12:42:41 - Row :214 - Parsing item.
11-01-2023 @ 12:42:41 - Row :214 - Processing item.
11-01-2023 @ 12:42:42 - Found order object. ID:9274
11-01-2023 @ 12:42:43 - Row :214 - Order imported successfully.
11-01-2023 @ 12:42:43 - Row :215 - Parsing item.
11-01-2023 @ 12:42:43 - Row :215 - Processing item.
11-01-2023 @ 12:42:44 - Found order object. ID:9275
11-01-2023 @ 12:42:45 - Row :215 - Order imported successfully.
11-01-2023 @ 12:42:45 - Row :216 - Parsing item.
11-01-2023 @ 12:42:45 - Row :216 - Processing item.
11-01-2023 @ 12:42:46 - Found order object. ID:9276
11-01-2023 @ 12:42:47 - Row :216 - Order imported successfully.
11-01-2023 @ 12:42:47 - Row :217 - Parsing item.
11-01-2023 @ 12:42:47 - Row :217 - Processing item.
11-01-2023 @ 12:42:48 - Found order object. ID:9277
11-01-2023 @ 12:42:49 - Row :217 - Order imported successfully.
11-01-2023 @ 12:42:49 - Row :218 - Parsing item.
11-01-2023 @ 12:42:49 - Row :218 - Processing item.
11-01-2023 @ 12:42:49 - Found order object. ID:9278
11-01-2023 @ 12:42:51 - Row :218 - Order imported successfully.
11-01-2023 @ 12:42:51 - Row :219 - Parsing item.
11-01-2023 @ 12:42:51 - Row :219 - Processing item.
11-01-2023 @ 12:42:51 - Found order object. ID:9279
11-01-2023 @ 12:42:52 - Row :219 - Order imported successfully.
11-01-2023 @ 12:42:52 - Row :220 - Parsing item.
11-01-2023 @ 12:42:52 - Row :220 - Processing item.
11-01-2023 @ 12:42:53 - Found order object. ID:9280
11-01-2023 @ 12:42:54 - Row :220 - Order imported successfully.
11-01-2023 @ 12:42:56 - Preparing for import.
11-01-2023 @ 12:42:56 - Row :221 - Parsing item.
11-01-2023 @ 12:42:56 - Row :221 - Processing item.
11-01-2023 @ 12:42:57 - Found order object. ID:9281
11-01-2023 @ 12:42:58 - Row :221 - Order imported successfully.
11-01-2023 @ 12:42:58 - Row :222 - Parsing item.
11-01-2023 @ 12:42:58 - Row :222 - Processing item.
11-01-2023 @ 12:42:58 - Found order object. ID:9282
11-01-2023 @ 12:43:00 - Row :222 - Order imported successfully.
11-01-2023 @ 12:43:00 - Row :223 - Parsing item.
11-01-2023 @ 12:43:00 - Row :223 - Processing item.
11-01-2023 @ 12:43:00 - Found order object. ID:9283
11-01-2023 @ 12:43:01 - Row :223 - Order imported successfully.
11-01-2023 @ 12:43:01 - Row :224 - Parsing item.
11-01-2023 @ 12:43:01 - Row :224 - Processing item.
11-01-2023 @ 12:43:02 - Found order object. ID:9284
11-01-2023 @ 12:43:03 - Row :224 - Order imported successfully.
11-01-2023 @ 12:43:03 - Row :225 - Parsing item.
11-01-2023 @ 12:43:03 - Row :225 - Processing item.
11-01-2023 @ 12:43:04 - Found order object. ID:9285
11-01-2023 @ 12:43:05 - Row :225 - Order imported successfully.
11-01-2023 @ 12:43:05 - Row :226 - Parsing item.
11-01-2023 @ 12:43:05 - Row :226 - Processing item.
11-01-2023 @ 12:43:06 - Found order object. ID:9286
11-01-2023 @ 12:43:07 - Row :226 - Order imported successfully.
11-01-2023 @ 12:43:07 - Row :227 - Parsing item.
11-01-2023 @ 12:43:07 - Row :227 - Processing item.
11-01-2023 @ 12:43:07 - Found order object. ID:9287
11-01-2023 @ 12:43:09 - Row :227 - Order imported successfully.
11-01-2023 @ 12:43:09 - Row :228 - Parsing item.
11-01-2023 @ 12:43:09 - Row :228 - Processing item.
11-01-2023 @ 12:43:09 - Found order object. ID:9288
11-01-2023 @ 12:43:10 - Row :228 - Order imported successfully.
11-01-2023 @ 12:43:10 - Row :229 - Parsing item.
11-01-2023 @ 12:43:10 - Row :229 - Processing item.
11-01-2023 @ 12:43:11 - Found order object. ID:9289
11-01-2023 @ 12:43:12 - Row :229 - Order imported successfully.
11-01-2023 @ 12:43:12 - Row :230 - Parsing item.
11-01-2023 @ 12:43:12 - Row :230 - Processing item.
11-01-2023 @ 12:43:13 - Found order object. ID:9290
11-01-2023 @ 12:43:14 - Row :230 - Order imported successfully.
11-01-2023 @ 12:43:17 - Preparing for import.
11-01-2023 @ 12:43:17 - Row :231 - Parsing item.
11-01-2023 @ 12:43:17 - Row :231 - Processing item.
11-01-2023 @ 12:43:18 - Found order object. ID:9291
11-01-2023 @ 12:43:19 - Row :231 - Order imported successfully.
11-01-2023 @ 12:43:19 - Row :232 - Parsing item.
11-01-2023 @ 12:43:19 - Row :232 - Processing item.
11-01-2023 @ 12:43:20 - Found order object. ID:9292
11-01-2023 @ 12:43:21 - Row :232 - Order imported successfully.
11-01-2023 @ 12:43:21 - Row :233 - Parsing item.
11-01-2023 @ 12:43:21 - Row :233 - Processing item.
11-01-2023 @ 12:43:22 - Found order object. ID:9293
11-01-2023 @ 12:43:23 - Row :233 - Order imported successfully.
11-01-2023 @ 12:43:23 - Row :234 - Parsing item.
11-01-2023 @ 12:43:23 - Row :234 - Processing item.
11-01-2023 @ 12:43:24 - Found order object. ID:9294
11-01-2023 @ 12:43:25 - Row :234 - Order imported successfully.
11-01-2023 @ 12:43:25 - Row :235 - Parsing item.
11-01-2023 @ 12:43:25 - Row :235 - Processing item.
11-01-2023 @ 12:43:25 - Found order object. ID:9295
11-01-2023 @ 12:43:27 - Row :235 - Order imported successfully.
11-01-2023 @ 12:43:27 - Row :236 - Parsing item.
11-01-2023 @ 12:43:27 - Row :236 - Processing item.
11-01-2023 @ 12:43:27 - Found order object. ID:9296
11-01-2023 @ 12:43:28 - Row :236 - Order imported successfully.
11-01-2023 @ 12:43:28 - Row :237 - Parsing item.
11-01-2023 @ 12:43:28 - Row :237 - Processing item.
11-01-2023 @ 12:43:29 - Found order object. ID:9297
11-01-2023 @ 12:43:30 - Row :237 - Order imported successfully.
11-01-2023 @ 12:43:30 - Row :238 - Parsing item.
11-01-2023 @ 12:43:30 - Row :238 - Processing item.
11-01-2023 @ 12:43:31 - Found order object. ID:9298
11-01-2023 @ 12:43:32 - Row :238 - Order imported successfully.
11-01-2023 @ 12:43:32 - Row :239 - Parsing item.
11-01-2023 @ 12:43:32 - Row :239 - Processing item.
11-01-2023 @ 12:43:32 - Found order object. ID:9299
11-01-2023 @ 12:43:34 - Row :239 - Order imported successfully.
11-01-2023 @ 12:43:34 - Row :240 - Parsing item.
11-01-2023 @ 12:43:34 - Row :240 - Processing item.
11-01-2023 @ 12:43:34 - Found order object. ID:9300
11-01-2023 @ 12:43:35 - Row :240 - Order imported successfully.
11-01-2023 @ 12:43:38 - Preparing for import.
11-01-2023 @ 12:43:38 - Row :241 - Parsing item.
11-01-2023 @ 12:43:38 - Row :241 - Processing item.
11-01-2023 @ 12:43:38 - Found order object. ID:9301
11-01-2023 @ 12:43:40 - Row :241 - Order imported successfully.
11-01-2023 @ 12:43:40 - Row :242 - Parsing item.
11-01-2023 @ 12:43:40 - Row :242 - Processing item.
11-01-2023 @ 12:43:40 - Found order object. ID:9302
11-01-2023 @ 12:43:41 - Row :242 - Order imported successfully.
11-01-2023 @ 12:43:41 - Row :243 - Parsing item.
11-01-2023 @ 12:43:41 - Row :243 - Processing item.
11-01-2023 @ 12:43:42 - Found order object. ID:9303
11-01-2023 @ 12:43:43 - Row :243 - Order imported successfully.
11-01-2023 @ 12:43:43 - Row :244 - Parsing item.
11-01-2023 @ 12:43:43 - Row :244 - Processing item.
11-01-2023 @ 12:43:44 - Found order object. ID:9304
11-01-2023 @ 12:43:45 - Row :244 - Order imported successfully.
11-01-2023 @ 12:43:45 - Row :245 - Parsing item.
11-01-2023 @ 12:43:45 - Row :245 - Processing item.
11-01-2023 @ 12:43:46 - Found order object. ID:9305
11-01-2023 @ 12:43:47 - Row :245 - Order imported successfully.
11-01-2023 @ 12:43:47 - Row :246 - Parsing item.
11-01-2023 @ 12:43:47 - Row :246 - Processing item.
11-01-2023 @ 12:43:47 - Found order object. ID:9306
11-01-2023 @ 12:43:49 - Row :246 - Order imported successfully.
11-01-2023 @ 12:43:49 - Row :247 - Parsing item.
11-01-2023 @ 12:43:49 - Row :247 - Processing item.
11-01-2023 @ 12:43:49 - Found order object. ID:9307
11-01-2023 @ 12:43:50 - Row :247 - Order imported successfully.
11-01-2023 @ 12:43:50 - Row :248 - Parsing item.
11-01-2023 @ 12:43:50 - Row :248 - Processing item.
11-01-2023 @ 12:43:51 - Found order object. ID:9308
11-01-2023 @ 12:43:52 - Row :248 - Order imported successfully.
11-01-2023 @ 12:43:52 - Row :249 - Parsing item.
11-01-2023 @ 12:43:52 - Row :249 - Processing item.
11-01-2023 @ 12:43:53 - Found order object. ID:9309
11-01-2023 @ 12:43:54 - Row :249 - Order imported successfully.
11-01-2023 @ 12:43:54 - Row :250 - Parsing item.
11-01-2023 @ 12:43:54 - Row :250 - Processing item.
11-01-2023 @ 12:43:55 - Found order object. ID:9310
11-01-2023 @ 12:43:56 - Row :250 - Order imported successfully.
11-01-2023 @ 12:44:00 - Preparing for import.
11-01-2023 @ 12:44:00 - Row :251 - Parsing item.
11-01-2023 @ 12:44:00 - Row :251 - Processing item.
11-01-2023 @ 12:44:01 - Found order object. ID:9311
11-01-2023 @ 12:44:02 - Row :251 - Order imported successfully.
11-01-2023 @ 12:44:02 - Row :252 - Parsing item.
11-01-2023 @ 12:44:02 - Row :252 - Processing item.
11-01-2023 @ 12:44:03 - Found order object. ID:9312
11-01-2023 @ 12:44:04 - Row :252 - Order imported successfully.
11-01-2023 @ 12:44:04 - Row :253 - Parsing item.
11-01-2023 @ 12:44:04 - Row :253 - Processing item.
11-01-2023 @ 12:44:05 - Found order object. ID:9313
11-01-2023 @ 12:44:06 - Row :253 - Order imported successfully.
11-01-2023 @ 12:44:06 - Row :254 - Parsing item.
11-01-2023 @ 12:44:06 - Row :254 - Processing item.
11-01-2023 @ 12:44:07 - Found order object. ID:9314
11-01-2023 @ 12:44:08 - Row :254 - Order imported successfully.
11-01-2023 @ 12:44:08 - Row :255 - Parsing item.
11-01-2023 @ 12:44:08 - Row :255 - Processing item.
11-01-2023 @ 12:44:08 - Found order object. ID:9315
11-01-2023 @ 12:44:10 - Row :255 - Order imported successfully.
11-01-2023 @ 12:44:10 - Row :256 - Parsing item.
11-01-2023 @ 12:44:10 - Row :256 - Processing item.
11-01-2023 @ 12:44:10 - Found order object. ID:9316
11-01-2023 @ 12:44:11 - Row :256 - Order imported successfully.
11-01-2023 @ 12:44:11 - Row :257 - Parsing item.
11-01-2023 @ 12:44:11 - Row :257 - Processing item.
11-01-2023 @ 12:44:12 - Found order object. ID:9317
11-01-2023 @ 12:44:13 - Row :257 - Order imported successfully.
11-01-2023 @ 12:44:13 - Row :258 - Parsing item.
11-01-2023 @ 12:44:13 - Row :258 - Processing item.
11-01-2023 @ 12:44:14 - Found order object. ID:9318
11-01-2023 @ 12:44:15 - Row :258 - Order imported successfully.
11-01-2023 @ 12:44:15 - Row :259 - Parsing item.
11-01-2023 @ 12:44:15 - Row :259 - Processing item.
11-01-2023 @ 12:44:16 - Found order object. ID:9319
11-01-2023 @ 12:44:17 - Row :259 - Order imported successfully.
11-01-2023 @ 12:44:17 - Row :260 - Parsing item.
11-01-2023 @ 12:44:17 - Row :260 - Processing item.
11-01-2023 @ 12:44:17 - Found order object. ID:9320
11-01-2023 @ 12:44:19 - Row :260 - Order imported successfully.
11-01-2023 @ 12:44:20 - Preparing for import.
11-01-2023 @ 12:44:20 - Row :261 - Parsing item.
11-01-2023 @ 12:44:20 - Row :261 - Processing item.
11-01-2023 @ 12:44:21 - Found order object. ID:9321
11-01-2023 @ 12:44:22 - Row :261 - Order imported successfully.
11-01-2023 @ 12:44:22 - Row :262 - Parsing item.
11-01-2023 @ 12:44:22 - Row :262 - Processing item.
11-01-2023 @ 12:44:23 - Found order object. ID:9322
11-01-2023 @ 12:44:24 - Row :262 - Order imported successfully.
11-01-2023 @ 12:44:24 - Row :263 - Parsing item.
11-01-2023 @ 12:44:24 - Row :263 - Processing item.
11-01-2023 @ 12:44:25 - Found order object. ID:9323
11-01-2023 @ 12:44:26 - Row :263 - Order imported successfully.
11-01-2023 @ 12:44:26 - Row :264 - Parsing item.
11-01-2023 @ 12:44:26 - Row :264 - Processing item.
11-01-2023 @ 12:44:27 - Found order object. ID:9324
11-01-2023 @ 12:44:28 - Row :264 - Order imported successfully.
11-01-2023 @ 12:44:28 - Row :265 - Parsing item.
11-01-2023 @ 12:44:28 - Row :265 - Processing item.
11-01-2023 @ 12:44:28 - Found order object. ID:9325
11-01-2023 @ 12:44:30 - Row :265 - Order imported successfully.
11-01-2023 @ 12:44:30 - Row :266 - Parsing item.
11-01-2023 @ 12:44:30 - Row :266 - Processing item.
11-01-2023 @ 12:44:30 - Found order object. ID:9326
11-01-2023 @ 12:44:31 - Row :266 - Order imported successfully.
11-01-2023 @ 12:44:31 - Row :267 - Parsing item.
11-01-2023 @ 12:44:31 - Row :267 - Processing item.
11-01-2023 @ 12:44:32 - Found order object. ID:9327
11-01-2023 @ 12:44:33 - Row :267 - Order imported successfully.
11-01-2023 @ 12:44:33 - Row :268 - Parsing item.
11-01-2023 @ 12:44:33 - Row :268 - Processing item.
11-01-2023 @ 12:44:34 - Found order object. ID:9328
11-01-2023 @ 12:44:35 - Row :268 - Order imported successfully.
11-01-2023 @ 12:44:35 - Row :269 - Parsing item.
11-01-2023 @ 12:44:35 - Row :269 - Processing item.
11-01-2023 @ 12:44:36 - Found order object. ID:9329
11-01-2023 @ 12:44:37 - Row :269 - Order imported successfully.
11-01-2023 @ 12:44:37 - Row :270 - Parsing item.
11-01-2023 @ 12:44:37 - Row :270 - Processing item.
11-01-2023 @ 12:44:37 - Found order object. ID:9330
11-01-2023 @ 12:44:39 - Row :270 - Order imported successfully.
11-01-2023 @ 12:44:41 - Preparing for import.
11-01-2023 @ 12:44:41 - Row :271 - Parsing item.
11-01-2023 @ 12:44:41 - Row :271 - Processing item.
11-01-2023 @ 12:44:41 - Found order object. ID:9331
11-01-2023 @ 12:44:43 - Row :271 - Order imported successfully.
11-01-2023 @ 12:44:43 - Row :272 - Parsing item.
11-01-2023 @ 12:44:43 - Row :272 - Processing item.
11-01-2023 @ 12:44:43 - Found order object. ID:9332
11-01-2023 @ 12:44:44 - Row :272 - Order imported successfully.
11-01-2023 @ 12:44:44 - Row :273 - Parsing item.
11-01-2023 @ 12:44:44 - Row :273 - Processing item.
11-01-2023 @ 12:44:45 - Found order object. ID:9333
11-01-2023 @ 12:44:46 - Row :273 - Order imported successfully.
11-01-2023 @ 12:44:46 - Row :274 - Parsing item.
11-01-2023 @ 12:44:46 - Row :274 - Processing item.
11-01-2023 @ 12:44:47 - Found order object. ID:9334
11-01-2023 @ 12:44:48 - Row :274 - Order imported successfully.
11-01-2023 @ 12:44:48 - Row :275 - Parsing item.
11-01-2023 @ 12:44:48 - Row :275 - Processing item.
11-01-2023 @ 12:44:49 - Found order object. ID:9335
11-01-2023 @ 12:44:50 - Row :275 - Order imported successfully.
11-01-2023 @ 12:44:50 - Row :276 - Parsing item.
11-01-2023 @ 12:44:50 - Row :276 - Processing item.
11-01-2023 @ 12:44:50 - Found order object. ID:9336
11-01-2023 @ 12:44:52 - Row :276 - Order imported successfully.
11-01-2023 @ 12:44:52 - Row :277 - Parsing item.
11-01-2023 @ 12:44:52 - Row :277 - Processing item.
11-01-2023 @ 12:44:52 - Found order object. ID:9337
11-01-2023 @ 12:44:53 - Row :277 - Order imported successfully.
11-01-2023 @ 12:44:53 - Row :278 - Parsing item.
11-01-2023 @ 12:44:53 - Row :278 - Processing item.
11-01-2023 @ 12:44:54 - Found order object. ID:9338
11-01-2023 @ 12:44:55 - Row :278 - Order imported successfully.
11-01-2023 @ 12:44:55 - Row :279 - Parsing item.
11-01-2023 @ 12:44:55 - Row :279 - Processing item.
11-01-2023 @ 12:44:56 - Found order object. ID:9339
11-01-2023 @ 12:44:57 - Row :279 - Order imported successfully.
11-01-2023 @ 12:44:57 - Row :280 - Parsing item.
11-01-2023 @ 12:44:57 - Row :280 - Processing item.
11-01-2023 @ 12:44:58 - Found order object. ID:9340
11-01-2023 @ 12:44:59 - Row :280 - Order imported successfully.
11-01-2023 @ 12:45:01 - Preparing for import.
11-01-2023 @ 12:45:01 - Row :281 - Parsing item.
11-01-2023 @ 12:45:01 - Row :281 - Processing item.
11-01-2023 @ 12:45:02 - Found order object. ID:9341
11-01-2023 @ 12:45:03 - Row :281 - Order imported successfully.
11-01-2023 @ 12:45:03 - Row :282 - Parsing item.
11-01-2023 @ 12:45:03 - Row :282 - Processing item.
11-01-2023 @ 12:45:04 - Found order object. ID:9342
11-01-2023 @ 12:45:05 - Row :282 - Order imported successfully.
11-01-2023 @ 12:45:05 - Row :283 - Parsing item.
11-01-2023 @ 12:45:05 - Row :283 - Processing item.
11-01-2023 @ 12:45:05 - Found order object. ID:9343
11-01-2023 @ 12:45:07 - Row :283 - Order imported successfully.
11-01-2023 @ 12:45:07 - Row :284 - Parsing item.
11-01-2023 @ 12:45:07 - Row :284 - Processing item.
11-01-2023 @ 12:45:07 - Found order object. ID:9344
11-01-2023 @ 12:45:09 - Row :284 - Order imported successfully.
11-01-2023 @ 12:45:09 - Row :285 - Parsing item.
11-01-2023 @ 12:45:09 - Row :285 - Processing item.
11-01-2023 @ 12:45:09 - Found order object. ID:9345
11-01-2023 @ 12:45:11 - Row :285 - Order imported successfully.
11-01-2023 @ 12:45:11 - Row :286 - Parsing item.
11-01-2023 @ 12:45:11 - Row :286 - Processing item.
11-01-2023 @ 12:45:11 - Found order object. ID:9346
11-01-2023 @ 12:45:12 - Row :286 - Order imported successfully.
11-01-2023 @ 12:45:12 - Row :287 - Parsing item.
11-01-2023 @ 12:45:12 - Row :287 - Processing item.
11-01-2023 @ 12:45:13 - Found order object. ID:9347
11-01-2023 @ 12:45:14 - Row :287 - Order imported successfully.
11-01-2023 @ 12:45:14 - Row :288 - Parsing item.
11-01-2023 @ 12:45:14 - Row :288 - Processing item.
11-01-2023 @ 12:45:15 - Found order object. ID:9348
11-01-2023 @ 12:45:16 - Row :288 - Order imported successfully.
11-01-2023 @ 12:45:16 - Row :289 - Parsing item.
11-01-2023 @ 12:45:16 - Row :289 - Processing item.
11-01-2023 @ 12:45:17 - Found order object. ID:9349
11-01-2023 @ 12:45:18 - Row :289 - Order imported successfully.
11-01-2023 @ 12:45:18 - Row :290 - Parsing item.
11-01-2023 @ 12:45:18 - Row :290 - Processing item.
11-01-2023 @ 12:45:19 - Found order object. ID:9350
11-01-2023 @ 12:45:20 - Row :290 - Order imported successfully.
11-01-2023 @ 12:45:23 - Preparing for import.
11-01-2023 @ 12:45:23 - Row :291 - Parsing item.
11-01-2023 @ 12:45:23 - Row :291 - Processing item.
11-01-2023 @ 12:45:24 - Found order object. ID:9351
11-01-2023 @ 12:45:25 - Row :291 - Order imported successfully.
11-01-2023 @ 12:45:25 - Row :292 - Parsing item.
11-01-2023 @ 12:45:25 - Row :292 - Processing item.
11-01-2023 @ 12:45:26 - Found order object. ID:9352
11-01-2023 @ 12:45:27 - Row :292 - Order imported successfully.
11-01-2023 @ 12:45:27 - Row :293 - Parsing item.
11-01-2023 @ 12:45:27 - Row :293 - Processing item.
11-01-2023 @ 12:45:27 - Found order object. ID:9353
11-01-2023 @ 12:45:29 - Row :293 - Order imported successfully.
11-01-2023 @ 12:45:29 - Row :294 - Parsing item.
11-01-2023 @ 12:45:29 - Row :294 - Processing item.
11-01-2023 @ 12:45:29 - Found order object. ID:9354
11-01-2023 @ 12:45:31 - Row :294 - Order imported successfully.
11-01-2023 @ 12:45:31 - Row :295 - Parsing item.
11-01-2023 @ 12:45:31 - Row :295 - Processing item.
11-01-2023 @ 12:45:31 - Found order object. ID:9355
11-01-2023 @ 12:45:32 - Row :295 - Order imported successfully.
11-01-2023 @ 12:45:32 - Row :296 - Parsing item.
11-01-2023 @ 12:45:32 - Row :296 - Processing item.
11-01-2023 @ 12:45:33 - Found order object. ID:9356
11-01-2023 @ 12:45:34 - Row :296 - Order imported successfully.
11-01-2023 @ 12:45:34 - Row :297 - Parsing item.
11-01-2023 @ 12:45:34 - Row :297 - Processing item.
11-01-2023 @ 12:45:35 - Found order object. ID:9357
11-01-2023 @ 12:45:37 - Row :297 - Order imported successfully.
11-01-2023 @ 12:45:37 - Row :298 - Parsing item.
11-01-2023 @ 12:45:37 - Row :298 - Processing item.
11-01-2023 @ 12:45:37 - Found order object. ID:9358
11-01-2023 @ 12:45:39 - Row :298 - Order imported successfully.
11-01-2023 @ 12:45:39 - Row :299 - Parsing item.
11-01-2023 @ 12:45:39 - Row :299 - Processing item.
11-01-2023 @ 12:45:40 - Found order object. ID:9359
11-01-2023 @ 12:45:41 - Row :299 - Order imported successfully.
11-01-2023 @ 12:45:41 - Row :300 - Parsing item.
11-01-2023 @ 12:45:41 - Row :300 - Processing item.
11-01-2023 @ 12:45:42 - Found order object. ID:9360
11-01-2023 @ 12:45:43 - Row :300 - Order imported successfully.
11-01-2023 @ 12:45:46 - Preparing for import.
11-01-2023 @ 12:45:46 - Row :301 - Parsing item.
11-01-2023 @ 12:45:46 - Row :301 - Processing item.
11-01-2023 @ 12:45:47 - Found order object. ID:9361
11-01-2023 @ 12:45:48 - Row :301 - Order imported successfully.
11-01-2023 @ 12:45:48 - Row :302 - Parsing item.
11-01-2023 @ 12:45:48 - Row :302 - Processing item.
11-01-2023 @ 12:45:49 - Found order object. ID:9362
11-01-2023 @ 12:45:51 - Row :302 - Order imported successfully.
11-01-2023 @ 12:45:51 - Row :303 - Parsing item.
11-01-2023 @ 12:45:51 - Row :303 - Processing item.
11-01-2023 @ 12:45:52 - Found order object. ID:9363
11-01-2023 @ 12:45:54 - Row :303 - Order imported successfully.
11-01-2023 @ 12:45:54 - Row :304 - Parsing item.
11-01-2023 @ 12:45:54 - Row :304 - Processing item.
11-01-2023 @ 12:45:54 - Found order object. ID:9364
11-01-2023 @ 12:45:57 - Row :304 - Order imported successfully.
11-01-2023 @ 12:45:57 - Row :305 - Parsing item.
11-01-2023 @ 12:45:57 - Row :305 - Processing item.
11-01-2023 @ 12:45:58 - Found order object. ID:9365
11-01-2023 @ 12:46:01 - Row :305 - Order imported successfully.
11-01-2023 @ 12:46:01 - Row :306 - Parsing item.
11-01-2023 @ 12:46:01 - Row :306 - Processing item.
11-01-2023 @ 12:46:01 - Found order object. ID:9366
11-01-2023 @ 12:46:05 - Row :306 - Order imported successfully.
11-01-2023 @ 12:46:05 - Row :307 - Parsing item.
11-01-2023 @ 12:46:05 - Row :307 - Processing item.
11-01-2023 @ 12:46:05 - Found order object. ID:9367
11-01-2023 @ 12:46:07 - Row :307 - Order imported successfully.
11-01-2023 @ 12:46:07 - Row :308 - Parsing item.
11-01-2023 @ 12:46:07 - Row :308 - Processing item.
11-01-2023 @ 12:46:07 - Found order object. ID:9368
11-01-2023 @ 12:46:09 - Row :308 - Order imported successfully.
11-01-2023 @ 12:46:09 - Row :309 - Parsing item.
11-01-2023 @ 12:46:09 - Row :309 - Processing item.
11-01-2023 @ 12:46:09 - Found order object. ID:9369
11-01-2023 @ 12:46:11 - Row :309 - Order imported successfully.
11-01-2023 @ 12:46:11 - Row :310 - Parsing item.
11-01-2023 @ 12:46:11 - Row :310 - Processing item.
11-01-2023 @ 12:46:11 - Found order object. ID:9370
11-01-2023 @ 12:46:12 - Row :310 - Order imported successfully.
11-01-2023 @ 12:46:16 - Preparing for import.
11-01-2023 @ 12:46:16 - Row :311 - Parsing item.
11-01-2023 @ 12:46:16 - Row :311 - Processing item.
11-01-2023 @ 12:46:16 - Found order object. ID:9371
11-01-2023 @ 12:46:18 - Row :311 - Order imported successfully.
11-01-2023 @ 12:46:18 - Row :312 - Parsing item.
11-01-2023 @ 12:46:18 - Row :312 - Processing item.
11-01-2023 @ 12:46:18 - Found order object. ID:9372
11-01-2023 @ 12:46:19 - Row :312 - Order imported successfully.
11-01-2023 @ 12:46:19 - Row :313 - Parsing item.
11-01-2023 @ 12:46:19 - Row :313 - Processing item.
11-01-2023 @ 12:46:20 - Found order object. ID:9373
11-01-2023 @ 12:46:21 - Row :313 - Order imported successfully.
11-01-2023 @ 12:46:21 - Row :314 - Parsing item.
11-01-2023 @ 12:46:21 - Row :314 - Processing item.
11-01-2023 @ 12:46:22 - Found order object. ID:9374
11-01-2023 @ 12:46:23 - Row :314 - Order imported successfully.
11-01-2023 @ 12:46:23 - Row :315 - Parsing item.
11-01-2023 @ 12:46:23 - Row :315 - Processing item.
11-01-2023 @ 12:46:24 - Found order object. ID:9375
11-01-2023 @ 12:46:25 - Row :315 - Order imported successfully.
11-01-2023 @ 12:46:25 - Row :316 - Parsing item.
11-01-2023 @ 12:46:25 - Row :316 - Processing item.
11-01-2023 @ 12:46:25 - Found order object. ID:9376
11-01-2023 @ 12:46:26 - Row :316 - Order imported successfully.
11-01-2023 @ 12:46:26 - Row :317 - Parsing item.
11-01-2023 @ 12:46:26 - Row :317 - Processing item.
11-01-2023 @ 12:46:27 - Found order object. ID:9377
11-01-2023 @ 12:46:28 - Row :317 - Order imported successfully.
11-01-2023 @ 12:46:28 - Row :318 - Parsing item.
11-01-2023 @ 12:46:28 - Row :318 - Processing item.
11-01-2023 @ 12:46:29 - Found order object. ID:9378
11-01-2023 @ 12:46:30 - Row :318 - Order imported successfully.
11-01-2023 @ 12:46:30 - Row :319 - Parsing item.
11-01-2023 @ 12:46:30 - Row :319 - Processing item.
11-01-2023 @ 12:46:31 - Found order object. ID:9379
11-01-2023 @ 12:46:32 - Row :319 - Order imported successfully.
11-01-2023 @ 12:46:32 - Row :320 - Parsing item.
11-01-2023 @ 12:46:32 - Row :320 - Processing item.
11-01-2023 @ 12:46:33 - Found order object. ID:9380
11-01-2023 @ 12:46:34 - Row :320 - Order imported successfully.
11-01-2023 @ 12:46:37 - Preparing for import.
11-01-2023 @ 12:46:37 - Row :321 - Parsing item.
11-01-2023 @ 12:46:37 - Row :321 - Processing item.
11-01-2023 @ 12:46:38 - Found order object. ID:9381
11-01-2023 @ 12:46:39 - Row :321 - Order imported successfully.
11-01-2023 @ 12:46:39 - Row :322 - Parsing item.
11-01-2023 @ 12:46:39 - Row :322 - Processing item.
11-01-2023 @ 12:46:40 - Found order object. ID:9382
11-01-2023 @ 12:46:43 - Row :322 - Order imported successfully.
11-01-2023 @ 12:46:44 - Row :323 - Parsing item.
11-01-2023 @ 12:46:44 - Row :323 - Processing item.
11-01-2023 @ 12:46:45 - Found order object. ID:9383
11-01-2023 @ 12:46:47 - Row :323 - Order imported successfully.
11-01-2023 @ 12:46:47 - Row :324 - Parsing item.
11-01-2023 @ 12:46:47 - Row :324 - Processing item.
11-01-2023 @ 12:46:48 - Found order object. ID:9384
11-01-2023 @ 12:46:50 - Row :324 - Order imported successfully.
11-01-2023 @ 12:46:50 - Row :325 - Parsing item.
11-01-2023 @ 12:46:50 - Row :325 - Processing item.
11-01-2023 @ 12:46:50 - Found order object. ID:9385
11-01-2023 @ 12:46:54 - Row :325 - Order imported successfully.
11-01-2023 @ 12:46:54 - Row :326 - Parsing item.
11-01-2023 @ 12:46:54 - Row :326 - Processing item.
11-01-2023 @ 12:46:54 - Found order object. ID:9386
11-01-2023 @ 12:46:57 - Row :326 - Order imported successfully.
11-01-2023 @ 12:46:57 - Row :327 - Parsing item.
11-01-2023 @ 12:46:57 - Row :327 - Processing item.
11-01-2023 @ 12:46:57 - Found order object. ID:9387
11-01-2023 @ 12:46:59 - Row :327 - Order imported successfully.
11-01-2023 @ 12:46:59 - Row :328 - Parsing item.
11-01-2023 @ 12:46:59 - Row :328 - Processing item.
11-01-2023 @ 12:46:59 - Found order object. ID:9388
11-01-2023 @ 12:47:01 - Row :328 - Order imported successfully.
11-01-2023 @ 12:47:01 - Row :329 - Parsing item.
11-01-2023 @ 12:47:01 - Row :329 - Processing item.
11-01-2023 @ 12:47:01 - Found order object. ID:9389
11-01-2023 @ 12:47:02 - Row :329 - Order imported successfully.
11-01-2023 @ 12:47:02 - Row :330 - Parsing item.
11-01-2023 @ 12:47:02 - Row :330 - Processing item.
11-01-2023 @ 12:47:03 - Found order object. ID:9390
11-01-2023 @ 12:47:04 - Row :330 - Order imported successfully.
11-01-2023 @ 12:47:06 - Preparing for import.
11-01-2023 @ 12:47:06 - Row :331 - Parsing item.
11-01-2023 @ 12:47:06 - Row :331 - Processing item.
11-01-2023 @ 12:47:07 - Found order object. ID:9391
11-01-2023 @ 12:47:08 - Row :331 - Order imported successfully.
11-01-2023 @ 12:47:08 - Row :332 - Parsing item.
11-01-2023 @ 12:47:08 - Row :332 - Processing item.
11-01-2023 @ 12:47:09 - Found order object. ID:9392
11-01-2023 @ 12:47:10 - Row :332 - Order imported successfully.
11-01-2023 @ 12:47:10 - Row :333 - Parsing item.
11-01-2023 @ 12:47:10 - Row :333 - Processing item.
11-01-2023 @ 12:47:11 - Found order object. ID:9393
11-01-2023 @ 12:47:12 - Row :333 - Order imported successfully.
11-01-2023 @ 12:47:12 - Row :334 - Parsing item.
11-01-2023 @ 12:47:12 - Row :334 - Processing item.
11-01-2023 @ 12:47:12 - Found order object. ID:9394
11-01-2023 @ 12:47:14 - Row :334 - Order imported successfully.
11-01-2023 @ 12:47:14 - Row :335 - Parsing item.
11-01-2023 @ 12:47:14 - Row :335 - Processing item.
11-01-2023 @ 12:47:14 - Found order object. ID:9395
11-01-2023 @ 12:47:16 - Row :335 - Order imported successfully.
11-01-2023 @ 12:47:16 - Row :336 - Parsing item.
11-01-2023 @ 12:47:16 - Row :336 - Processing item.
11-01-2023 @ 12:47:16 - Found order object. ID:9396
11-01-2023 @ 12:47:17 - Row :336 - Order imported successfully.
11-01-2023 @ 12:47:17 - Row :337 - Parsing item.
11-01-2023 @ 12:47:17 - Row :337 - Processing item.
11-01-2023 @ 12:47:18 - Found order object. ID:9397
11-01-2023 @ 12:47:19 - Row :337 - Order imported successfully.
11-01-2023 @ 12:47:19 - Row :338 - Parsing item.
11-01-2023 @ 12:47:19 - Row :338 - Processing item.
11-01-2023 @ 12:47:20 - Found order object. ID:9398
11-01-2023 @ 12:47:21 - Row :338 - Order imported successfully.
11-01-2023 @ 12:47:21 - Row :339 - Parsing item.
11-01-2023 @ 12:47:21 - Row :339 - Processing item.
11-01-2023 @ 12:47:22 - Found order object. ID:9399
11-01-2023 @ 12:47:23 - Row :339 - Order imported successfully.
11-01-2023 @ 12:47:23 - Row :340 - Parsing item.
11-01-2023 @ 12:47:23 - Row :340 - Processing item.
11-01-2023 @ 12:47:23 - Found order object. ID:9400
11-01-2023 @ 12:47:25 - Row :340 - Order imported successfully.
11-01-2023 @ 12:47:27 - Preparing for import.
11-01-2023 @ 12:47:27 - Row :341 - Parsing item.
11-01-2023 @ 12:47:27 - Row :341 - Processing item.
11-01-2023 @ 12:47:28 - Found order object. ID:9401
11-01-2023 @ 12:47:29 - Row :341 - Order imported successfully.
11-01-2023 @ 12:47:29 - Row :342 - Parsing item.
11-01-2023 @ 12:47:29 - Row :342 - Processing item.
11-01-2023 @ 12:47:30 - Found order object. ID:9402
11-01-2023 @ 12:47:31 - Row :342 - Order imported successfully.
11-01-2023 @ 12:47:31 - Row :343 - Parsing item.
11-01-2023 @ 12:47:31 - Row :343 - Processing item.
11-01-2023 @ 12:47:31 - Found order object. ID:9403
11-01-2023 @ 12:47:33 - Row :343 - Order imported successfully.
11-01-2023 @ 12:47:33 - Row :344 - Parsing item.
11-01-2023 @ 12:47:33 - Row :344 - Processing item.
11-01-2023 @ 12:47:33 - Found order object. ID:9404
11-01-2023 @ 12:47:34 - Row :344 - Order imported successfully.
11-01-2023 @ 12:47:34 - Row :345 - Parsing item.
11-01-2023 @ 12:47:34 - Row :345 - Processing item.
11-01-2023 @ 12:47:35 - Found order object. ID:9405
11-01-2023 @ 12:47:36 - Row :345 - Order imported successfully.
11-01-2023 @ 12:47:36 - Row :346 - Parsing item.
11-01-2023 @ 12:47:36 - Row :346 - Processing item.
11-01-2023 @ 12:47:37 - Found order object. ID:9406
11-01-2023 @ 12:47:38 - Row :346 - Order imported successfully.
11-01-2023 @ 12:47:38 - Row :347 - Parsing item.
11-01-2023 @ 12:47:38 - Row :347 - Processing item.
11-01-2023 @ 12:47:39 - Found order object. ID:9407
11-01-2023 @ 12:47:40 - Row :347 - Order imported successfully.
11-01-2023 @ 12:47:40 - Row :348 - Parsing item.
11-01-2023 @ 12:47:40 - Row :348 - Processing item.
11-01-2023 @ 12:47:40 - Found order object. ID:9408
11-01-2023 @ 12:47:42 - Row :348 - Order imported successfully.
11-01-2023 @ 12:47:42 - Row :349 - Parsing item.
11-01-2023 @ 12:47:42 - Row :349 - Processing item.
11-01-2023 @ 12:47:42 - Found order object. ID:9409
11-01-2023 @ 12:47:44 - Row :349 - Order imported successfully.
11-01-2023 @ 12:47:44 - Row :350 - Parsing item.
11-01-2023 @ 12:47:44 - Row :350 - Processing item.
11-01-2023 @ 12:47:44 - Found order object. ID:9410
11-01-2023 @ 12:47:45 - Row :350 - Order imported successfully.
11-01-2023 @ 12:47:48 - Preparing for import.
11-01-2023 @ 12:47:48 - Row :351 - Parsing item.
11-01-2023 @ 12:47:48 - Row :351 - Processing item.
11-01-2023 @ 12:47:48 - Found order object. ID:9411
11-01-2023 @ 12:47:49 - Row :351 - Order imported successfully.
11-01-2023 @ 12:47:49 - Row :352 - Parsing item.
11-01-2023 @ 12:47:49 - Row :352 - Processing item.
11-01-2023 @ 12:47:50 - Found order object. ID:9412
11-01-2023 @ 12:47:51 - Row :352 - Order imported successfully.
11-01-2023 @ 12:47:51 - Row :353 - Parsing item.
11-01-2023 @ 12:47:51 - Row :353 - Processing item.
11-01-2023 @ 12:47:52 - Found order object. ID:9413
11-01-2023 @ 12:47:53 - Row :353 - Order imported successfully.
11-01-2023 @ 12:47:53 - Row :354 - Parsing item.
11-01-2023 @ 12:47:53 - Row :354 - Processing item.
11-01-2023 @ 12:47:53 - Found order object. ID:9414
11-01-2023 @ 12:47:55 - Row :354 - Order imported successfully.
11-01-2023 @ 12:47:55 - Row :355 - Parsing item.
11-01-2023 @ 12:47:55 - Row :355 - Processing item.
11-01-2023 @ 12:47:55 - Found order object. ID:9415
11-01-2023 @ 12:47:56 - Row :355 - Order imported successfully.
11-01-2023 @ 12:47:56 - Row :356 - Parsing item.
11-01-2023 @ 12:47:56 - Row :356 - Processing item.
11-01-2023 @ 12:47:57 - Found order object. ID:9416
11-01-2023 @ 12:47:58 - Row :356 - Order imported successfully.
11-01-2023 @ 12:47:58 - Row :357 - Parsing item.
11-01-2023 @ 12:47:58 - Row :357 - Processing item.
11-01-2023 @ 12:47:59 - Found order object. ID:9417
11-01-2023 @ 12:48:00 - Row :357 - Order imported successfully.
11-01-2023 @ 12:48:00 - Row :358 - Parsing item.
11-01-2023 @ 12:48:00 - Row :358 - Processing item.
11-01-2023 @ 12:48:00 - Found order object. ID:9418
11-01-2023 @ 12:48:01 - Row :358 - Order imported successfully.
11-01-2023 @ 12:48:01 - Row :359 - Parsing item.
11-01-2023 @ 12:48:01 - Row :359 - Processing item.
11-01-2023 @ 12:48:02 - Found order object. ID:9419
11-01-2023 @ 12:48:03 - Row :359 - Order imported successfully.
11-01-2023 @ 12:48:03 - Row :360 - Parsing item.
11-01-2023 @ 12:48:03 - Row :360 - Processing item.
11-01-2023 @ 12:48:04 - Found order object. ID:9420
11-01-2023 @ 12:48:05 - Row :360 - Order imported successfully.
11-01-2023 @ 12:48:07 - Preparing for import.
11-01-2023 @ 12:48:07 - Row :361 - Parsing item.
11-01-2023 @ 12:48:07 - Row :361 - Processing item.
11-01-2023 @ 12:48:07 - Found order object. ID:9421
11-01-2023 @ 12:48:09 - Row :361 - Order imported successfully.
11-01-2023 @ 12:48:09 - Row :362 - Parsing item.
11-01-2023 @ 12:48:09 - Row :362 - Processing item.
11-01-2023 @ 12:48:09 - Found order object. ID:9422
11-01-2023 @ 12:48:10 - Row :362 - Order imported successfully.
11-01-2023 @ 12:48:10 - Row :363 - Parsing item.
11-01-2023 @ 12:48:10 - Row :363 - Processing item.
11-01-2023 @ 12:48:11 - Found order object. ID:9423
11-01-2023 @ 12:48:12 - Row :363 - Order imported successfully.
11-01-2023 @ 12:48:12 - Row :364 - Parsing item.
11-01-2023 @ 12:48:12 - Row :364 - Processing item.
11-01-2023 @ 12:48:13 - Found order object. ID:9424
11-01-2023 @ 12:48:14 - Row :364 - Order imported successfully.
11-01-2023 @ 12:48:14 - Row :365 - Parsing item.
11-01-2023 @ 12:48:14 - Row :365 - Processing item.
11-01-2023 @ 12:48:15 - Found order object. ID:9425
11-01-2023 @ 12:48:16 - Row :365 - Order imported successfully.
11-01-2023 @ 12:48:16 - Row :366 - Parsing item.
11-01-2023 @ 12:48:16 - Row :366 - Processing item.
11-01-2023 @ 12:48:17 - Found order object. ID:9426
11-01-2023 @ 12:48:18 - Row :366 - Order imported successfully.
11-01-2023 @ 12:48:18 - Row :367 - Parsing item.
11-01-2023 @ 12:48:18 - Row :367 - Processing item.
11-01-2023 @ 12:48:19 - Found order object. ID:9427
11-01-2023 @ 12:48:20 - Row :367 - Order imported successfully.
11-01-2023 @ 12:48:20 - Row :368 - Parsing item.
11-01-2023 @ 12:48:20 - Row :368 - Processing item.
11-01-2023 @ 12:48:20 - Found order object. ID:9428
11-01-2023 @ 12:48:22 - Row :368 - Order imported successfully.
11-01-2023 @ 12:48:22 - Row :369 - Parsing item.
11-01-2023 @ 12:48:22 - Row :369 - Processing item.
11-01-2023 @ 12:48:22 - Found order object. ID:9429
11-01-2023 @ 12:48:23 - Row :369 - Order imported successfully.
11-01-2023 @ 12:48:23 - Row :370 - Parsing item.
11-01-2023 @ 12:48:23 - Row :370 - Processing item.
11-01-2023 @ 12:48:24 - Found order object. ID:9430
11-01-2023 @ 12:48:25 - Row :370 - Order imported successfully.
11-01-2023 @ 12:48:29 - Preparing for import.
11-01-2023 @ 12:48:29 - Row :371 - Parsing item.
11-01-2023 @ 12:48:29 - Row :371 - Processing item.
11-01-2023 @ 12:48:30 - Found order object. ID:9431
11-01-2023 @ 12:48:31 - Row :371 - Order imported successfully.
11-01-2023 @ 12:48:31 - Row :372 - Parsing item.
11-01-2023 @ 12:48:31 - Row :372 - Processing item.
11-01-2023 @ 12:48:31 - Found order object. ID:9432
11-01-2023 @ 12:48:33 - Row :372 - Order imported successfully.
11-01-2023 @ 12:48:33 - Row :373 - Parsing item.
11-01-2023 @ 12:48:33 - Row :373 - Processing item.
11-01-2023 @ 12:48:33 - Found order object. ID:9433
11-01-2023 @ 12:48:34 - Row :373 - Order imported successfully.
11-01-2023 @ 12:48:34 - Row :374 - Parsing item.
11-01-2023 @ 12:48:34 - Row :374 - Processing item.
11-01-2023 @ 12:48:35 - Found order object. ID:9434
11-01-2023 @ 12:48:36 - Row :374 - Order imported successfully.
11-01-2023 @ 12:48:36 - Row :375 - Parsing item.
11-01-2023 @ 12:48:36 - Row :375 - Processing item.
11-01-2023 @ 12:48:37 - Found order object. ID:9435
11-01-2023 @ 12:48:38 - Row :375 - Order imported successfully.
11-01-2023 @ 12:48:38 - Row :376 - Parsing item.
11-01-2023 @ 12:48:38 - Row :376 - Processing item.
11-01-2023 @ 12:48:38 - Found order object. ID:9436
11-01-2023 @ 12:48:40 - Row :376 - Order imported successfully.
11-01-2023 @ 12:48:40 - Row :377 - Parsing item.
11-01-2023 @ 12:48:40 - Row :377 - Processing item.
11-01-2023 @ 12:48:40 - Found order object. ID:9437
11-01-2023 @ 12:48:41 - Row :377 - Order imported successfully.
11-01-2023 @ 12:48:41 - Row :378 - Parsing item.
11-01-2023 @ 12:48:42 - Row :378 - Processing item.
11-01-2023 @ 12:48:42 - Found order object. ID:9438
11-01-2023 @ 12:48:43 - Row :378 - Order imported successfully.
11-01-2023 @ 12:48:43 - Row :379 - Parsing item.
11-01-2023 @ 12:48:43 - Row :379 - Processing item.
11-01-2023 @ 12:48:44 - Found order object. ID:9439
11-01-2023 @ 12:48:45 - Row :379 - Order imported successfully.
11-01-2023 @ 12:48:45 - Row :380 - Parsing item.
11-01-2023 @ 12:48:45 - Row :380 - Processing item.
11-01-2023 @ 12:48:46 - Found order object. ID:9440
11-01-2023 @ 12:48:47 - Row :380 - Order imported successfully.
11-01-2023 @ 12:48:49 - Preparing for import.
11-01-2023 @ 12:48:49 - Row :381 - Parsing item.
11-01-2023 @ 12:48:49 - Row :381 - Processing item.
11-01-2023 @ 12:48:50 - Found order object. ID:9441
11-01-2023 @ 12:48:51 - Row :381 - Order imported successfully.
11-01-2023 @ 12:48:51 - Row :382 - Parsing item.
11-01-2023 @ 12:48:51 - Row :382 - Processing item.
11-01-2023 @ 12:48:52 - Found order object. ID:9442
11-01-2023 @ 12:48:53 - Row :382 - Order imported successfully.
11-01-2023 @ 12:48:53 - Row :383 - Parsing item.
11-01-2023 @ 12:48:53 - Row :383 - Processing item.
11-01-2023 @ 12:48:53 - Found order object. ID:9443
11-01-2023 @ 12:48:55 - Row :383 - Order imported successfully.
11-01-2023 @ 12:48:55 - Row :384 - Parsing item.
11-01-2023 @ 12:48:55 - Row :384 - Processing item.
11-01-2023 @ 12:48:55 - Found order object. ID:9444
11-01-2023 @ 12:48:57 - Row :384 - Order imported successfully.
11-01-2023 @ 12:48:57 - Row :385 - Parsing item.
11-01-2023 @ 12:48:57 - Row :385 - Processing item.
11-01-2023 @ 12:48:57 - Found order object. ID:9445
11-01-2023 @ 12:48:58 - Row :385 - Order imported successfully.
11-01-2023 @ 12:48:58 - Row :386 - Parsing item.
11-01-2023 @ 12:48:58 - Row :386 - Processing item.
11-01-2023 @ 12:48:59 - Found order object. ID:9446
11-01-2023 @ 12:49:00 - Row :386 - Order imported successfully.
11-01-2023 @ 12:49:00 - Row :387 - Parsing item.
11-01-2023 @ 12:49:00 - Row :387 - Processing item.
11-01-2023 @ 12:49:01 - Found order object. ID:9447
11-01-2023 @ 12:49:02 - Row :387 - Order imported successfully.
11-01-2023 @ 12:49:02 - Row :388 - Parsing item.
11-01-2023 @ 12:49:02 - Row :388 - Processing item.
11-01-2023 @ 12:49:03 - Found order object. ID:9448
11-01-2023 @ 12:49:04 - Row :388 - Order imported successfully.
11-01-2023 @ 12:49:04 - Row :389 - Parsing item.
11-01-2023 @ 12:49:04 - Row :389 - Processing item.
11-01-2023 @ 12:49:04 - Found order object. ID:9449
11-01-2023 @ 12:49:06 - Row :389 - Order imported successfully.
11-01-2023 @ 12:49:06 - Row :390 - Parsing item.
11-01-2023 @ 12:49:06 - Row :390 - Processing item.
11-01-2023 @ 12:49:06 - Found order object. ID:9450
11-01-2023 @ 12:49:07 - Row :390 - Order imported successfully.
11-01-2023 @ 12:49:10 - Preparing for import.
11-01-2023 @ 12:49:10 - Row :391 - Parsing item.
11-01-2023 @ 12:49:10 - Row :391 - Processing item.
11-01-2023 @ 12:49:11 - Found order object. ID:9451
11-01-2023 @ 12:49:12 - Row :391 - Order imported successfully.
11-01-2023 @ 12:49:12 - Row :392 - Parsing item.
11-01-2023 @ 12:49:12 - Row :392 - Processing item.
11-01-2023 @ 12:49:12 - Found order object. ID:9452
11-01-2023 @ 12:49:13 - Row :392 - Order imported successfully.
11-01-2023 @ 12:49:13 - Row :393 - Parsing item.
11-01-2023 @ 12:49:14 - Row :393 - Processing item.
11-01-2023 @ 12:49:14 - Found order object. ID:9453
11-01-2023 @ 12:49:15 - Row :393 - Order imported successfully.
11-01-2023 @ 12:49:15 - Row :394 - Parsing item.
11-01-2023 @ 12:49:15 - Row :394 - Processing item.
11-01-2023 @ 12:49:16 - Found order object. ID:9454
11-01-2023 @ 12:49:17 - Row :394 - Order imported successfully.
11-01-2023 @ 12:49:17 - Row :395 - Parsing item.
11-01-2023 @ 12:49:17 - Row :395 - Processing item.
11-01-2023 @ 12:49:18 - Found order object. ID:9455
11-01-2023 @ 12:49:19 - Row :395 - Order imported successfully.
11-01-2023 @ 12:49:19 - Row :396 - Parsing item.
11-01-2023 @ 12:49:19 - Row :396 - Processing item.
11-01-2023 @ 12:49:20 - Found order object. ID:9456
11-01-2023 @ 12:49:21 - Row :396 - Order imported successfully.
11-01-2023 @ 12:49:21 - Row :397 - Parsing item.
11-01-2023 @ 12:49:21 - Row :397 - Processing item.
11-01-2023 @ 12:49:22 - Found order object. ID:9457
11-01-2023 @ 12:49:23 - Row :397 - Order imported successfully.
11-01-2023 @ 12:49:23 - Row :398 - Parsing item.
11-01-2023 @ 12:49:23 - Row :398 - Processing item.
11-01-2023 @ 12:49:24 - Found order object. ID:9458
11-01-2023 @ 12:49:25 - Row :398 - Order imported successfully.
11-01-2023 @ 12:49:25 - Row :399 - Parsing item.
11-01-2023 @ 12:49:25 - Row :399 - Processing item.
11-01-2023 @ 12:49:26 - Found order object. ID:9459
11-01-2023 @ 12:49:28 - Row :399 - Order imported successfully.
11-01-2023 @ 12:49:28 - Row :400 - Parsing item.
11-01-2023 @ 12:49:28 - Row :400 - Processing item.
11-01-2023 @ 12:49:28 - Found order object. ID:9460
11-01-2023 @ 12:49:29 - Row :400 - Order imported successfully.
